#
# A fatal error has been detected by the Java Runtime Environment:
#
#  EXCEPTION_ACCESS_VIOLATION (0xc0000005) at pc=0x000001a90000004e, pid=10052, tid=16040
#
# JRE version: OpenJDK Runtime Environment (11.0.13) (build 11.0.13+0-b1751.21-8125866)
# Java VM: OpenJDK 64-Bit Server VM (11.0.13+0-b1751.21-8125866, mixed mode, tiered, compressed oops, g1 gc, windows-amd64)
# Problematic frame:
# C  0x000001a90000004e
#
# No core dump will be written. Minidumps are not enabled by default on client versions of Windows
#
# If you would like to submit a bug report, please visit:
#   https://bugreport.java.com/bugreport/crash.jsp
#

---------------  S U M M A R Y ------------

Command Line: --add-opens=java.base/java.util=ALL-UNNAMED --add-opens=java.base/java.lang=ALL-UNNAMED --add-opens=java.base/java.lang.invoke=ALL-UNNAMED --add-opens=java.base/java.util=ALL-UNNAMED --add-opens=java.prefs/java.util.prefs=ALL-UNNAMED --add-opens=java.prefs/java.util.prefs=ALL-UNNAMED --add-opens=java.base/java.nio.charset=ALL-UNNAMED --add-opens=java.base/java.net=ALL-UNNAMED --add-opens=java.base/java.util.concurrent.atomic=ALL-UNNAMED -Xmx2048m -Dfile.encoding=UTF-8 -Duser.country=US -Duser.language=en -Duser.variant org.gradle.launcher.daemon.bootstrap.GradleDaemon 7.4

Host: Intel(R) Core(TM) i5-5200U CPU @ 2.20GHz, 4 cores, 11G,  Windows 10 , 64 bit Build 19041 (10.0.19041.3031)
Time: Sat Jul 22 17:36:59 2023 SE Asia Standard Time elapsed time: 120.114812 seconds (0d 0h 2m 0s)

---------------  T H R E A D  ---------------

Current thread (0x00000274ec17e800):  GCTaskThread "GC Thread#2" [stack: 0x000000bbd6f00000,0x000000bbd7000000] [id=16040]

Stack: [0x000000bbd6f00000,0x000000bbd7000000],  sp=0x000000bbd6fff058,  free space=1020k
Native frames: (J=compiled Java code, j=interpreted, Vv=VM code, C=native code)
C  0x000001a90000004e


siginfo: EXCEPTION_ACCESS_VIOLATION (0xc0000005), data execution prevention violation at address 0x000001a90000004e


Register to memory mapping:

RIP=0x000001a90000004e is an unknown value
RAX=0x0000000000000274 is an unknown value
RBX=
[error occurred during error reporting (printing register info), id 0xc0000005, EXCEPTION_ACCESS_VIOLATION (0xc0000005) at pc=0x00007ffe37232346]

Registers:
RAX=0x0000000000000274, RBX=0x000000008ae18301, RCX=0x00000274f190e710, RDX=0x000000008ae183d8
RSP=0x000000bbd6fff058, RBP=0x0000000000000015, RSI=0x00000274f190e5a0, RDI=0x000000008ae183d8
R8 =0x00000001002b8bf0, R9 =0x00007ffe37a634d0, R10=0x000000008a51b570, R11=0x000000008ae183d8
R12=0x000000000000001c, R13=0x0000000000000000, R14=0x0000000000000002, R15=0x000000008a51b570
RIP=0x000001a90000004e, EFLAGS=0x0000000000010206

Top of Stack: (sp=0x000000bbd6fff058)
0x000000bbd6fff058:   00007ffe373aa6c8 000000008ae18301
0x000000bbd6fff068:   00000274f190e5a0 00000274f190e5a0
0x000000bbd6fff078:   000000008affe9a9 00000274cf23c380
0x000000bbd6fff088:   0000000080f7ed10 000000018affea34
0x000000bbd6fff098:   000000000000001d 0000000000000001
0x000000bbd6fff0a8:   00000274f190e5a0 0000000000000040
0x000000bbd6fff0b8:   00000274cf23c400 0000000000000000
0x000000bbd6fff0c8:   00000274f190e5a0 000000bbd6fff301
0x000000bbd6fff0d8:   00007ffe3737be62 00000274f190e5a0
0x000000bbd6fff0e8:   00007ffe3737ed01 00000000000000fa
0x000000bbd6fff0f8:   000000008ae18398 00000274cf23c380
0x000000bbd6fff108:   00007ffe373a889b 0000000000000a01
0x000000bbd6fff118:   0000000000000a00 000000bbd6fff301
0x000000bbd6fff128:   00007ffe373b7666 0000000082a91aa8
0x000000bbd6fff138:   0000000082a91a00 0000000000000000
0x000000bbd6fff148:   00007ffe376a9e9f 000000bbd6fff1f0 

Instructions: (pc=0x000001a90000004e)
0x000001a8ffffff4e:   ?? ?? ?? ?? ?? ?? ?? ?? ?? ?? ?? ?? ?? ?? ?? ??
0x000001a8ffffff5e:   ?? ?? ?? ?? ?? ?? ?? ?? ?? ?? ?? ?? ?? ?? ?? ??
0x000001a8ffffff6e:   ?? ?? ?? ?? ?? ?? ?? ?? ?? ?? ?? ?? ?? ?? ?? ??
0x000001a8ffffff7e:   ?? ?? ?? ?? ?? ?? ?? ?? ?? ?? ?? ?? ?? ?? ?? ??
0x000001a8ffffff8e:   ?? ?? ?? ?? ?? ?? ?? ?? ?? ?? ?? ?? ?? ?? ?? ??
0x000001a8ffffff9e:   ?? ?? ?? ?? ?? ?? ?? ?? ?? ?? ?? ?? ?? ?? ?? ??
0x000001a8ffffffae:   ?? ?? ?? ?? ?? ?? ?? ?? ?? ?? ?? ?? ?? ?? ?? ??
0x000001a8ffffffbe:   ?? ?? ?? ?? ?? ?? ?? ?? ?? ?? ?? ?? ?? ?? ?? ??
0x000001a8ffffffce:   ?? ?? ?? ?? ?? ?? ?? ?? ?? ?? ?? ?? ?? ?? ?? ??
0x000001a8ffffffde:   ?? ?? ?? ?? ?? ?? ?? ?? ?? ?? ?? ?? ?? ?? ?? ??
0x000001a8ffffffee:   ?? ?? ?? ?? ?? ?? ?? ?? ?? ?? ?? ?? ?? ?? ?? ??
0x000001a8fffffffe:   ?? ?? ?? ?? ?? ?? ?? ?? ?? ?? ?? ?? ?? ?? ?? ??
0x000001a90000000e:   ?? ?? ?? ?? ?? ?? ?? ?? ?? ?? ?? ?? ?? ?? ?? ??
0x000001a90000001e:   ?? ?? ?? ?? ?? ?? ?? ?? ?? ?? ?? ?? ?? ?? ?? ??
0x000001a90000002e:   ?? ?? ?? ?? ?? ?? ?? ?? ?? ?? ?? ?? ?? ?? ?? ??
0x000001a90000003e:   ?? ?? ?? ?? ?? ?? ?? ?? ?? ?? ?? ?? ?? ?? ?? ??
0x000001a90000004e:   ?? ?? ?? ?? ?? ?? ?? ?? ?? ?? ?? ?? ?? ?? ?? ??
0x000001a90000005e:   ?? ?? ?? ?? ?? ?? ?? ?? ?? ?? ?? ?? ?? ?? ?? ??
0x000001a90000006e:   ?? ?? ?? ?? ?? ?? ?? ?? ?? ?? ?? ?? ?? ?? ?? ??
0x000001a90000007e:   ?? ?? ?? ?? ?? ?? ?? ?? ?? ?? ?? ?? ?? ?? ?? ??
0x000001a90000008e:   ?? ?? ?? ?? ?? ?? ?? ?? ?? ?? ?? ?? ?? ?? ?? ??
0x000001a90000009e:   ?? ?? ?? ?? ?? ?? ?? ?? ?? ?? ?? ?? ?? ?? ?? ??
0x000001a9000000ae:   ?? ?? ?? ?? ?? ?? ?? ?? ?? ?? ?? ?? ?? ?? ?? ??
0x000001a9000000be:   ?? ?? ?? ?? ?? ?? ?? ?? ?? ?? ?? ?? ?? ?? ?? ??
0x000001a9000000ce:   ?? ?? ?? ?? ?? ?? ?? ?? ?? ?? ?? ?? ?? ?? ?? ??
0x000001a9000000de:   ?? ?? ?? ?? ?? ?? ?? ?? ?? ?? ?? ?? ?? ?? ?? ??
0x000001a9000000ee:   ?? ?? ?? ?? ?? ?? ?? ?? ?? ?? ?? ?? ?? ?? ?? ??
0x000001a9000000fe:   ?? ?? ?? ?? ?? ?? ?? ?? ?? ?? ?? ?? ?? ?? ?? ??
0x000001a90000010e:   ?? ?? ?? ?? ?? ?? ?? ?? ?? ?? ?? ?? ?? ?? ?? ??
0x000001a90000011e:   ?? ?? ?? ?? ?? ?? ?? ?? ?? ?? ?? ?? ?? ?? ?? ??
0x000001a90000012e:   ?? ?? ?? ?? ?? ?? ?? ?? ?? ?? ?? ?? ?? ?? ?? ??
0x000001a90000013e:   ?? ?? ?? ?? ?? ?? ?? ?? ?? ?? ?? ?? ?? ?? ?? ?? 


Stack slot to memory mapping:
stack at sp + 0 slots: 0x00007ffe373aa6c8 jvm.dll
stack at sp + 1 slots: 
[error occurred during error reporting (inspecting top of stack), id 0xc0000005, EXCEPTION_ACCESS_VIOLATION (0xc0000005) at pc=0x00007ffe37232346]


---------------  P R O C E S S  ---------------

Threads class SMR info:
_java_thread_list=0x00000274f34dcd20, length=91, elements={
0x00000274cf227000, 0x00000274ead87000, 0x00000274ead8b000, 0x00000274eb5d6800,
0x00000274eb5d9800, 0x00000274eb5db800, 0x00000274eb5de800, 0x00000274eb5ef000,
0x00000274eb603000, 0x00000274eb74c000, 0x00000274ecd0a000, 0x00000274ed258000,
0x00000274ed86d800, 0x00000274ecde4800, 0x00000274eccfd000, 0x00000274ece35800,
0x00000274ee472800, 0x00000274ee9d8800, 0x00000274ecd7a800, 0x00000274ee9cd800,
0x00000274ee9ce800, 0x00000274ee9cf000, 0x00000274ee9d0000, 0x00000274ee9cc800,
0x00000274ee9ca000, 0x00000274ee9cc000, 0x00000274ee9d0800, 0x00000274ee9cb000,
0x00000274eebf2800, 0x00000274eebf3000, 0x00000274eebf4800, 0x00000274eebf0800,
0x00000274eebf6800, 0x00000274eebf7000, 0x00000274eebf1800, 0x00000274eebf8000,
0x00000274eebf9000, 0x00000274eebf4000, 0x00000274eebfb000, 0x00000274eebfa800,
0x00000274eebfd800, 0x00000274eebf9800, 0x00000274eebfc000, 0x00000274eebfd000,
0x00000274f0be7800, 0x00000274f0be4000, 0x00000274f0be5000, 0x00000274f0be2800,
0x00000274f0be6800, 0x00000274f0be6000, 0x00000274f0be3800, 0x00000274f0be1800,
0x00000274f0bea000, 0x00000274f0beb800, 0x00000274f0bec800, 0x00000274f0bed000,
0x00000274f0bee000, 0x00000274f0be9000, 0x00000274f0be8000, 0x00000274f0bef000,
0x00000274f0bef800, 0x00000274f0bf0800, 0x00000274f0bea800, 0x00000274f0d37000,
0x00000274f0d3a800, 0x00000274f0d3b000, 0x00000274f0d3c000, 0x00000274f0d38000,
0x00000274f0d38800, 0x00000274f0d39800, 0x00000274f0d36000, 0x00000274f0d40000,
0x00000274f0d3e800, 0x00000274f0d41800, 0x00000274f0d42800, 0x00000274f0d3f000,
0x00000274f0d41000, 0x00000274f0d3d000, 0x00000274f0d43800, 0x00000274f0d44000,
0x00000274f0d45000, 0x00000274edd1c000, 0x00000274edd20800, 0x00000274edd1b000,
0x00000274edd20000, 0x00000274edd21800, 0x00000274edd22800, 0x00000274edd1c800,
0x00000274edd23000, 0x00000274f2748000, 0x00000274edd24000
}

Java Threads: ( => current thread )
  0x00000274cf227000 JavaThread "main" [_thread_blocked, id=15632, stack(0x000000bbd5c00000,0x000000bbd5d00000)]
  0x00000274ead87000 JavaThread "Reference Handler" daemon [_thread_blocked, id=12604, stack(0x000000bbd6300000,0x000000bbd6400000)]
  0x00000274ead8b000 JavaThread "Finalizer" daemon [_thread_blocked, id=1496, stack(0x000000bbd6400000,0x000000bbd6500000)]
  0x00000274eb5d6800 JavaThread "Signal Dispatcher" daemon [_thread_blocked, id=9896, stack(0x000000bbd6500000,0x000000bbd6600000)]
  0x00000274eb5d9800 JavaThread "Attach Listener" daemon [_thread_blocked, id=10116, stack(0x000000bbd6600000,0x000000bbd6700000)]
  0x00000274eb5db800 JavaThread "Service Thread" daemon [_thread_blocked, id=2832, stack(0x000000bbd6700000,0x000000bbd6800000)]
  0x00000274eb5de800 JavaThread "C2 CompilerThread0" daemon [_thread_blocked, id=3552, stack(0x000000bbd6800000,0x000000bbd6900000)]
  0x00000274eb5ef000 JavaThread "C1 CompilerThread0" daemon [_thread_blocked, id=10396, stack(0x000000bbd6900000,0x000000bbd6a00000)]
  0x00000274eb603000 JavaThread "Sweeper thread" daemon [_thread_blocked, id=8276, stack(0x000000bbd6a00000,0x000000bbd6b00000)]
  0x00000274eb74c000 JavaThread "Common-Cleaner" daemon [_thread_blocked, id=15852, stack(0x000000bbd6b00000,0x000000bbd6c00000)]
  0x00000274ecd0a000 JavaThread "Daemon health stats" [_thread_blocked, id=5368, stack(0x000000bbd7100000,0x000000bbd7200000)]
  0x00000274ed258000 JavaThread "Incoming local TCP Connector on port 61948" [_thread_in_native, id=9480, stack(0x000000bbd6d00000,0x000000bbd6e00000)]
  0x00000274ed86d800 JavaThread "Daemon periodic checks" [_thread_blocked, id=13976, stack(0x000000bbd7200000,0x000000bbd7300000)]
  0x00000274ecde4800 JavaThread "Daemon" [_thread_blocked, id=14244, stack(0x000000bbd7300000,0x000000bbd7400000)]
  0x00000274eccfd000 JavaThread "Handler for socket connection from /127.0.0.1:61948 to /127.0.0.1:61949" [_thread_in_native, id=7324, stack(0x000000bbd7400000,0x000000bbd7500000)]
  0x00000274ece35800 JavaThread "Cancel handler" [_thread_blocked, id=11248, stack(0x000000bbd7500000,0x000000bbd7600000)]
  0x00000274ee472800 JavaThread "Daemon worker" [_thread_blocked, id=4520, stack(0x000000bbd7600000,0x000000bbd7700000)]
  0x00000274ee9d8800 JavaThread "Asynchronous log dispatcher for DefaultDaemonConnection: socket connection from /127.0.0.1:61948 to /127.0.0.1:61949" [_thread_blocked, id=4408, stack(0x000000bbd7700000,0x000000bbd7800000)]
  0x00000274ecd7a800 JavaThread "Daemon client event forwarder" [_thread_blocked, id=4600, stack(0x000000bbd7900000,0x000000bbd7a00000)]
  0x00000274ee9cd800 JavaThread "Cache worker for journal cache (C:\Users\Royyan\.gradle\caches\journal-1)" [_thread_blocked, id=16068, stack(0x000000bbd7a00000,0x000000bbd7b00000)]
  0x00000274ee9ce800 JavaThread "File lock request listener" [_thread_in_native, id=20796, stack(0x000000bbd7b00000,0x000000bbd7c00000)]
  0x00000274ee9cf000 JavaThread "Cache worker for file hash cache (C:\Users\Royyan\.gradle\caches\7.4\fileHashes)" [_thread_blocked, id=20188, stack(0x000000bbd7c00000,0x000000bbd7d00000)]
  0x00000274ee9d0000 JavaThread "File watcher server" daemon [_thread_blocked, id=9688, stack(0x000000bbd7e00000,0x000000bbd7f00000)]
  0x00000274ee9cc800 JavaThread "File watcher consumer" daemon [_thread_blocked, id=8692, stack(0x000000bbd7f00000,0x000000bbd8000000)]
  0x00000274ee9ca000 JavaThread "Cache worker for checksums cache (C:\Users\Royyan\AndroidStudioProjects\ArifCahyono\.gradle\7.4\checksums)" [_thread_blocked, id=8644, stack(0x000000bbd7d00000,0x000000bbd7e00000)]
  0x00000274ee9cc000 JavaThread "Cache worker for cache directory md-rule (C:\Users\Royyan\.gradle\caches\7.4\md-rule)" [_thread_blocked, id=11512, stack(0x000000bbd8000000,0x000000bbd8100000)]
  0x00000274ee9d0800 JavaThread "Cache worker for file hash cache (C:\Users\Royyan\AndroidStudioProjects\ArifCahyono\.gradle\7.4\fileHashes)" [_thread_blocked, id=21544, stack(0x000000bbd8100000,0x000000bbd8200000)]
  0x00000274ee9cb000 JavaThread "Cache worker for cache directory md-supplier (C:\Users\Royyan\.gradle\caches\7.4\md-supplier)" [_thread_blocked, id=1332, stack(0x000000bbd8200000,0x000000bbd8300000)]
  0x00000274eebf2800 JavaThread "Cache worker for execution history cache (C:\Users\Royyan\.gradle\caches\7.4\executionHistory)" [_thread_blocked, id=17444, stack(0x000000bbd8400000,0x000000bbd8500000)]
  0x00000274eebf3000 JavaThread "jar transforms" [_thread_blocked, id=16180, stack(0x000000bbd8300000,0x000000bbd8400000)]
  0x00000274eebf4800 JavaThread "Cache worker for file content cache (C:\Users\Royyan\.gradle\caches\7.4\fileContent)" [_thread_blocked, id=21908, stack(0x000000bbd8600000,0x000000bbd8700000)]
  0x00000274eebf0800 JavaThread "jar transforms Thread 2" [_thread_blocked, id=3284, stack(0x000000bbd8500000,0x000000bbd8600000)]
  0x00000274eebf6800 JavaThread "Cache worker for dependencies-accessors (C:\Users\Royyan\AndroidStudioProjects\ArifCahyono\.gradle\7.4\dependencies-accessors)" [_thread_blocked, id=11416, stack(0x000000bbd8700000,0x000000bbd8800000)]
  0x00000274eebf7000 JavaThread "jar transforms Thread 3" [_thread_blocked, id=13900, stack(0x000000bbd8800000,0x000000bbd8900000)]
  0x00000274eebf1800 JavaThread "Cache worker for Build Output Cleanup Cache (C:\Users\Royyan\AndroidStudioProjects\ArifCahyono\.gradle\buildOutputCleanup)" [_thread_blocked, id=9272, stack(0x000000bbd8900000,0x000000bbd8a00000)]
  0x00000274eebf8000 JavaThread "Unconstrained build operations" [_thread_blocked, id=12760, stack(0x000000bbd8a00000,0x000000bbd8b00000)]
  0x00000274eebf9000 JavaThread "Unconstrained build operations Thread 2" [_thread_blocked, id=18536, stack(0x000000bbd8b00000,0x000000bbd8c00000)]
  0x00000274eebf4000 JavaThread "Unconstrained build operations Thread 3" [_thread_blocked, id=14224, stack(0x000000bbd8c00000,0x000000bbd8d00000)]
  0x00000274eebfb000 JavaThread "Unconstrained build operations Thread 4" [_thread_blocked, id=17988, stack(0x000000bbd8d00000,0x000000bbd8e00000)]
  0x00000274eebfa800 JavaThread "Unconstrained build operations Thread 5" [_thread_blocked, id=13820, stack(0x000000bbd8e00000,0x000000bbd8f00000)]
  0x00000274eebfd800 JavaThread "Unconstrained build operations Thread 6" [_thread_blocked, id=10728, stack(0x000000bbd8f00000,0x000000bbd9000000)]
  0x00000274eebf9800 JavaThread "Unconstrained build operations Thread 7" [_thread_blocked, id=224, stack(0x000000bbd9000000,0x000000bbd9100000)]
  0x00000274eebfc000 JavaThread "Unconstrained build operations Thread 8" [_thread_blocked, id=21252, stack(0x000000bbd9100000,0x000000bbd9200000)]
  0x00000274eebfd000 JavaThread "Unconstrained build operations Thread 9" [_thread_blocked, id=20600, stack(0x000000bbd9200000,0x000000bbd9300000)]
  0x00000274f0be7800 JavaThread "Unconstrained build operations Thread 10" [_thread_blocked, id=7304, stack(0x000000bbd9300000,0x000000bbd9400000)]
  0x00000274f0be4000 JavaThread "Unconstrained build operations Thread 11" [_thread_blocked, id=21844, stack(0x000000bbd9400000,0x000000bbd9500000)]
  0x00000274f0be5000 JavaThread "Unconstrained build operations Thread 12" [_thread_blocked, id=15936, stack(0x000000bbd9500000,0x000000bbd9600000)]
  0x00000274f0be2800 JavaThread "Unconstrained build operations Thread 13" [_thread_blocked, id=12128, stack(0x000000bbd9600000,0x000000bbd9700000)]
  0x00000274f0be6800 JavaThread "Unconstrained build operations Thread 14" [_thread_blocked, id=5204, stack(0x000000bbd9700000,0x000000bbd9800000)]
  0x00000274f0be6000 JavaThread "Unconstrained build operations Thread 15" [_thread_blocked, id=19152, stack(0x000000bbd9800000,0x000000bbd9900000)]
  0x00000274f0be3800 JavaThread "Unconstrained build operations Thread 16" [_thread_blocked, id=380, stack(0x000000bbd9900000,0x000000bbd9a00000)]
  0x00000274f0be1800 JavaThread "Unconstrained build operations Thread 17" [_thread_blocked, id=21872, stack(0x000000bbd9a00000,0x000000bbd9b00000)]
  0x00000274f0bea000 JavaThread "Unconstrained build operations Thread 18" [_thread_blocked, id=8072, stack(0x000000bbd9b00000,0x000000bbd9c00000)]
  0x00000274f0beb800 JavaThread "Unconstrained build operations Thread 19" [_thread_blocked, id=20792, stack(0x000000bbd9c00000,0x000000bbd9d00000)]
  0x00000274f0bec800 JavaThread "Unconstrained build operations Thread 20" [_thread_blocked, id=3720, stack(0x000000bbd9d00000,0x000000bbd9e00000)]
  0x00000274f0bed000 JavaThread "Unconstrained build operations Thread 21" [_thread_blocked, id=18828, stack(0x000000bbd9e00000,0x000000bbd9f00000)]
  0x00000274f0bee000 JavaThread "Unconstrained build operations Thread 22" [_thread_blocked, id=21740, stack(0x000000bbd9f00000,0x000000bbda000000)]
  0x00000274f0be9000 JavaThread "Unconstrained build operations Thread 23" [_thread_blocked, id=16116, stack(0x000000bbda000000,0x000000bbda100000)]
  0x00000274f0be8000 JavaThread "Unconstrained build operations Thread 24" [_thread_blocked, id=4764, stack(0x000000bbda100000,0x000000bbda200000)]
  0x00000274f0bef000 JavaThread "Unconstrained build operations Thread 25" [_thread_blocked, id=19292, stack(0x000000bbda200000,0x000000bbda300000)]
  0x00000274f0bef800 JavaThread "Unconstrained build operations Thread 26" [_thread_blocked, id=21300, stack(0x000000bbda300000,0x000000bbda400000)]
  0x00000274f0bf0800 JavaThread "Unconstrained build operations Thread 27" [_thread_blocked, id=4352, stack(0x000000bbda400000,0x000000bbda500000)]
  0x00000274f0bea800 JavaThread "Unconstrained build operations Thread 28" [_thread_blocked, id=18276, stack(0x000000bbda500000,0x000000bbda600000)]
  0x00000274f0d37000 JavaThread "Unconstrained build operations Thread 29" [_thread_blocked, id=7564, stack(0x000000bbda600000,0x000000bbda700000)]
  0x00000274f0d3a800 JavaThread "Unconstrained build operations Thread 30" [_thread_blocked, id=9836, stack(0x000000bbda700000,0x000000bbda800000)]
  0x00000274f0d3b000 JavaThread "Unconstrained build operations Thread 31" [_thread_blocked, id=10808, stack(0x000000bbda800000,0x000000bbda900000)]
  0x00000274f0d3c000 JavaThread "Unconstrained build operations Thread 32" [_thread_blocked, id=412, stack(0x000000bbda900000,0x000000bbdaa00000)]
  0x00000274f0d38000 JavaThread "Unconstrained build operations Thread 33" [_thread_blocked, id=17608, stack(0x000000bbdaa00000,0x000000bbdab00000)]
  0x00000274f0d38800 JavaThread "Unconstrained build operations Thread 34" [_thread_blocked, id=10504, stack(0x000000bbdab00000,0x000000bbdac00000)]
  0x00000274f0d39800 JavaThread "Unconstrained build operations Thread 35" [_thread_blocked, id=10696, stack(0x000000bbdac00000,0x000000bbdad00000)]
  0x00000274f0d36000 JavaThread "Unconstrained build operations Thread 36" [_thread_blocked, id=12584, stack(0x000000bbdad00000,0x000000bbdae00000)]
  0x00000274f0d40000 JavaThread "Unconstrained build operations Thread 37" [_thread_blocked, id=21172, stack(0x000000bbdae00000,0x000000bbdaf00000)]
  0x00000274f0d3e800 JavaThread "Unconstrained build operations Thread 38" [_thread_blocked, id=15268, stack(0x000000bbdaf00000,0x000000bbdb000000)]
  0x00000274f0d41800 JavaThread "Unconstrained build operations Thread 39" [_thread_blocked, id=16736, stack(0x000000bbdb000000,0x000000bbdb100000)]
  0x00000274f0d42800 JavaThread "Unconstrained build operations Thread 40" [_thread_blocked, id=20052, stack(0x000000bbdb100000,0x000000bbdb200000)]
  0x00000274f0d3f000 JavaThread "jar transforms Thread 4" [_thread_blocked, id=19976, stack(0x000000bbdb300000,0x000000bbdb400000)]
  0x00000274f0d41000 JavaThread "Memory manager" [_thread_blocked, id=15748, stack(0x000000bbdb500000,0x000000bbdb600000)]
  0x00000274f0d3d000 JavaThread "build event listener" [_thread_blocked, id=9448, stack(0x000000bbd5a00000,0x000000bbd5b00000)]
  0x00000274f0d43800 JavaThread "included builds" [_thread_blocked, id=8916, stack(0x000000bbd5b00000,0x000000bbd5c00000)]
  0x00000274f0d44000 JavaThread "Execution worker for ':'" [_thread_blocked, id=19144, stack(0x000000bbdb600000,0x000000bbdb700000)]
  0x00000274f0d45000 JavaThread "Execution worker for ':' Thread 2" [_thread_blocked, id=10992, stack(0x000000bbdb700000,0x000000bbdb800000)]
  0x00000274edd1c000 JavaThread "Execution worker for ':' Thread 3" [_thread_blocked, id=6952, stack(0x000000bbdb800000,0x000000bbdb900000)]
  0x00000274edd20800 JavaThread "Cache worker for execution history cache (C:\Users\Royyan\AndroidStudioProjects\ArifCahyono\.gradle\7.4\executionHistory)" [_thread_blocked, id=18332, stack(0x000000bbdb900000,0x000000bbdba00000)]
  0x00000274edd1b000 JavaThread "WorkerExecutor Queue" [_thread_blocked, id=8436, stack(0x000000bbd5900000,0x000000bbd5a00000)]
  0x00000274edd20000 JavaThread "RMI Scheduler(0)" daemon [_thread_blocked, id=2220, stack(0x000000bbd7800000,0x000000bbd7900000)]
  0x00000274edd21800 JavaThread "RMI GC Daemon" daemon [_thread_blocked, id=21916, stack(0x000000bbdbb00000,0x000000bbdbc00000)]
  0x00000274edd22800 JavaThread "RMI TCP Accept-0" daemon [_thread_in_native, id=15508, stack(0x000000bbdbc00000,0x000000bbdbd00000)]
  0x00000274edd1c800 JavaThread "RMI Reaper" [_thread_blocked, id=11548, stack(0x000000bbdbd00000,0x000000bbdbe00000)]
  0x00000274edd23000 JavaThread "RMI TCP Connection(1)-127.0.0.1" daemon [_thread_in_native, id=8656, stack(0x000000bbdbf00000,0x000000bbdc000000)]
  0x00000274f2748000 JavaThread "C2 CompilerThread1" daemon [_thread_blocked, id=17348, stack(0x000000bbdbe00000,0x000000bbdbf00000)]
  0x00000274edd24000 JavaThread "WorkerExecutor Queue Thread 2" [_thread_blocked, id=13580, stack(0x000000bbdba00000,0x000000bbdbb00000)]

Other Threads:
  0x00000274ead72800 VMThread "VM Thread" [stack: 0x000000bbd6200000,0x000000bbd6300000] [id=12668]
  0x00000274eb78e800 WatcherThread [stack: 0x000000bbd6c00000,0x000000bbd6d00000] [id=3016]
  0x00000274cf23b800 GCTaskThread "GC Thread#0" [stack: 0x000000bbd5d00000,0x000000bbd5e00000] [id=8752]
  0x00000274ec317800 GCTaskThread "GC Thread#1" [stack: 0x000000bbd6e00000,0x000000bbd6f00000] [id=4428]
=>0x00000274ec17e800 GCTaskThread "GC Thread#2" [stack: 0x000000bbd6f00000,0x000000bbd7000000] [id=16040]
  0x00000274ebbdf000 GCTaskThread "GC Thread#3" [stack: 0x000000bbd7000000,0x000000bbd7100000] [id=19708]
  0x00000274cf26a800 ConcurrentGCThread "G1 Main Marker" [stack: 0x000000bbd5e00000,0x000000bbd5f00000] [id=20408]
  0x00000274cf26c000 ConcurrentGCThread "G1 Conc#0" [stack: 0x000000bbd5f00000,0x000000bbd6000000] [id=10428]
  0x00000274eabc4800 ConcurrentGCThread "G1 Refine#0" [stack: 0x000000bbd6000000,0x000000bbd6100000] [id=460]
  0x00000274cf2fe000 ConcurrentGCThread "G1 Young RemSet Sampling" [stack: 0x000000bbd6100000,0x000000bbd6200000] [id=15552]

Threads with active compile tasks:

VM state:at safepoint (normal execution)

VM Mutex/Monitor currently owned by a thread:  ([mutex/lock_event])
[0x00000274cf223650] Threads_lock - owner thread: 0x00000274ead72800
[0x00000274cf222c30] Heap_lock - owner thread: 0x00000274edd1b000

Heap address: 0x0000000080000000, size: 2048 MB, Compressed Oops mode: 32-bit
Narrow klass base: 0x0000000000000000, Narrow klass shift: 3
Compressed class space size: 1073741824 Address: 0x0000000100000000

Heap:
 garbage-first heap   total 196608K, used 119534K [0x0000000080000000, 0x0000000100000000)
  region size 1024K, 18 young (18432K), 3 survivors (3072K)
 Metaspace       used 101381K, capacity 103869K, committed 104156K, reserved 1140736K
  class space    used 12946K, capacity 13898K, committed 13984K, reserved 1048576K
Heap Regions: E=young(eden), S=young(survivor), O=old, HS=humongous(starts), HC=humongous(continues), CS=collection set, F=free, A=archive, TAMS=top-at-mark-start (previous, next)
|   0|0x0000000080000000, 0x0000000080100000, 0x0000000080100000|100%|HS|  |TAMS 0x0000000080100000, 0x0000000080100000| Complete 
|   1|0x0000000080100000, 0x0000000080200000, 0x0000000080200000|100%|HC|  |TAMS 0x0000000080200000, 0x0000000080200000| Complete 
|   2|0x0000000080200000, 0x0000000080300000, 0x0000000080300000|100%|HC|  |TAMS 0x0000000080300000, 0x0000000080300000| Complete 
|   3|0x0000000080300000, 0x0000000080400000, 0x0000000080400000|100%| O|  |TAMS 0x0000000080400000, 0x0000000080400000| Untracked 
|   4|0x0000000080400000, 0x0000000080500000, 0x0000000080500000|100%| O|  |TAMS 0x0000000080500000, 0x0000000080500000| Untracked 
|   5|0x0000000080500000, 0x0000000080600000, 0x0000000080600000|100%| O|  |TAMS 0x0000000080600000, 0x0000000080600000| Untracked 
|   6|0x0000000080600000, 0x0000000080700000, 0x0000000080700000|100%| O|  |TAMS 0x0000000080700000, 0x0000000080700000| Untracked 
|   7|0x0000000080700000, 0x0000000080800000, 0x0000000080800000|100%| O|  |TAMS 0x0000000080800000, 0x0000000080800000| Untracked 
|   8|0x0000000080800000, 0x0000000080900000, 0x0000000080900000|100%| O|  |TAMS 0x0000000080900000, 0x0000000080900000| Untracked 
|   9|0x0000000080900000, 0x0000000080a00000, 0x0000000080a00000|100%| O|  |TAMS 0x0000000080a00000, 0x0000000080a00000| Untracked 
|  10|0x0000000080a00000, 0x0000000080b00000, 0x0000000080b00000|100%| O|  |TAMS 0x0000000080b00000, 0x0000000080b00000| Untracked 
|  11|0x0000000080b00000, 0x0000000080c00000, 0x0000000080c00000|100%| O|  |TAMS 0x0000000080c00000, 0x0000000080c00000| Untracked 
|  12|0x0000000080c00000, 0x0000000080d00000, 0x0000000080d00000|100%| O|  |TAMS 0x0000000080d00000, 0x0000000080d00000| Untracked 
|  13|0x0000000080d00000, 0x0000000080e00000, 0x0000000080e00000|100%| O|  |TAMS 0x0000000080e00000, 0x0000000080e00000| Untracked 
|  14|0x0000000080e00000, 0x0000000080f00000, 0x0000000080f00000|100%| O|  |TAMS 0x0000000080f00000, 0x0000000080f00000| Untracked 
|  15|0x0000000080f00000, 0x0000000081000000, 0x0000000081000000|100%| O|  |TAMS 0x0000000081000000, 0x0000000081000000| Untracked 
|  16|0x0000000081000000, 0x0000000081100000, 0x0000000081100000|100%|HS|  |TAMS 0x0000000081100000, 0x0000000081100000| Complete 
|  17|0x0000000081100000, 0x0000000081200000, 0x0000000081200000|100%|HS|  |TAMS 0x0000000081200000, 0x0000000081200000| Complete 
|  18|0x0000000081200000, 0x0000000081300000, 0x0000000081300000|100%|HS|  |TAMS 0x0000000081300000, 0x0000000081300000| Complete 
|  19|0x0000000081300000, 0x0000000081400000, 0x0000000081400000|100%|HS|  |TAMS 0x0000000081400000, 0x0000000081400000| Complete 
|  20|0x0000000081400000, 0x0000000081500000, 0x0000000081500000|100%|HC|  |TAMS 0x0000000081500000, 0x0000000081500000| Complete 
|  21|0x0000000081500000, 0x0000000081600000, 0x0000000081600000|100%|HC|  |TAMS 0x0000000081600000, 0x0000000081600000| Complete 
|  22|0x0000000081600000, 0x0000000081700000, 0x0000000081700000|100%| O|  |TAMS 0x0000000081700000, 0x0000000081700000| Untracked 
|  23|0x0000000081700000, 0x0000000081800000, 0x0000000081800000|100%|HS|  |TAMS 0x0000000081800000, 0x0000000081800000| Complete 
|  24|0x0000000081800000, 0x0000000081900000, 0x0000000081900000|100%|HC|  |TAMS 0x0000000081900000, 0x0000000081900000| Complete 
|  25|0x0000000081900000, 0x0000000081a00000, 0x0000000081a00000|100%| O|  |TAMS 0x0000000081a00000, 0x0000000081a00000| Untracked 
|  26|0x0000000081a00000, 0x0000000081affff8, 0x0000000081b00000| 99%| O|  |TAMS 0x0000000081affff8, 0x0000000081affff8| Untracked 
|  27|0x0000000081b00000, 0x0000000081c00000, 0x0000000081c00000|100%| O|  |TAMS 0x0000000081c00000, 0x0000000081c00000| Untracked 
|  28|0x0000000081c00000, 0x0000000081d00000, 0x0000000081d00000|100%| O|  |TAMS 0x0000000081d00000, 0x0000000081d00000| Untracked 
|  29|0x0000000081d00000, 0x0000000081e00000, 0x0000000081e00000|100%| O|  |TAMS 0x0000000081e00000, 0x0000000081e00000| Untracked 
|  30|0x0000000081e00000, 0x0000000081f00000, 0x0000000081f00000|100%| O|  |TAMS 0x0000000081f00000, 0x0000000081f00000| Untracked 
|  31|0x0000000081f00000, 0x0000000082000000, 0x0000000082000000|100%| O|  |TAMS 0x0000000082000000, 0x0000000082000000| Untracked 
|  32|0x0000000082000000, 0x0000000082100000, 0x0000000082100000|100%| O|  |TAMS 0x0000000082100000, 0x0000000082100000| Untracked 
|  33|0x0000000082100000, 0x0000000082200000, 0x0000000082200000|100%| O|  |TAMS 0x0000000082200000, 0x0000000082200000| Untracked 
|  34|0x0000000082200000, 0x0000000082300000, 0x0000000082300000|100%| O|  |TAMS 0x0000000082300000, 0x0000000082300000| Untracked 
|  35|0x0000000082300000, 0x0000000082400000, 0x0000000082400000|100%| O|  |TAMS 0x0000000082400000, 0x0000000082400000| Untracked 
|  36|0x0000000082400000, 0x0000000082500000, 0x0000000082500000|100%| O|  |TAMS 0x0000000082500000, 0x0000000082500000| Untracked 
|  37|0x0000000082500000, 0x0000000082600000, 0x0000000082600000|100%| O|  |TAMS 0x0000000082600000, 0x0000000082600000| Untracked 
|  38|0x0000000082600000, 0x0000000082700000, 0x0000000082700000|100%| O|  |TAMS 0x0000000082700000, 0x0000000082700000| Untracked 
|  39|0x0000000082700000, 0x0000000082800000, 0x0000000082800000|100%| O|  |TAMS 0x0000000082800000, 0x0000000082800000| Untracked 
|  40|0x0000000082800000, 0x0000000082900000, 0x0000000082900000|100%| O|  |TAMS 0x0000000082900000, 0x0000000082900000| Untracked 
|  41|0x0000000082900000, 0x0000000082a00000, 0x0000000082a00000|100%| O|  |TAMS 0x0000000082a00000, 0x0000000082a00000| Untracked 
|  42|0x0000000082a00000, 0x0000000082b00000, 0x0000000082b00000|100%| O|  |TAMS 0x0000000082b00000, 0x0000000082b00000| Untracked 
|  43|0x0000000082b00000, 0x0000000082c00000, 0x0000000082c00000|100%| O|  |TAMS 0x0000000082c00000, 0x0000000082c00000| Untracked 
|  44|0x0000000082c00000, 0x0000000082d00000, 0x0000000082d00000|100%| O|  |TAMS 0x0000000082d00000, 0x0000000082d00000| Untracked 
|  45|0x0000000082d00000, 0x0000000082e00000, 0x0000000082e00000|100%| O|  |TAMS 0x0000000082e00000, 0x0000000082e00000| Untracked 
|  46|0x0000000082e00000, 0x0000000082f00000, 0x0000000082f00000|100%| O|  |TAMS 0x0000000082f00000, 0x0000000082f00000| Untracked 
|  47|0x0000000082f00000, 0x0000000083000000, 0x0000000083000000|100%| O|  |TAMS 0x0000000083000000, 0x0000000083000000| Untracked 
|  48|0x0000000083000000, 0x0000000083100000, 0x0000000083100000|100%| O|  |TAMS 0x0000000083100000, 0x0000000083100000| Untracked 
|  49|0x0000000083100000, 0x0000000083200000, 0x0000000083200000|100%| O|  |TAMS 0x0000000083200000, 0x0000000083200000| Untracked 
|  50|0x0000000083200000, 0x0000000083300000, 0x0000000083300000|100%| O|  |TAMS 0x0000000083300000, 0x0000000083300000| Untracked 
|  51|0x0000000083300000, 0x0000000083400000, 0x0000000083400000|100%| O|  |TAMS 0x0000000083400000, 0x0000000083400000| Untracked 
|  52|0x0000000083400000, 0x0000000083500000, 0x0000000083500000|100%| O|  |TAMS 0x0000000083500000, 0x0000000083500000| Untracked 
|  53|0x0000000083500000, 0x0000000083600000, 0x0000000083600000|100%| O|  |TAMS 0x0000000083600000, 0x0000000083600000| Untracked 
|  54|0x0000000083600000, 0x0000000083700000, 0x0000000083700000|100%| O|  |TAMS 0x0000000083700000, 0x0000000083700000| Untracked 
|  55|0x0000000083700000, 0x0000000083800000, 0x0000000083800000|100%| O|  |TAMS 0x0000000083800000, 0x0000000083800000| Untracked 
|  56|0x0000000083800000, 0x0000000083900000, 0x0000000083900000|100%| O|  |TAMS 0x0000000083900000, 0x0000000083900000| Untracked 
|  57|0x0000000083900000, 0x0000000083a00000, 0x0000000083a00000|100%| O|  |TAMS 0x0000000083a00000, 0x0000000083a00000| Untracked 
|  58|0x0000000083a00000, 0x0000000083b00000, 0x0000000083b00000|100%| O|  |TAMS 0x0000000083b00000, 0x0000000083b00000| Untracked 
|  59|0x0000000083b00000, 0x0000000083c00000, 0x0000000083c00000|100%| O|  |TAMS 0x0000000083c00000, 0x0000000083c00000| Untracked 
|  60|0x0000000083c00000, 0x0000000083d00000, 0x0000000083d00000|100%| O|  |TAMS 0x0000000083d00000, 0x0000000083d00000| Untracked 
|  61|0x0000000083d00000, 0x0000000083e00000, 0x0000000083e00000|100%| O|  |TAMS 0x0000000083e00000, 0x0000000083e00000| Untracked 
|  62|0x0000000083e00000, 0x0000000083f00000, 0x0000000083f00000|100%| O|  |TAMS 0x0000000083f00000, 0x0000000083f00000| Untracked 
|  63|0x0000000083f00000, 0x0000000084000000, 0x0000000084000000|100%| O|  |TAMS 0x0000000084000000, 0x0000000084000000| Untracked 
|  64|0x0000000084000000, 0x0000000084100000, 0x0000000084100000|100%| O|  |TAMS 0x0000000084100000, 0x0000000084100000| Untracked 
|  65|0x0000000084100000, 0x0000000084200000, 0x0000000084200000|100%| O|  |TAMS 0x0000000084200000, 0x0000000084200000| Untracked 
|  66|0x0000000084200000, 0x0000000084300000, 0x0000000084300000|100%| O|  |TAMS 0x0000000084300000, 0x0000000084300000| Untracked 
|  67|0x0000000084300000, 0x0000000084400000, 0x0000000084400000|100%| O|  |TAMS 0x0000000084400000, 0x0000000084400000| Untracked 
|  68|0x0000000084400000, 0x0000000084500000, 0x0000000084500000|100%| O|  |TAMS 0x0000000084500000, 0x0000000084500000| Untracked 
|  69|0x0000000084500000, 0x0000000084600000, 0x0000000084600000|100%| O|  |TAMS 0x0000000084600000, 0x0000000084600000| Untracked 
|  70|0x0000000084600000, 0x0000000084700000, 0x0000000084700000|100%| O|  |TAMS 0x0000000084700000, 0x0000000084700000| Untracked 
|  71|0x0000000084700000, 0x0000000084800000, 0x0000000084800000|100%| O|  |TAMS 0x0000000084800000, 0x0000000084800000| Untracked 
|  72|0x0000000084800000, 0x0000000084900000, 0x0000000084900000|100%| O|  |TAMS 0x0000000084900000, 0x0000000084900000| Untracked 
|  73|0x0000000084900000, 0x0000000084a00000, 0x0000000084a00000|100%| O|  |TAMS 0x0000000084a00000, 0x0000000084a00000| Untracked 
|  74|0x0000000084a00000, 0x0000000084b00000, 0x0000000084b00000|100%| O|  |TAMS 0x0000000084b00000, 0x0000000084b00000| Untracked 
|  75|0x0000000084b00000, 0x0000000084c00000, 0x0000000084c00000|100%| O|  |TAMS 0x0000000084c00000, 0x0000000084c00000| Untracked 
|  76|0x0000000084c00000, 0x0000000084d00000, 0x0000000084d00000|100%| O|  |TAMS 0x0000000084d00000, 0x0000000084d00000| Untracked 
|  77|0x0000000084d00000, 0x0000000084e00000, 0x0000000084e00000|100%| O|  |TAMS 0x0000000084e00000, 0x0000000084e00000| Untracked 
|  78|0x0000000084e00000, 0x0000000084f00000, 0x0000000084f00000|100%| O|  |TAMS 0x0000000084f00000, 0x0000000084f00000| Untracked 
|  79|0x0000000084f00000, 0x0000000085000000, 0x0000000085000000|100%| O|  |TAMS 0x0000000085000000, 0x0000000085000000| Untracked 
|  80|0x0000000085000000, 0x0000000085100000, 0x0000000085100000|100%| O|  |TAMS 0x0000000085100000, 0x0000000085100000| Untracked 
|  81|0x0000000085100000, 0x0000000085200000, 0x0000000085200000|100%| O|  |TAMS 0x0000000085200000, 0x0000000085200000| Untracked 
|  82|0x0000000085200000, 0x0000000085300000, 0x0000000085300000|100%| O|  |TAMS 0x0000000085300000, 0x0000000085300000| Untracked 
|  83|0x0000000085300000, 0x0000000085400000, 0x0000000085400000|100%| O|  |TAMS 0x0000000085400000, 0x0000000085400000| Untracked 
|  84|0x0000000085400000, 0x0000000085500000, 0x0000000085500000|100%| O|  |TAMS 0x0000000085500000, 0x0000000085500000| Untracked 
|  85|0x0000000085500000, 0x0000000085600000, 0x0000000085600000|100%| O|  |TAMS 0x0000000085600000, 0x0000000085600000| Untracked 
|  86|0x0000000085600000, 0x0000000085700000, 0x0000000085700000|100%| O|  |TAMS 0x0000000085700000, 0x0000000085700000| Untracked 
|  87|0x0000000085700000, 0x0000000085800000, 0x0000000085800000|100%| O|  |TAMS 0x0000000085800000, 0x0000000085800000| Untracked 
|  88|0x0000000085800000, 0x0000000085900000, 0x0000000085900000|100%| O|  |TAMS 0x0000000085900000, 0x0000000085900000| Untracked 
|  89|0x0000000085900000, 0x0000000085a00000, 0x0000000085a00000|100%| O|  |TAMS 0x0000000085a00000, 0x0000000085a00000| Untracked 
|  90|0x0000000085a00000, 0x0000000085b00000, 0x0000000085b00000|100%| O|  |TAMS 0x0000000085b00000, 0x0000000085b00000| Untracked 
|  91|0x0000000085b00000, 0x0000000085c00000, 0x0000000085c00000|100%| O|  |TAMS 0x0000000085c00000, 0x0000000085c00000| Untracked 
|  92|0x0000000085c00000, 0x0000000085d00000, 0x0000000085d00000|100%| O|  |TAMS 0x0000000085d00000, 0x0000000085d00000| Untracked 
|  93|0x0000000085d00000, 0x0000000085e00000, 0x0000000085e00000|100%| O|  |TAMS 0x0000000085e00000, 0x0000000085e00000| Untracked 
|  94|0x0000000085e00000, 0x0000000085f00000, 0x0000000085f00000|100%|HS|  |TAMS 0x0000000085e00000, 0x0000000085f00000| Complete 
|  95|0x0000000085f00000, 0x0000000085f00000, 0x0000000086000000|  0%| F|  |TAMS 0x0000000085f00000, 0x0000000085f00000| Untracked 
|  96|0x0000000086000000, 0x0000000086100000, 0x0000000086100000|100%| O|  |TAMS 0x0000000086100000, 0x0000000086100000| Untracked 
|  97|0x0000000086100000, 0x0000000086200000, 0x0000000086200000|100%| O|  |TAMS 0x0000000086200000, 0x0000000086200000| Untracked 
|  98|0x0000000086200000, 0x0000000086300000, 0x0000000086300000|100%| O|  |TAMS 0x0000000086300000, 0x0000000086300000| Untracked 
|  99|0x0000000086300000, 0x00000000863a0800, 0x0000000086400000| 62%| O|  |TAMS 0x00000000863a0800, 0x0000000086400000| Untracked 
| 100|0x0000000086400000, 0x0000000086500000, 0x0000000086500000|100%|HS|  |TAMS 0x0000000086400000, 0x0000000086500000| Complete 
| 101|0x0000000086500000, 0x0000000086600000, 0x0000000086600000|100%|HC|  |TAMS 0x0000000086500000, 0x0000000086600000| Complete 
| 102|0x0000000086600000, 0x0000000086700000, 0x0000000086700000|100%|HC|  |TAMS 0x0000000086600000, 0x0000000086700000| Complete 
| 103|0x0000000086700000, 0x0000000086700000, 0x0000000086800000|  0%| F|  |TAMS 0x0000000086700000, 0x0000000086700000| Untracked 
| 104|0x0000000086800000, 0x0000000086800000, 0x0000000086900000|  0%| F|  |TAMS 0x0000000086800000, 0x0000000086800000| Untracked 
| 105|0x0000000086900000, 0x0000000086900000, 0x0000000086a00000|  0%| F|  |TAMS 0x0000000086900000, 0x0000000086900000| Untracked 
| 106|0x0000000086a00000, 0x0000000086a00000, 0x0000000086b00000|  0%| F|  |TAMS 0x0000000086a00000, 0x0000000086a00000| Untracked 
| 107|0x0000000086b00000, 0x0000000086b00000, 0x0000000086c00000|  0%| F|  |TAMS 0x0000000086b00000, 0x0000000086b00000| Untracked 
| 108|0x0000000086c00000, 0x0000000086c00000, 0x0000000086d00000|  0%| F|  |TAMS 0x0000000086c00000, 0x0000000086c00000| Untracked 
| 109|0x0000000086d00000, 0x0000000086d00000, 0x0000000086e00000|  0%| F|  |TAMS 0x0000000086d00000, 0x0000000086d00000| Untracked 
| 110|0x0000000086e00000, 0x0000000086e00000, 0x0000000086f00000|  0%| F|  |TAMS 0x0000000086e00000, 0x0000000086e00000| Untracked 
| 111|0x0000000086f00000, 0x0000000086f00000, 0x0000000087000000|  0%| F|  |TAMS 0x0000000086f00000, 0x0000000086f00000| Untracked 
| 112|0x0000000087000000, 0x0000000087000000, 0x0000000087100000|  0%| F|  |TAMS 0x0000000087000000, 0x0000000087000000| Untracked 
| 113|0x0000000087100000, 0x0000000087100000, 0x0000000087200000|  0%| F|  |TAMS 0x0000000087100000, 0x0000000087100000| Untracked 
| 114|0x0000000087200000, 0x0000000087200000, 0x0000000087300000|  0%| F|  |TAMS 0x0000000087200000, 0x0000000087200000| Untracked 
| 115|0x0000000087300000, 0x0000000087300000, 0x0000000087400000|  0%| F|  |TAMS 0x0000000087300000, 0x0000000087300000| Untracked 
| 116|0x0000000087400000, 0x0000000087400000, 0x0000000087500000|  0%| F|  |TAMS 0x0000000087400000, 0x0000000087400000| Untracked 
| 117|0x0000000087500000, 0x0000000087500000, 0x0000000087600000|  0%| F|  |TAMS 0x0000000087500000, 0x0000000087500000| Untracked 
| 118|0x0000000087600000, 0x0000000087600000, 0x0000000087700000|  0%| F|  |TAMS 0x0000000087600000, 0x0000000087600000| Untracked 
| 119|0x0000000087700000, 0x0000000087700000, 0x0000000087800000|  0%| F|  |TAMS 0x0000000087700000, 0x0000000087700000| Untracked 
| 120|0x0000000087800000, 0x0000000087800000, 0x0000000087900000|  0%| F|  |TAMS 0x0000000087800000, 0x0000000087800000| Untracked 
| 121|0x0000000087900000, 0x0000000087900000, 0x0000000087a00000|  0%| F|  |TAMS 0x0000000087900000, 0x0000000087900000| Untracked 
| 122|0x0000000087a00000, 0x0000000087a00000, 0x0000000087b00000|  0%| F|  |TAMS 0x0000000087a00000, 0x0000000087a00000| Untracked 
| 123|0x0000000087b00000, 0x0000000087b00000, 0x0000000087c00000|  0%| F|  |TAMS 0x0000000087b00000, 0x0000000087b00000| Untracked 
| 124|0x0000000087c00000, 0x0000000087c00000, 0x0000000087d00000|  0%| F|  |TAMS 0x0000000087c00000, 0x0000000087c00000| Untracked 
| 125|0x0000000087d00000, 0x0000000087d00000, 0x0000000087e00000|  0%| F|  |TAMS 0x0000000087d00000, 0x0000000087d00000| Untracked 
| 126|0x0000000087e00000, 0x0000000087e00000, 0x0000000087f00000|  0%| F|  |TAMS 0x0000000087e00000, 0x0000000087e00000| Untracked 
| 127|0x0000000087f00000, 0x0000000087f00000, 0x0000000088000000|  0%| F|  |TAMS 0x0000000087f00000, 0x0000000087f00000| Untracked 
| 128|0x0000000088000000, 0x0000000088000000, 0x0000000088100000|  0%| F|  |TAMS 0x0000000088000000, 0x0000000088000000| Untracked 
| 129|0x0000000088100000, 0x0000000088100000, 0x0000000088200000|  0%| F|  |TAMS 0x0000000088100000, 0x0000000088100000| Untracked 
| 130|0x0000000088200000, 0x0000000088200000, 0x0000000088300000|  0%| F|  |TAMS 0x0000000088200000, 0x0000000088200000| Untracked 
| 131|0x0000000088300000, 0x0000000088300000, 0x0000000088400000|  0%| F|  |TAMS 0x0000000088300000, 0x0000000088300000| Untracked 
| 132|0x0000000088400000, 0x0000000088400000, 0x0000000088500000|  0%| F|  |TAMS 0x0000000088400000, 0x0000000088400000| Untracked 
| 133|0x0000000088500000, 0x0000000088500000, 0x0000000088600000|  0%| F|  |TAMS 0x0000000088500000, 0x0000000088500000| Untracked 
| 134|0x0000000088600000, 0x0000000088600000, 0x0000000088700000|  0%| F|  |TAMS 0x0000000088600000, 0x0000000088600000| Untracked 
| 135|0x0000000088700000, 0x0000000088700000, 0x0000000088800000|  0%| F|  |TAMS 0x0000000088700000, 0x0000000088700000| Untracked 
| 136|0x0000000088800000, 0x0000000088800000, 0x0000000088900000|  0%| F|  |TAMS 0x0000000088800000, 0x0000000088800000| Untracked 
| 137|0x0000000088900000, 0x0000000088900000, 0x0000000088a00000|  0%| F|  |TAMS 0x0000000088900000, 0x0000000088900000| Untracked 
| 138|0x0000000088a00000, 0x0000000088a00000, 0x0000000088b00000|  0%| F|  |TAMS 0x0000000088a00000, 0x0000000088a00000| Untracked 
| 139|0x0000000088b00000, 0x0000000088b00000, 0x0000000088c00000|  0%| F|  |TAMS 0x0000000088b00000, 0x0000000088b00000| Untracked 
| 140|0x0000000088c00000, 0x0000000088c00000, 0x0000000088d00000|  0%| F|  |TAMS 0x0000000088c00000, 0x0000000088c00000| Untracked 
| 141|0x0000000088d00000, 0x0000000088d00000, 0x0000000088e00000|  0%| F|  |TAMS 0x0000000088d00000, 0x0000000088d00000| Untracked 
| 142|0x0000000088e00000, 0x0000000088e00000, 0x0000000088f00000|  0%| F|  |TAMS 0x0000000088e00000, 0x0000000088e00000| Untracked 
| 143|0x0000000088f00000, 0x0000000088f00000, 0x0000000089000000|  0%| F|  |TAMS 0x0000000088f00000, 0x0000000088f00000| Untracked 
| 144|0x0000000089000000, 0x0000000089000000, 0x0000000089100000|  0%| F|  |TAMS 0x0000000089000000, 0x0000000089000000| Untracked 
| 145|0x0000000089100000, 0x0000000089100000, 0x0000000089200000|  0%| F|  |TAMS 0x0000000089100000, 0x0000000089100000| Untracked 
| 146|0x0000000089200000, 0x0000000089200000, 0x0000000089300000|  0%| F|  |TAMS 0x0000000089200000, 0x0000000089200000| Untracked 
| 147|0x0000000089300000, 0x0000000089300000, 0x0000000089400000|  0%| F|  |TAMS 0x0000000089300000, 0x0000000089300000| Untracked 
| 148|0x0000000089400000, 0x0000000089400000, 0x0000000089500000|  0%| F|  |TAMS 0x0000000089400000, 0x0000000089400000| Untracked 
| 149|0x0000000089500000, 0x0000000089500000, 0x0000000089600000|  0%| F|  |TAMS 0x0000000089500000, 0x0000000089500000| Untracked 
| 150|0x0000000089600000, 0x0000000089600000, 0x0000000089700000|  0%| F|  |TAMS 0x0000000089600000, 0x0000000089600000| Untracked 
| 151|0x0000000089700000, 0x0000000089700000, 0x0000000089800000|  0%| F|  |TAMS 0x0000000089700000, 0x0000000089700000| Untracked 
| 152|0x0000000089800000, 0x0000000089800000, 0x0000000089900000|  0%| F|  |TAMS 0x0000000089800000, 0x0000000089800000| Untracked 
| 153|0x0000000089900000, 0x0000000089900000, 0x0000000089a00000|  0%| F|  |TAMS 0x0000000089900000, 0x0000000089900000| Untracked 
| 154|0x0000000089a00000, 0x0000000089a00000, 0x0000000089b00000|  0%| F|  |TAMS 0x0000000089a00000, 0x0000000089a00000| Untracked 
| 155|0x0000000089b00000, 0x0000000089b00000, 0x0000000089c00000|  0%| F|  |TAMS 0x0000000089b00000, 0x0000000089b00000| Untracked 
| 156|0x0000000089c00000, 0x0000000089c00000, 0x0000000089d00000|  0%| F|  |TAMS 0x0000000089c00000, 0x0000000089c00000| Untracked 
| 157|0x0000000089d00000, 0x0000000089d00000, 0x0000000089e00000|  0%| F|  |TAMS 0x0000000089d00000, 0x0000000089d00000| Untracked 
| 158|0x0000000089e00000, 0x0000000089e00000, 0x0000000089f00000|  0%| F|  |TAMS 0x0000000089e00000, 0x0000000089e00000| Untracked 
| 159|0x0000000089f00000, 0x0000000089f00000, 0x000000008a000000|  0%| F|  |TAMS 0x0000000089f00000, 0x0000000089f00000| Untracked 
| 160|0x000000008a000000, 0x000000008a000000, 0x000000008a100000|  0%| F|  |TAMS 0x000000008a000000, 0x000000008a000000| Untracked 
| 161|0x000000008a100000, 0x000000008a100000, 0x000000008a200000|  0%| F|  |TAMS 0x000000008a100000, 0x000000008a100000| Untracked 
| 162|0x000000008a200000, 0x000000008a200000, 0x000000008a300000|  0%| F|  |TAMS 0x000000008a200000, 0x000000008a200000| Untracked 
| 163|0x000000008a300000, 0x000000008a300000, 0x000000008a400000|  0%| F|  |TAMS 0x000000008a300000, 0x000000008a300000| Untracked 
| 164|0x000000008a400000, 0x000000008a400000, 0x000000008a500000|  0%| F|  |TAMS 0x000000008a400000, 0x000000008a400000| Untracked 
| 165|0x000000008a500000, 0x000000008a600000, 0x000000008a600000|100%| E|CS|TAMS 0x000000008a500000, 0x000000008a600000| Complete 
| 166|0x000000008a600000, 0x000000008a600000, 0x000000008a700000|  0%| F|  |TAMS 0x000000008a600000, 0x000000008a600000| Untracked 
| 167|0x000000008a700000, 0x000000008a700000, 0x000000008a800000|  0%| F|  |TAMS 0x000000008a700000, 0x000000008a700000| Untracked 
| 168|0x000000008a800000, 0x000000008a800000, 0x000000008a900000|  0%| F|  |TAMS 0x000000008a800000, 0x000000008a800000| Untracked 
| 169|0x000000008a900000, 0x000000008a900000, 0x000000008aa00000|  0%| F|  |TAMS 0x000000008a900000, 0x000000008a900000| Untracked 
| 170|0x000000008aa00000, 0x000000008aa00000, 0x000000008ab00000|  0%| F|  |TAMS 0x000000008aa00000, 0x000000008aa00000| Untracked 
| 171|0x000000008ab00000, 0x000000008ab00000, 0x000000008ac00000|  0%| F|  |TAMS 0x000000008ab00000, 0x000000008ab00000| Untracked 
| 172|0x000000008ac00000, 0x000000008ac00000, 0x000000008ad00000|  0%| F|  |TAMS 0x000000008ac00000, 0x000000008ac00000| Untracked 
| 173|0x000000008ad00000, 0x000000008ad00000, 0x000000008ae00000|  0%| F|  |TAMS 0x000000008ad00000, 0x000000008ad00000| Untracked 
| 174|0x000000008ae00000, 0x000000008ae43800, 0x000000008af00000| 26%| S|  |TAMS 0x000000008ae00000, 0x000000008ae00000| Complete 
| 175|0x000000008af00000, 0x000000008b000000, 0x000000008b000000|100%| S|  |TAMS 0x000000008af00000, 0x000000008af00000| Complete 
| 176|0x000000008b000000, 0x000000008b100000, 0x000000008b100000|100%| S|  |TAMS 0x000000008b000000, 0x000000008b000000| Complete 
| 177|0x000000008b100000, 0x000000008b11b3d0, 0x000000008b200000| 10%| E|CS|TAMS 0x000000008b100000, 0x000000008b11b3d0| Complete 
| 178|0x000000008b200000, 0x000000008b300000, 0x000000008b300000|100%| E|CS|TAMS 0x000000008b200000, 0x000000008b300000| Complete 
| 179|0x000000008b300000, 0x000000008b400000, 0x000000008b400000|100%| E|CS|TAMS 0x000000008b300000, 0x000000008b400000| Complete 
| 180|0x000000008b400000, 0x000000008b500000, 0x000000008b500000|100%| E|CS|TAMS 0x000000008b400000, 0x000000008b500000| Complete 
| 181|0x000000008b500000, 0x000000008b600000, 0x000000008b600000|100%| E|CS|TAMS 0x000000008b500000, 0x000000008b600000| Complete 
| 182|0x000000008b600000, 0x000000008b700000, 0x000000008b700000|100%| E|CS|TAMS 0x000000008b600000, 0x000000008b700000| Complete 
| 183|0x000000008b700000, 0x000000008b800000, 0x000000008b800000|100%| E|CS|TAMS 0x000000008b700000, 0x000000008b800000| Complete 
| 184|0x000000008b800000, 0x000000008b900000, 0x000000008b900000|100%| E|CS|TAMS 0x000000008b800000, 0x000000008b900000| Complete 
| 185|0x000000008b900000, 0x000000008ba00000, 0x000000008ba00000|100%| E|CS|TAMS 0x000000008b900000, 0x000000008ba00000| Complete 
| 186|0x000000008ba00000, 0x000000008bb00000, 0x000000008bb00000|100%| E|CS|TAMS 0x000000008ba00000, 0x000000008bb00000| Complete 
| 187|0x000000008bb00000, 0x000000008bc00000, 0x000000008bc00000|100%| E|CS|TAMS 0x000000008bb00000, 0x000000008bc00000| Complete 
| 188|0x000000008bc00000, 0x000000008bd00000, 0x000000008bd00000|100%| E|CS|TAMS 0x000000008bc00000, 0x000000008bd00000| Complete 
| 189|0x000000008bd00000, 0x000000008be00000, 0x000000008be00000|100%| E|CS|TAMS 0x000000008bd00000, 0x000000008be00000| Complete 
| 190|0x000000008be00000, 0x000000008bf00000, 0x000000008bf00000|100%| E|CS|TAMS 0x000000008be00000, 0x000000008bf00000| Complete 
| 191|0x000000008bf00000, 0x000000008c000000, 0x000000008c000000|100%| E|CS|TAMS 0x000000008bf00000, 0x000000008c000000| Complete 

Card table byte_map: [0x00000274e3f40000,0x00000274e4340000] _byte_map_base: 0x00000274e3b40000

Marking Bits (Prev, Next): (CMBitMap*) 0x00000274cf261bb8, (CMBitMap*) 0x00000274cf261bf0
 Prev Bits: [0x00000274e4740000, 0x00000274e6740000)
 Next Bits: [0x00000274e6740000, 0x00000274e8740000)

Polling page: 0x00000274cf070000

Metaspace:

Usage:
  Non-class:     87.86 MB capacity,    86.36 MB ( 98%) used,     1.21 MB (  1%) free+waste,   294.06 KB ( <1%) overhead. 
      Class:     13.57 MB capacity,    12.64 MB ( 93%) used,   821.44 KB (  6%) free+waste,   130.44 KB ( <1%) overhead. 
       Both:    101.43 MB capacity,    99.01 MB ( 98%) used,     2.01 MB (  2%) free+waste,   424.50 KB ( <1%) overhead. 

Virtual space:
  Non-class space:       90.00 MB reserved,      88.06 MB ( 98%) committed 
      Class space:        1.00 GB reserved,      13.66 MB (  1%) committed 
             Both:        1.09 GB reserved,     101.71 MB (  9%) committed 

Chunk freelists:
   Non-Class:  9.00 KB
       Class:  22.00 KB
        Both:  31.00 KB

MaxMetaspaceSize: 17179869184.00 GB
CompressedClassSpaceSize: 1.00 GB
Initial GC threshold: 20.80 MB
Current GC threshold: 167.23 MB
CDS: off

CodeHeap 'non-profiled nmethods': size=120064Kb used=9134Kb max_used=9134Kb free=110929Kb
 bounds [0x00000274dbfe0000, 0x00000274dc8d0000, 0x00000274e3520000]
CodeHeap 'profiled nmethods': size=120000Kb used=29153Kb max_used=29153Kb free=90846Kb
 bounds [0x00000274d4ab0000, 0x00000274d6730000, 0x00000274dbfe0000]
CodeHeap 'non-nmethods': size=5696Kb used=2420Kb max_used=2459Kb free=3276Kb
 bounds [0x00000274d4520000, 0x00000274d4790000, 0x00000274d4ab0000]
 total_blobs=13833 nmethods=12878 adapters=867
 compilation: enabled
              stopped_count=0, restarted_count=0
 full_count=0

Compilation events (20 events):
Event: 119.974 Thread 0x00000274eb5ef000 nmethod 12901 0x00000274dc8c1a90 code [0x00000274dc8c1c40, 0x00000274dc8c1cf8]
Event: 119.974 Thread 0x00000274eb5ef000 12902       1       sun.nio.fs.WindowsNativeDispatcher$FirstFile::name (5 bytes)
Event: 119.974 Thread 0x00000274eb5ef000 nmethod 12902 0x00000274dc8c1d90 code [0x00000274dc8c1f40, 0x00000274dc8c1ff8]
Event: 119.982 Thread 0x00000274eb5de800 12903       4       java.nio.file.attribute.FileTime::toMillis (98 bytes)
Event: 119.985 Thread 0x00000274eb5de800 nmethod 12903 0x00000274dc8c2090 code [0x00000274dc8c2220, 0x00000274dc8c2358]
Event: 119.993 Thread 0x00000274eb5ef000 12904       3       sun.nio.fs.WindowsPath::hashCode (52 bytes)
Event: 119.994 Thread 0x00000274eb5ef000 nmethod 12904 0x00000274d6723e10 code [0x00000274d6724080, 0x00000274d6724a58]
Event: 120.002 Thread 0x00000274eb5ef000 12905   !   3       sun.nio.fs.WindowsNativeDispatcher::FindFirstFile (38 bytes)
Event: 120.003 Thread 0x00000274eb5ef000 nmethod 12905 0x00000274d6724e90 code [0x00000274d67250a0, 0x00000274d67254b8]
Event: 120.003 Thread 0x00000274eb5ef000 12906       3       sun.nio.fs.WindowsNativeDispatcher$FirstFile::<init> (5 bytes)
Event: 120.003 Thread 0x00000274eb5ef000 nmethod 12906 0x00000274d6725710 code [0x00000274d67258c0, 0x00000274d6725a18]
Event: 120.009 Thread 0x00000274f2748000 nmethod 12863 0x00000274dc8c2890 code [0x00000274dc8c2d40, 0x00000274dc8c8720]
Event: 120.010 Thread 0x00000274eb5ef000 12908       3       sun.nio.fs.WindowsPath::addPrefixIfNeeded (72 bytes)
Event: 120.013 Thread 0x00000274eb5ef000 nmethod 12908 0x00000274d6725b10 code [0x00000274d6725e40, 0x00000274d6726f38]
Event: 120.024 Thread 0x00000274eb5ef000 12909       3       java.util.jar.JarFile::<init> (8 bytes)
Event: 120.024 Thread 0x00000274eb5ef000 nmethod 12909 0x00000274d6727510 code [0x00000274d67276e0, 0x00000274d6727888]
Event: 120.024 Thread 0x00000274eb5ef000 12910       3       java.util.jar.JarFile::<init> (11 bytes)
Event: 120.024 Thread 0x00000274eb5ef000 nmethod 12910 0x00000274d6727990 code [0x00000274d6727b40, 0x00000274d6727c68]
Event: 120.052 Thread 0x00000274eb5ef000 12912       3       java.io.RandomAccessFile$1::close (11 bytes)
Event: 120.053 Thread 0x00000274eb5ef000 nmethod 12912 0x00000274d6727d10 code [0x00000274d6727f00, 0x00000274d6728558]

GC Heap History (20 events):
Event: 62.639 GC heap after
{Heap after GC invocations=16 (full 0):
 garbage-first heap   total 196608K, used 67691K [0x0000000080000000, 0x0000000100000000)
  region size 1024K, 11 young (11264K), 11 survivors (11264K)
 Metaspace       used 77159K, capacity 78796K, committed 79068K, reserved 1118208K
  class space    used 9906K, capacity 10545K, committed 10656K, reserved 1048576K
}
Event: 65.702 GC heap before
{Heap before GC invocations=16 (full 0):
 garbage-first heap   total 196608K, used 146539K [0x0000000080000000, 0x0000000100000000)
  region size 1024K, 88 young (90112K), 11 survivors (11264K)
 Metaspace       used 84426K, capacity 86176K, committed 86364K, reserved 1124352K
  class space    used 10871K, capacity 11507K, committed 11552K, reserved 1048576K
}
Event: 65.738 GC heap after
{Heap after GC invocations=17 (full 0):
 garbage-first heap   total 196608K, used 73363K [0x0000000080000000, 0x0000000100000000)
  region size 1024K, 11 young (11264K), 11 survivors (11264K)
 Metaspace       used 84426K, capacity 86176K, committed 86364K, reserved 1124352K
  class space    used 10871K, capacity 11507K, committed 11552K, reserved 1048576K
}
Event: 70.230 GC heap before
{Heap before GC invocations=17 (full 0):
 garbage-first heap   total 196608K, used 150163K [0x0000000080000000, 0x0000000100000000)
  region size 1024K, 87 young (89088K), 11 survivors (11264K)
 Metaspace       used 87320K, capacity 89333K, committed 89564K, reserved 1126400K
  class space    used 11280K, capacity 12078K, committed 12192K, reserved 1048576K
}
Event: 70.261 GC heap after
{Heap after GC invocations=18 (full 0):
 garbage-first heap   total 196608K, used 78482K [0x0000000080000000, 0x0000000100000000)
  region size 1024K, 11 young (11264K), 11 survivors (11264K)
 Metaspace       used 87320K, capacity 89333K, committed 89564K, reserved 1126400K
  class space    used 11280K, capacity 12078K, committed 12192K, reserved 1048576K
}
Event: 84.759 GC heap before
{Heap before GC invocations=18 (full 0):
 garbage-first heap   total 196608K, used 153234K [0x0000000080000000, 0x0000000100000000)
  region size 1024K, 85 young (87040K), 11 survivors (11264K)
 Metaspace       used 88068K, capacity 90196K, committed 90332K, reserved 1128448K
  class space    used 11324K, capacity 12136K, committed 12192K, reserved 1048576K
}
Event: 84.795 GC heap after
{Heap after GC invocations=19 (full 0):
 garbage-first heap   total 196608K, used 84428K [0x0000000080000000, 0x0000000100000000)
  region size 1024K, 11 young (11264K), 11 survivors (11264K)
 Metaspace       used 88068K, capacity 90196K, committed 90332K, reserved 1128448K
  class space    used 11324K, capacity 12136K, committed 12192K, reserved 1048576K
}
Event: 92.807 GC heap before
{Heap before GC invocations=19 (full 0):
 garbage-first heap   total 196608K, used 156108K [0x0000000080000000, 0x0000000100000000)
  region size 1024K, 82 young (83968K), 11 survivors (11264K)
 Metaspace       used 89597K, capacity 91713K, committed 91868K, reserved 1128448K
  class space    used 11537K, capacity 12374K, committed 12448K, reserved 1048576K
}
Event: 92.834 GC heap after
{Heap after GC invocations=20 (full 0):
 garbage-first heap   total 196608K, used 89086K [0x0000000080000000, 0x0000000100000000)
  region size 1024K, 10 young (10240K), 10 survivors (10240K)
 Metaspace       used 89597K, capacity 91713K, committed 91868K, reserved 1128448K
  class space    used 11537K, capacity 12374K, committed 12448K, reserved 1048576K
}
Event: 95.763 GC heap before
{Heap before GC invocations=20 (full 0):
 garbage-first heap   total 196608K, used 159742K [0x0000000080000000, 0x0000000100000000)
  region size 1024K, 79 young (80896K), 10 survivors (10240K)
 Metaspace       used 94433K, capacity 96522K, committed 96732K, reserved 1132544K
  class space    used 12102K, capacity 12929K, committed 12960K, reserved 1048576K
}
Event: 95.790 GC heap after
{Heap after GC invocations=21 (full 0):
 garbage-first heap   total 196608K, used 92876K [0x0000000080000000, 0x0000000100000000)
  region size 1024K, 8 young (8192K), 8 survivors (8192K)
 Metaspace       used 94433K, capacity 96522K, committed 96732K, reserved 1132544K
  class space    used 12102K, capacity 12929K, committed 12960K, reserved 1048576K
}
Event: 97.844 GC heap before
{Heap before GC invocations=21 (full 0):
 garbage-first heap   total 196608K, used 160460K [0x0000000080000000, 0x0000000100000000)
  region size 1024K, 75 young (76800K), 8 survivors (8192K)
 Metaspace       used 96151K, capacity 98349K, committed 98524K, reserved 1134592K
  class space    used 12330K, capacity 13154K, committed 13216K, reserved 1048576K
}
Event: 97.870 GC heap after
{Heap after GC invocations=22 (full 0):
 garbage-first heap   total 196608K, used 96664K [0x0000000080000000, 0x0000000100000000)
  region size 1024K, 8 young (8192K), 8 survivors (8192K)
 Metaspace       used 96151K, capacity 98349K, committed 98524K, reserved 1134592K
  class space    used 12330K, capacity 13154K, committed 13216K, reserved 1048576K
}
Event: 117.424 GC heap before
{Heap before GC invocations=22 (full 0):
 garbage-first heap   total 196608K, used 162200K [0x0000000080000000, 0x0000000100000000)
  region size 1024K, 73 young (74752K), 8 survivors (8192K)
 Metaspace       used 97971K, capacity 100371K, committed 100700K, reserved 1136640K
  class space    used 12611K, capacity 13507K, committed 13600K, reserved 1048576K
}
Event: 117.454 GC heap after
{Heap after GC invocations=23 (full 0):
 garbage-first heap   total 196608K, used 100185K [0x0000000080000000, 0x0000000100000000)
  region size 1024K, 7 young (7168K), 7 survivors (7168K)
 Metaspace       used 97971K, capacity 100371K, committed 100700K, reserved 1136640K
  class space    used 12611K, capacity 13507K, committed 13600K, reserved 1048576K
}
Event: 118.230 GC heap before
{Heap before GC invocations=24 (full 0):
 garbage-first heap   total 196608K, used 113497K [0x0000000080000000, 0x0000000100000000)
  region size 1024K, 22 young (22528K), 7 survivors (7168K)
 Metaspace       used 97945K, capacity 100318K, committed 100700K, reserved 1136640K
  class space    used 12591K, capacity 13465K, committed 13600K, reserved 1048576K
}
Event: 118.256 GC heap after
{Heap after GC invocations=25 (full 0):
 garbage-first heap   total 196608K, used 101038K [0x0000000080000000, 0x0000000100000000)
  region size 1024K, 5 young (5120K), 5 survivors (5120K)
 Metaspace       used 97945K, capacity 100318K, committed 100700K, reserved 1136640K
  class space    used 12591K, capacity 13465K, committed 13600K, reserved 1048576K
}
Event: 119.225 GC heap before
{Heap before GC invocations=26 (full 0):
 garbage-first heap   total 196608K, used 123566K [0x0000000080000000, 0x0000000100000000)
  region size 1024K, 26 young (26624K), 5 survivors (5120K)
 Metaspace       used 98183K, capacity 100582K, committed 100956K, reserved 1136640K
  class space    used 12621K, capacity 13488K, committed 13600K, reserved 1048576K
}
Event: 119.241 GC heap after
{Heap after GC invocations=27 (full 0):
 garbage-first heap   total 196608K, used 100993K [0x0000000080000000, 0x0000000100000000)
  region size 1024K, 1 young (1024K), 1 survivors (1024K)
 Metaspace       used 98183K, capacity 100582K, committed 100956K, reserved 1136640K
  class space    used 12621K, capacity 13488K, committed 13600K, reserved 1048576K
}
Event: 120.091 GC heap before
{Heap before GC invocations=28 (full 0):
 garbage-first heap   total 196608K, used 118401K [0x0000000080000000, 0x0000000100000000)
  region size 1024K, 16 young (16384K), 1 survivors (1024K)
 Metaspace       used 101381K, capacity 103869K, committed 104156K, reserved 1140736K
  class space    used 12946K, capacity 13898K, committed 13984K, reserved 1048576K
}

Deoptimization events (20 events):
Event: 119.312 Thread 0x00000274edd1b000 Uncommon trap: trap_request=0xffffffde fr.pc=0x00000274dc47d16c relative=0x000000000000134c
Event: 119.312 Thread 0x00000274edd1b000 Uncommon trap: reason=class_check action=maybe_recompile pc=0x00000274dc47d16c method=jdk.internal.loader.BuiltinClassLoader.loadClassOrNull(Ljava/lang/String;Z)Ljava/lang/Class; @ 66 c2
Event: 119.312 Thread 0x00000274edd1b000 DEOPT PACKING pc=0x00000274dc47d16c sp=0x000000bbd59fc8b0
Event: 119.312 Thread 0x00000274edd1b000 DEOPT UNPACKING pc=0x00000274d456a1af sp=0x000000bbd59fc878 mode 2
Event: 119.314 Thread 0x00000274edd1b000 Uncommon trap: trap_request=0xffffffde fr.pc=0x00000274dc47d16c relative=0x000000000000134c
Event: 119.314 Thread 0x00000274edd1b000 Uncommon trap: reason=class_check action=maybe_recompile pc=0x00000274dc47d16c method=jdk.internal.loader.BuiltinClassLoader.loadClassOrNull(Ljava/lang/String;Z)Ljava/lang/Class; @ 66 c2
Event: 119.314 Thread 0x00000274edd1b000 DEOPT PACKING pc=0x00000274dc47d16c sp=0x000000bbd59fc8b0
Event: 119.314 Thread 0x00000274edd1b000 DEOPT UNPACKING pc=0x00000274d456a1af sp=0x000000bbd59fc878 mode 2
Event: 119.367 Thread 0x00000274edd1b000 Uncommon trap: trap_request=0xffffffde fr.pc=0x00000274dc47d16c relative=0x000000000000134c
Event: 119.367 Thread 0x00000274edd1b000 Uncommon trap: reason=class_check action=maybe_recompile pc=0x00000274dc47d16c method=jdk.internal.loader.BuiltinClassLoader.loadClassOrNull(Ljava/lang/String;Z)Ljava/lang/Class; @ 66 c2
Event: 119.367 Thread 0x00000274edd1b000 DEOPT PACKING pc=0x00000274dc47d16c sp=0x000000bbd59fc8b0
Event: 119.367 Thread 0x00000274edd1b000 DEOPT UNPACKING pc=0x00000274d456a1af sp=0x000000bbd59fc878 mode 2
Event: 119.374 Thread 0x00000274edd1b000 Uncommon trap: trap_request=0xffffff4d fr.pc=0x00000274dc79341c relative=0x0000000000004d7c
Event: 119.374 Thread 0x00000274edd1b000 Uncommon trap: reason=unstable_if action=reinterpret pc=0x00000274dc79341c method=java.lang.reflect.AccessibleObject.logIfExportedForIllegalAccess(Ljava/lang/Class;Ljava/lang/Class;)V @ 37 c2
Event: 119.374 Thread 0x00000274edd1b000 DEOPT PACKING pc=0x00000274dc79341c sp=0x000000bbd59fd3a0
Event: 119.374 Thread 0x00000274edd1b000 DEOPT UNPACKING pc=0x00000274d456a1af sp=0x000000bbd59fd240 mode 2
Event: 119.545 Thread 0x00000274edd1b000 Uncommon trap: trap_request=0xffffff7e fr.pc=0x00000274dc8abf24 relative=0x0000000000000384
Event: 119.545 Thread 0x00000274edd1b000 Uncommon trap: reason=predicate action=maybe_recompile pc=0x00000274dc8abf24 method=java.util.ComparableTimSort.reverseRange([Ljava/lang/Object;II)V @ 5 c2
Event: 119.545 Thread 0x00000274edd1b000 DEOPT PACKING pc=0x00000274dc8abf24 sp=0x000000bbd59f92f0
Event: 119.545 Thread 0x00000274edd1b000 DEOPT UNPACKING pc=0x00000274d456a1af sp=0x000000bbd59f91b0 mode 2

Classes redefined (0 events):
No events

Internal exceptions (20 events):
Event: 107.409 Thread 0x00000274edd1b000 Exception <a 'java/lang/NoSuchMethodError'{0x0000000088b6aec8}: 'java.lang.Object java.lang.invoke.DirectMethodHandle$Holder.invokeStatic(java.lang.Object, java.lang.Object, java.lang.Object, java.lang.Object, java.lang.Object, java.lang.Object, java.lang.Object, java.lang.Object, int, int, java.lang.Object)'> (0x0000000088b6aec8) thrown at [./src/hotspot/share/interpreter/linkResolver.cpp, line 773]
Event: 107.413 Thread 0x00000274edd1b000 Exception <a 'java/lang/NoSuchMethodError'{0x0000000088b87e40}: 'java.lang.Object java.lang.invoke.DirectMethodHandle$Holder.invokeStatic(java.lang.Object, java.lang.Object, java.lang.Object, java.lang.Object, java.lang.Object, java.lang.Object, java.lang.Object, java.lang.Object, int, int, java.lang.Object, java.lang.Object)'> (0x0000000088b87e40) thrown at [./src/hotspot/share/interpreter/linkResolver.cpp, line 773]
Event: 107.436 Thread 0x00000274edd1b000 Exception <a 'java/lang/NoSuchMethodError'{0x0000000088bba8f0}: <clinit>> (0x0000000088bba8f0) thrown at [./src/hotspot/share/prims/jni.cpp, line 1366]
Event: 107.441 Thread 0x00000274edd1b000 Exception <a 'java/lang/NoSuchMethodError'{0x0000000088bdd0d8}: <clinit>> (0x0000000088bdd0d8) thrown at [./src/hotspot/share/prims/jni.cpp, line 1366]
Event: 107.457 Thread 0x00000274edd1e800 Exception <a 'java/lang/InterruptedException'{0x0000000088be81b0}> (0x0000000088be81b0) thrown at [./src/hotspot/share/runtime/objectMonitor.cpp, line 1635]
Event: 107.458 Thread 0x00000274edd1e800 Exception <a 'java/lang/NoSuchMethodError'{0x0000000088beffc0}: 'java.lang.Object java.lang.invoke.DirectMethodHandle$Holder.invokeStatic(java.lang.Object, java.lang.Object, int, java.lang.Object, long)'> (0x0000000088beffc0) thrown at [./src/hotspot/share/interpreter/linkResolver.cpp, line 773]
Event: 107.481 Thread 0x00000274edd1b000 Exception <a 'java/lang/NoSuchMethodError'{0x0000000088a3a7a8}: <clinit>> (0x0000000088a3a7a8) thrown at [./src/hotspot/share/prims/jni.cpp, line 1366]
Event: 107.483 Thread 0x00000274edd1b000 Exception <a 'java/lang/NoSuchMethodError'{0x0000000088a46840}: <clinit>> (0x0000000088a46840) thrown at [./src/hotspot/share/prims/jni.cpp, line 1366]
Event: 107.484 Thread 0x00000274edd1b000 Exception <a 'java/lang/NoSuchMethodError'{0x0000000088a538a0}: <clinit>> (0x0000000088a538a0) thrown at [./src/hotspot/share/prims/jni.cpp, line 1366]
Event: 107.530 Thread 0x00000274edd1b000 Exception <a 'java/lang/NoSuchMethodError'{0x0000000088a71620}: <clinit>> (0x0000000088a71620) thrown at [./src/hotspot/share/prims/jni.cpp, line 1366]
Event: 107.571 Thread 0x00000274edd1b000 Exception <a 'java/lang/NoSuchMethodError'{0x0000000088811490}: <clinit>> (0x0000000088811490) thrown at [./src/hotspot/share/prims/jni.cpp, line 1366]
Event: 107.906 Thread 0x00000274edd23000 Exception <a 'java/lang/NoSuchMethodError'{0x00000000887e14b8}: 'java.lang.Object java.lang.invoke.DirectMethodHandle$Holder.invokeStatic(java.lang.Object, java.lang.Object, java.lang.Object, java.lang.Object, java.lang.Object, java.lang.Object, java.lang.Object, java.lang.Object, java.lang.Object, java.lang.Object, java.lang.Object, java.lang.Object, java.lang.Object, int)'> (0x00000000887e14b8) thrown at [./src/hotspot/share/interpreter/linkResolver.cpp, line 773]
Event: 107.908 Thread 0x00000274edd23000 Exception <a 'java/lang/NoSuchMethodError'{0x00000000887edf40}: 'java.lang.Object java.lang.invoke.DirectMethodHandle$Holder.invokeStatic(java.lang.Object, java.lang.Object, java.lang.Object, java.lang.Object, java.lang.Object, java.lang.Object, java.lang.Object, java.lang.Object, java.lang.Object, java.lang.Object, java.lang.Object, java.lang.Object, java.lang.Object, int, int)'> (0x00000000887edf40) thrown at [./src/hotspot/share/interpreter/linkResolver.cpp, line 773]
Event: 117.308 Thread 0x00000274f0d43800 Exception <a 'java/lang/NoSuchMethodError'{0x0000000088496538}: 'java.lang.Object java.lang.invoke.DirectMethodHandle$Holder.newInvokeSpecial(java.lang.Object, java.lang.Object, java.lang.Object, java.lang.Object)'> (0x0000000088496538) thrown at [./src/hotspot/share/interpreter/linkResolver.cpp, line 773]
Event: 117.324 Thread 0x00000274ecd7a800 Exception <a 'java/lang/NoSuchMethodError'{0x0000000088376410}: <clinit>> (0x0000000088376410) thrown at [./src/hotspot/share/prims/jni.cpp, line 1366]
Event: 118.328 Thread 0x00000274f0d43800 Exception <a 'java/lang/NoSuchMethodError'{0x000000008bf75a20}: <clinit>> (0x000000008bf75a20) thrown at [./src/hotspot/share/prims/jni.cpp, line 1366]
Event: 119.165 Thread 0x00000274f0d43800 Exception <a 'java/lang/NoSuchMethodError'{0x000000008a707050}: <clinit>> (0x000000008a707050) thrown at [./src/hotspot/share/prims/jni.cpp, line 1366]
Event: 119.541 Thread 0x00000274edd1b000 Exception <a 'java/lang/NoSuchMethodError'{0x000000008b9bc1e0}: <clinit>> (0x000000008b9bc1e0) thrown at [./src/hotspot/share/prims/jni.cpp, line 1366]
Event: 119.546 Thread 0x00000274edd1b000 Exception <a 'java/lang/NoSuchMethodError'{0x000000008b9d1748}: <clinit>> (0x000000008b9d1748) thrown at [./src/hotspot/share/prims/jni.cpp, line 1366]
Event: 119.575 Thread 0x00000274edd1b000 Exception <a 'java/lang/NoSuchMethodError'{0x000000008b855910}: <clinit>> (0x000000008b855910) thrown at [./src/hotspot/share/prims/jni.cpp, line 1366]

Events (20 events):
Event: 119.903 loading class com/sun/tools/javac/resources/spi/compilerProvider
Event: 119.903 loading class com/sun/tools/javac/resources/spi/compilerProvider done
Event: 119.911 loading class java/util/ResourceBundle$BundleReference
Event: 119.911 loading class java/util/ResourceBundle$BundleReference done
Event: 119.936 loading class com/sun/tools/javac/util/Options
Event: 119.936 loading class com/sun/tools/javac/util/Options done
Event: 119.936 loading class com/sun/tools/javac/util/JCDiagnostic$Factory
Event: 119.936 loading class com/sun/tools/javac/util/JCDiagnostic$Factory done
Event: 119.937 loading class com/sun/tools/javac/util/Options
Event: 119.937 loading class com/sun/tools/javac/util/Options done
Event: 119.937 loading class com/sun/tools/javac/util/Log
Event: 119.937 loading class com/sun/tools/javac/util/Log done
Event: 119.937 loading class org/jetbrains/kotlin/kapt3/base/stubs/KaptStubLineInformation
Event: 119.937 loading class org/jetbrains/kotlin/kapt3/base/stubs/KaptStubLineInformation done
Event: 119.938 loading class org/jetbrains/kotlin/kapt3/base/stubs/KaptStubLineInformation$Companion
Event: 119.938 loading class org/jetbrains/kotlin/kapt3/base/stubs/KaptStubLineInformation$Companion done
Event: 119.941 Executing VM operation: Deoptimize
Event: 119.943 Executing VM operation: Deoptimize done
Event: 120.005 Loaded shared library C:\Program Files\Android\Android Studio\jre\bin\nio.dll
Event: 120.091 Executing VM operation: G1CollectForAllocation


Dynamic libraries:
0x00007ff663300000 - 0x00007ff66330a000 	C:\Program Files\Android\Android Studio\jre\bin\java.exe
0x00007ffe9c570000 - 0x00007ffe9c768000 	C:\Windows\SYSTEM32\ntdll.dll
0x00007ffe9aae0000 - 0x00007ffe9ab9f000 	C:\Windows\System32\KERNEL32.DLL
0x00007ffe99f70000 - 0x00007ffe9a266000 	C:\Windows\System32\KERNELBASE.dll
0x00007ffe9a2a0000 - 0x00007ffe9a3a0000 	C:\Windows\System32\ucrtbase.dll
0x00007ffe6eb70000 - 0x00007ffe6eb87000 	C:\Program Files\Android\Android Studio\jre\bin\VCRUNTIME140.dll
0x00007ffe69640000 - 0x00007ffe69659000 	C:\Program Files\Android\Android Studio\jre\bin\jli.dll
0x00007ffe9c010000 - 0x00007ffe9c1ad000 	C:\Windows\System32\USER32.dll
0x00007ffe99e20000 - 0x00007ffe99e42000 	C:\Windows\System32\win32u.dll
0x00007ffe85e90000 - 0x00007ffe8612a000 	C:\Windows\WinSxS\amd64_microsoft.windows.common-controls_6595b64144ccf1df_6.0.19041.1110_none_60b5254171f9507e\COMCTL32.dll
0x00007ffe9adb0000 - 0x00007ffe9addc000 	C:\Windows\System32\GDI32.dll
0x00007ffe9b170000 - 0x00007ffe9b20e000 	C:\Windows\System32\msvcrt.dll
0x00007ffe99e50000 - 0x00007ffe99f65000 	C:\Windows\System32\gdi32full.dll
0x00007ffe9a430000 - 0x00007ffe9a4cd000 	C:\Windows\System32\msvcp_win.dll
0x00007ffe9c360000 - 0x00007ffe9c390000 	C:\Windows\System32\IMM32.DLL
0x00007ffe5f700000 - 0x00007ffe5f79d000 	C:\Program Files\Android\Android Studio\jre\bin\msvcp140.dll
0x00007ffe370a0000 - 0x00007ffe37ba2000 	C:\Program Files\Android\Android Studio\jre\bin\server\jvm.dll
0x00007ffe9b810000 - 0x00007ffe9b8bf000 	C:\Windows\System32\ADVAPI32.dll
0x00007ffe9c410000 - 0x00007ffe9c4ac000 	C:\Windows\System32\sechost.dll
0x00007ffe9ade0000 - 0x00007ffe9af06000 	C:\Windows\System32\RPCRT4.dll
0x00007ffe9b080000 - 0x00007ffe9b088000 	C:\Windows\System32\PSAPI.DLL
0x00007ffe84dd0000 - 0x00007ffe84dd9000 	C:\Windows\SYSTEM32\WSOCK32.dll
0x00007ffe8c770000 - 0x00007ffe8c797000 	C:\Windows\SYSTEM32\WINMM.dll
0x00007ffe9a990000 - 0x00007ffe9a9fb000 	C:\Windows\System32\WS2_32.dll
0x00007ffe8d660000 - 0x00007ffe8d66a000 	C:\Windows\SYSTEM32\VERSION.dll
0x00007ffe97ae0000 - 0x00007ffe97af2000 	C:\Windows\SYSTEM32\kernel.appcore.dll
0x00007ffe8d490000 - 0x00007ffe8d4a1000 	C:\Program Files\Android\Android Studio\jre\bin\verify.dll
0x00007ffe7b650000 - 0x00007ffe7b834000 	C:\Windows\SYSTEM32\DBGHELP.DLL
0x00007ffe7a850000 - 0x00007ffe7a884000 	C:\Windows\SYSTEM32\dbgcore.DLL
0x00007ffe9a3a0000 - 0x00007ffe9a422000 	C:\Windows\System32\bcryptPrimitives.dll
0x00007ffe8c060000 - 0x00007ffe8c089000 	C:\Program Files\Android\Android Studio\jre\bin\java.dll
0x00007ffe93080000 - 0x00007ffe9308b000 	C:\Program Files\Android\Android Studio\jre\bin\jimage.dll
0x00007ffe8c0f0000 - 0x00007ffe8c108000 	C:\Program Files\Android\Android Studio\jre\bin\zip.dll
0x00007ffe9b8c0000 - 0x00007ffe9c004000 	C:\Windows\System32\SHELL32.dll
0x00007ffe97ce0000 - 0x00007ffe98473000 	C:\Windows\SYSTEM32\windows.storage.dll
0x00007ffe9a630000 - 0x00007ffe9a984000 	C:\Windows\System32\combase.dll
0x00007ffe996a0000 - 0x00007ffe996ce000 	C:\Windows\SYSTEM32\Wldp.dll
0x00007ffe9afd0000 - 0x00007ffe9b07d000 	C:\Windows\System32\SHCORE.dll
0x00007ffe9c4d0000 - 0x00007ffe9c525000 	C:\Windows\System32\shlwapi.dll
0x00007ffe99b90000 - 0x00007ffe99baf000 	C:\Windows\SYSTEM32\profapi.dll
0x00007ffe8c0a0000 - 0x00007ffe8c0ba000 	C:\Program Files\Android\Android Studio\jre\bin\net.dll
0x00007ffe8cff0000 - 0x00007ffe8d0fa000 	C:\Windows\SYSTEM32\WINHTTP.dll
0x00007ffe99400000 - 0x00007ffe9946a000 	C:\Windows\system32\mswsock.dll
0x00007ffe8c040000 - 0x00007ffe8c054000 	C:\Program Files\Android\Android Studio\jre\bin\nio.dll
0x00007ffe60de0000 - 0x00007ffe60e07000 	C:\Users\Royyan\.gradle\native\e1d6ef7f7dcc3fd88c89a11ec53ec762bb8ba0a96d01ffa2cd45eb1d1d8dd5c5\windows-amd64\native-platform.dll
0x00007ffe22ef0000 - 0x00007ffe23034000 	C:\Users\Royyan\.gradle\native\0d407fdbe67a94daf76414ababcb853783967236a71b16ec16e742cd7a986fd3\windows-amd64\native-platform-file-events.dll
0x00007ffe91990000 - 0x00007ffe9199a000 	C:\Program Files\Android\Android Studio\jre\bin\management.dll
0x00007ffe8c000000 - 0x00007ffe8c00d000 	C:\Program Files\Android\Android Studio\jre\bin\management_ext.dll
0x00007ffe995f0000 - 0x00007ffe99608000 	C:\Windows\SYSTEM32\CRYPTSP.dll
0x00007ffe98cb0000 - 0x00007ffe98ce4000 	C:\Windows\system32\rsaenh.dll
0x00007ffe9a270000 - 0x00007ffe9a297000 	C:\Windows\System32\bcrypt.dll
0x00007ffe99b10000 - 0x00007ffe99b3e000 	C:\Windows\SYSTEM32\USERENV.dll
0x00007ffe99610000 - 0x00007ffe9961c000 	C:\Windows\SYSTEM32\CRYPTBASE.dll
0x00007ffe990a0000 - 0x00007ffe990dc000 	C:\Windows\SYSTEM32\IPHLPAPI.DLL
0x00007ffe9afc0000 - 0x00007ffe9afc8000 	C:\Windows\System32\NSI.dll
0x00007ffe8d610000 - 0x00007ffe8d627000 	C:\Windows\SYSTEM32\dhcpcsvc6.DLL
0x00007ffe8dc10000 - 0x00007ffe8dc2d000 	C:\Windows\SYSTEM32\dhcpcsvc.DLL
0x00007ffe990f0000 - 0x00007ffe991ba000 	C:\Windows\SYSTEM32\DNSAPI.dll
0x00007ffe695e0000 - 0x00007ffe695fe000 	C:\Users\Royyan\AppData\Local\Temp\native-platform6538303815083462846dir\native-platform.dll
0x00007ffe850c0000 - 0x00007ffe850c8000 	C:\Program Files\Android\Android Studio\jre\bin\rmi.dll

dbghelp: loaded successfully - version: 4.0.5 - missing functions: none
symbol engine: initialized successfully - sym options: 0x614 - pdb path: .;C:\Program Files\Android\Android Studio\jre\bin;C:\Windows\SYSTEM32;C:\Windows\WinSxS\amd64_microsoft.windows.common-controls_6595b64144ccf1df_6.0.19041.1110_none_60b5254171f9507e;C:\Program Files\Android\Android Studio\jre\bin\server;C:\Users\Royyan\.gradle\native\e1d6ef7f7dcc3fd88c89a11ec53ec762bb8ba0a96d01ffa2cd45eb1d1d8dd5c5\windows-amd64;C:\Users\Royyan\.gradle\native\0d407fdbe67a94daf76414ababcb853783967236a71b16ec16e742cd7a986fd3\windows-amd64;C:\Users\Royyan\AppData\Local\Temp\native-platform6538303815083462846dir

VM Arguments:
jvm_args: --add-opens=java.base/java.util=ALL-UNNAMED --add-opens=java.base/java.lang=ALL-UNNAMED --add-opens=java.base/java.lang.invoke=ALL-UNNAMED --add-opens=java.base/java.util=ALL-UNNAMED --add-opens=java.prefs/java.util.prefs=ALL-UNNAMED --add-opens=java.prefs/java.util.prefs=ALL-UNNAMED --add-opens=java.base/java.nio.charset=ALL-UNNAMED --add-opens=java.base/java.net=ALL-UNNAMED --add-opens=java.base/java.util.concurrent.atomic=ALL-UNNAMED -Xmx2048m -Dfile.encoding=UTF-8 -Duser.country=US -Duser.language=en -Duser.variant 
java_command: org.gradle.launcher.daemon.bootstrap.GradleDaemon 7.4
java_class_path (initial): C:\Users\Royyan\.gradle\wrapper\dists\gradle-7.4-bin\c0gwcg53nkjbqw7r0h0umtfvt\gradle-7.4\lib\gradle-launcher-7.4.jar
Launcher Type: SUN_STANDARD

[Global flags]
     intx CICompilerCount                          = 3                                         {product} {ergonomic}
     uint ConcGCThreads                            = 1                                         {product} {ergonomic}
     uint G1ConcRefinementThreads                  = 4                                         {product} {ergonomic}
   size_t G1HeapRegionSize                         = 1048576                                   {product} {ergonomic}
    uintx GCDrainStackTargetSize                   = 64                                        {product} {ergonomic}
   size_t InitialHeapSize                          = 201326592                                 {product} {ergonomic}
   size_t MarkStackSize                            = 4194304                                   {product} {ergonomic}
   size_t MaxHeapSize                              = 2147483648                                {product} {command line}
   size_t MaxNewSize                               = 1287651328                                {product} {ergonomic}
   size_t MinHeapDeltaBytes                        = 1048576                                   {product} {ergonomic}
    uintx NonNMethodCodeHeapSize                   = 5830732                                {pd product} {ergonomic}
    uintx NonProfiledCodeHeapSize                  = 122913754                              {pd product} {ergonomic}
    uintx ProfiledCodeHeapSize                     = 122913754                              {pd product} {ergonomic}
    uintx ReservedCodeCacheSize                    = 251658240                              {pd product} {ergonomic}
     bool SegmentedCodeCache                       = true                                      {product} {ergonomic}
     bool UseCompressedClassPointers               = true                                 {lp64_product} {ergonomic}
     bool UseCompressedOops                        = true                                 {lp64_product} {ergonomic}
     bool UseG1GC                                  = true                                      {product} {ergonomic}
     bool UseLargePagesIndividualAllocation        = false                                  {pd product} {ergonomic}

Logging:
Log output configuration:
 #0: stdout all=warning uptime,level,tags
 #1: stderr all=off uptime,level,tags

Environment Variables:
PATH=C:\Program Files (x86)\Common Files\Oracle\Java\javapath;C:\Windows\system32;C:\Windows;C:\Windows\System32\Wbem;C:\Windows\System32\WindowsPowerShell\v1.0\;C:\Windows\System32\OpenSSH\;C:\Program Files (x86)\Microsoft SQL Server\150\DTS\Binn\;C:\Program Files\Azure Data Studio\bin;C:\xampp\php;C:\ProgramData\ComposerSetup\bin;C:\Program Files\Microsoft SQL Server\Client SDK\ODBC\130\Tools\Binn\;C:\Program Files (x86)\Microsoft SQL Server\130\Tools\Binn\;C:\Program Files\Microsoft SQL Server\130\Tools\Binn\;C:\Program Files\Microsoft SQL Server\130\DTS\Binn\;C:\Program Files\Microsoft SQL Server\120\Tools\Binn\;C:\Program Files\Microsoft SQL Server Migration Assistant for MySQL\bin\;C:\Program Files\PuTTY\;C:\Program Files\nodejs\;C:\Program Files\TortoiseSVN\bin;C:\Windows\system32\config\systemprofile\.dnx\bin;C:\Program Files\Microsoft DNX\Dnvm\;C:\Program Files\Git\cmd;C:\Users\Royyan\AppData\Local\Programs\Python\Python38\Scripts\;C:\Users\Royyan\AppData\Local\Programs\Python\Python38\;C:\Users\Royyan\AppData\Local\Microsoft\WindowsApps;C:\Users\Royyan\AppData\Local\Programs\Microsoft VS Code\bin;C:\Program Files\Azure Data Studio\bin;C:\Users\Royyan\AppData\Roaming\Composer\vendor\bin;C:\Users\Royyan\AppData\Local\GitHubDesktop\bin;C:\Users\Royyan\AppData\Roaming\npm
USERNAME=Royyan
OS=Windows_NT
PROCESSOR_IDENTIFIER=Intel64 Family 6 Model 61 Stepping 4, GenuineIntel



---------------  S Y S T E M  ---------------

OS: Windows 10 , 64 bit Build 19041 (10.0.19041.3031)
OS uptime: 2 days 2:10 hours

CPU:total 4 (initial active 4) (2 cores per cpu, 2 threads per core) family 6 model 61 stepping 4 microcode 0x2d, cmov, cx8, fxsr, mmx, sse, sse2, sse3, ssse3, sse4.1, sse4.2, popcnt, avx, avx2, aes, clmul, erms, 3dnowpref, lzcnt, ht, tsc, tscinvbit, bmi1, bmi2, adx, fma

Memory: 4k page, system-wide physical 12207M (1723M free)
TotalPageFile size 17071M (AvailPageFile size 3930M)
current process WorkingSet (physical memory assigned to process): 489M, peak: 491M
current process commit charge ("private bytes"): 517M, peak: 520M

vm_info: OpenJDK 64-Bit Server VM (11.0.13+0-b1751.21-8125866) for windows-amd64 JRE (11.0.13+0-b1751.21-8125866), built on Feb  2 2022 03:00:22 by "builder" with MS VC++ 14.0 (VS2015)

END.
