#
# A fatal error has been detected by the Java Runtime Environment:
#
#  EXCEPTION_ACCESS_VIOLATION (0xc0000005) at pc=0x00007ffe3737eded, pid=16288, tid=17908
#
# JRE version: OpenJDK Runtime Environment (11.0.13) (build 11.0.13+0-b1751.21-8125866)
# Java VM: OpenJDK 64-Bit Server VM (11.0.13+0-b1751.21-8125866, mixed mode, tiered, compressed oops, g1 gc, windows-amd64)
# Problematic frame:
# V  [jvm.dll+0x2deded]
#
# No core dump will be written. Minidumps are not enabled by default on client versions of Windows
#
# If you would like to submit a bug report, please visit:
#   https://bugreport.java.com/bugreport/crash.jsp
#

---------------  S U M M A R Y ------------

Command Line: --add-opens=java.base/java.util=ALL-UNNAMED --add-opens=java.base/java.lang=ALL-UNNAMED --add-opens=java.base/java.lang.invoke=ALL-UNNAMED --add-opens=java.base/java.util=ALL-UNNAMED --add-opens=java.prefs/java.util.prefs=ALL-UNNAMED --add-opens=java.prefs/java.util.prefs=ALL-UNNAMED --add-opens=java.base/java.nio.charset=ALL-UNNAMED --add-opens=java.base/java.net=ALL-UNNAMED --add-opens=java.base/java.util.concurrent.atomic=ALL-UNNAMED -Xmx2048m -Dfile.encoding=UTF-8 -Duser.country=US -Duser.language=en -Duser.variant org.gradle.launcher.daemon.bootstrap.GradleDaemon 7.4

Host: Intel(R) Core(TM) i5-5200U CPU @ 2.20GHz, 4 cores, 11G,  Windows 10 , 64 bit Build 19041 (10.0.19041.3031)
Time: Sat Jul 22 17:37:36 2023 SE Asia Standard Time elapsed time: 22.940293 seconds (0d 0h 0m 22s)

---------------  T H R E A D  ---------------

Current thread (0x0000020ab02af000):  GCTaskThread "GC Thread#3" [stack: 0x0000005b79600000,0x0000005b79700000] [id=17908]

Stack: [0x0000005b79600000,0x0000005b79700000],  sp=0x0000005b796ff590,  free space=1021k
Native frames: (J=compiled Java code, j=interpreted, Vv=VM code, C=native code)
V  [jvm.dll+0x2deded]
V  [jvm.dll+0x2de7ab]
V  [jvm.dll+0x2dc5d8]
V  [jvm.dll+0x3088b8]
V  [jvm.dll+0x3085ce]
V  [jvm.dll+0x31aa8c]
V  [jvm.dll+0x1d7f24]
V  [jvm.dll+0x1d7fb3]
V  [jvm.dll+0x30853d]
V  [jvm.dll+0x1d8aca]
V  [jvm.dll+0x31b809]
V  [jvm.dll+0x2e8032]
V  [jvm.dll+0x771260]
V  [jvm.dll+0x706a75]
V  [jvm.dll+0x60ed66]
C  [ucrtbase.dll+0x21bb2]
C  [KERNEL32.DLL+0x17614]
C  [ntdll.dll+0x526f1]


siginfo: EXCEPTION_ACCESS_VIOLATION (0xc0000005), reading address 0x00000000000000f8


Register to memory mapping:

RIP=0x00007ffe3737eded jvm.dll
RAX=0x0000020a95105880 points into unknown readable memory: 0x0000000000000000 | 00 00 00 00 00 00 00 00
RBX=0x0000020ab5324210 points into unknown readable memory: 0x00007ffe378ed828 | 28 d8 8e 37 fe 7f 00 00
RCX=0x0 is NULL
RDX=0x0000020a95155bf0 points into unknown readable memory: 0x00007ffe378f51a0 | a0 51 8f 37 fe 7f 00 00
RSP=0x0000005b796ff590 points into unknown readable memory: 0x0000020ab5324210 | 10 42 32 b5 0a 02 00 00
RBP=0x000000000000000c is an unknown value
RSI=0x0000000082978460 is pointing into object: [Ljava.util.concurrent.ConcurrentHashMap$Node; 
{0x0000000082974cd8} - klass: 'java/util/concurrent/ConcurrentHashMap$Node'[]
 - length: 4096
RDI=0x0000020ab5324380 points into unknown readable memory: 0x00007ffe378ed7e0 | e0 d7 8e 37 fe 7f 00 00
R8 =0x00000000829783e0 is pointing into object: [Ljava.util.concurrent.ConcurrentHashMap$Node; 
{0x0000000082974cd8} - klass: 'java/util/concurrent/ConcurrentHashMap$Node'[]
 - length: 4096
R9 =0x0 is NULL
R10=0x00000000829783e0 is pointing into object: [Ljava.util.concurrent.ConcurrentHashMap$Node; 
{0x0000000082974cd8} - klass: 'java/util/concurrent/ConcurrentHashMap$Node'[]
 - length: 4096
R11=0x0000020ab5324380 points into unknown readable memory: 0x00007ffe378ed7e0 | e0 d7 8e 37 fe 7f 00 00
R12=0x0 is NULL
R13=0x0 is NULL
R14=0x0000020a950f7b20 points into unknown readable memory: 0x0000049300000481 | 81 04 00 00 93 04 00 00
R15=0x0000000000000040 is an unknown value


Registers:
RAX=0x0000020a95105880, RBX=0x0000020ab5324210, RCX=0x0000000000000000, RDX=0x0000020a95155bf0
RSP=0x0000005b796ff590, RBP=0x000000000000000c, RSI=0x0000000082978460, RDI=0x0000020ab5324380
R8 =0x00000000829783e0, R9 =0x0000000000000000, R10=0x00000000829783e0, R11=0x0000020ab5324380
R12=0x0000000000000000, R13=0x0000000000000000, R14=0x0000020a950f7b20, R15=0x0000000000000040
RIP=0x00007ffe3737eded, EFLAGS=0x0000000000010246

Top of Stack: (sp=0x0000005b796ff590)
0x0000005b796ff590:   0000020ab5324210 00000000829783d5
0x0000005b796ff5a0:   0000020a950f7aa0 00007ffe3737a578
0x0000005b796ff5b0:   00000000829783e0 00007ffe3737e7ab
0x0000005b796ff5c0:   00000000829783d4 0000020ab5324210
0x0000005b796ff5d0:   0000000000000040 0000020a950f7b20
0x0000005b796ff5e0:   0000020a950f7aa0 00007ffe3737c5d8
0x0000005b796ff5f0:   000000000000047a 0000000000000020
0x0000005b796ff600:   0000020ab5324210 0000020aafd45501
0x0000005b796ff610:   0000000000000dde 0000020a950f7b20
0x0000005b796ff620:   0000020ab5324210 00007ffe373a88b8
0x0000005b796ff630:   0000020a950f7aa0 000000000000047a
0x0000005b796ff640:   0000000000000020 00007ffe3737ed24
0x0000005b796ff650:   0000000082974430 0000000082974c85
0x0000005b796ff660:   0000000000000000 00007ffe376a9e9f
0x0000005b796ff670:   0000005b796ff710 00007ffe373a9a5b
0x0000005b796ff680:   0000000082974c84 00007ffe373aa952 

Instructions: (pc=0x00007ffe3737eded)
0x00007ffe3737eced:   74 24 38 48 83 c4 20 5f c3 cc cc cc cc cc cc cc
0x00007ffe3737ecfd:   cc cc cc 48 89 5c 24 08 57 48 83 ec 20 48 8b 41
0x00007ffe3737ed0d:   18 48 8b da 48 83 cb 01 48 8b d3 48 8b 78 10 48
0x00007ffe3737ed1d:   8b cf e8 cc 7b 00 00 84 c0 75 29 48 81 c7 90 00
0x00007ffe3737ed2d:   00 00 48 8b 47 08 48 39 47 20 75 08 48 8b cf e8
0x00007ffe3737ed3d:   7f ce f5 ff 48 8b 4f 20 48 8b 47 38 48 89 1c c8
0x00007ffe3737ed4d:   48 ff 47 20 48 8b 5c 24 30 48 83 c4 20 5f c3 cc
0x00007ffe3737ed5d:   cc cc cc 48 89 5c 24 08 57 48 83 ec 20 48 8b 79
0x00007ffe3737ed6d:   10 48 8b da 48 83 cb 01 48 8b cf 48 8b d3 e8 70
0x00007ffe3737ed7d:   7b 00 00 84 c0 75 29 48 81 c7 90 00 00 00 48 8b
0x00007ffe3737ed8d:   47 08 48 39 47 20 75 08 48 8b cf e8 23 ce f5 ff
0x00007ffe3737ed9d:   48 8b 4f 20 48 8b 47 38 48 89 1c c8 48 ff 47 20
0x00007ffe3737edad:   48 8b 5c 24 30 48 83 c4 20 5f c3 cc cc cc cc cc
0x00007ffe3737edbd:   cc cc cc 40 53 48 83 ec 20 8b 82 04 01 00 00 48
0x00007ffe3737edcd:   8b d9 d1 e8 a8 01 75 6b 48 8b 41 08 8b 88 c0 02
0x00007ffe3737eddd:   00 00 48 8b 80 b0 02 00 00 49 d3 e9 4a 8b 0c c8
0x00007ffe3737eded:   48 8b 81 f8 00 00 00 83 b8 18 01 00 00 00 74 43
0x00007ffe3737edfd:   48 8b 4b 50 48 89 7c 24 30 49 c1 e8 09 48 8b 79
0x00007ffe3737ee0d:   48 48 2b 79 40 49 03 f8 48 8b d7 e8 93 c1 ff ff
0x00007ffe3737ee1d:   84 c0 74 1a 80 7b 28 00 48 8d 4b 18 74 10 48 8b
0x00007ffe3737ee2d:   43 50 48 8b 50 40 48 03 d7 e8 25 b0 37 00 48 8b
0x00007ffe3737ee3d:   7c 24 30 48 83 c4 20 5b c3 cc cc cc cc cc cc cc
0x00007ffe3737ee4d:   cc cc cc 48 89 5c 24 08 48 89 74 24 10 57 48 83
0x00007ffe3737ee5d:   ec 20 48 63 fa 48 8d 05 17 8c 56 00 45 33 c0 48
0x00007ffe3737ee6d:   89 01 48 8b f1 89 79 08 48 8b df 48 8d 0c fd 00
0x00007ffe3737ee7d:   00 00 00 41 8d 50 05 e8 37 8a dd ff 45 33 db 48
0x00007ffe3737ee8d:   89 46 10 4c 8d 4e 10 4c 8b d0 45 8b c3 85 ff 7e
0x00007ffe3737ee9d:   56 83 ff 02 72 51 8d 4f ff 48 63 d1 48 8d 04 d0
0x00007ffe3737eead:   4d 3b d1 77 05 49 3b c1 73 3d 8b c7 25 01 00 00
0x00007ffe3737eebd:   80 7d 07 ff c8 83 c8 fe ff c0 2b f8 0f 1f 80 00
0x00007ffe3737eecd:   00 00 00 41 83 c0 02 44 3b c7 7c f7 8d 47 01 49
0x00007ffe3737eedd:   8b fa 99 2b c2 d1 f8 48 63 c8 48 c1 e1 04 48 c1 


Stack slot to memory mapping:
stack at sp + 0 slots: 0x0000020ab5324210 points into unknown readable memory: 0x00007ffe378ed828 | 28 d8 8e 37 fe 7f 00 00
stack at sp + 1 slots: 0x00000000829783d5 is pointing into object: [Ljava.util.concurrent.ConcurrentHashMap$Node; 
{0x0000000082974cd8} - klass: 'java/util/concurrent/ConcurrentHashMap$Node'[]
 - length: 4096
stack at sp + 2 slots: 0x0000020a950f7aa0 points into unknown readable memory: 0x0000000000000481 | 81 04 00 00 00 00 00 00
stack at sp + 3 slots: 0x00007ffe3737a578 jvm.dll
stack at sp + 4 slots: 0x00000000829783e0 is pointing into object: [Ljava.util.concurrent.ConcurrentHashMap$Node; 
{0x0000000082974cd8} - klass: 'java/util/concurrent/ConcurrentHashMap$Node'[]
 - length: 4096
stack at sp + 5 slots: 0x00007ffe3737e7ab jvm.dll
stack at sp + 6 slots: 0x00000000829783d4 is pointing into object: [Ljava.util.concurrent.ConcurrentHashMap$Node; 
{0x0000000082974cd8} - klass: 'java/util/concurrent/ConcurrentHashMap$Node'[]
 - length: 4096
stack at sp + 7 slots: 0x0000020ab5324210 points into unknown readable memory: 0x00007ffe378ed828 | 28 d8 8e 37 fe 7f 00 00


---------------  P R O C E S S  ---------------

Threads class SMR info:
_java_thread_list=0x0000020ab5948620, length=78, elements={
0x0000020a950dd000, 0x0000020aaf4e2800, 0x0000020aaf4e5800, 0x0000020aaf4e0800,
0x0000020aafd36800, 0x0000020aafd38800, 0x0000020aafd3c000, 0x0000020aafd3d000,
0x0000020aafd41000, 0x0000020aafea1800, 0x0000020ab1c01000, 0x0000020ab1179800,
0x0000020ab17b8800, 0x0000020ab1cbc000, 0x0000020ab0c88800, 0x0000020ab113a000,
0x0000020ab1895000, 0x0000020ab09cc800, 0x0000020ab09cd000, 0x0000020ab1cf3800,
0x0000020ab1f50800, 0x0000020ab1f51800, 0x0000020ab1f4e800, 0x0000020ab1c51800,
0x0000020ab1f52800, 0x0000020ab1f4f000, 0x0000020ab1f4c800, 0x0000020ab1f53000,
0x0000020ab1f4d800, 0x0000020ab1f50000, 0x0000020ab3b73000, 0x0000020ab3b75800,
0x0000020ab3b74000, 0x0000020ab3b75000, 0x0000020ab3b76800, 0x0000020ab3b78000,
0x0000020ab3b72800, 0x0000020ab3b79800, 0x0000020ab3b7a800, 0x0000020ab3b7e000,
0x0000020ab3b7c000, 0x0000020ab3b7d000, 0x0000020ab3b7b800, 0x0000020ab3b7e800,
0x0000020ab3b79000, 0x0000020ab3b7f800, 0x0000020ab3b80000, 0x0000020ab3b81000,
0x0000020ab2032800, 0x0000020ab2030000, 0x0000020ab202d000, 0x0000020ab202f800,
0x0000020ab2031000, 0x0000020ab2031800, 0x0000020ab2033800, 0x0000020ab202e800,
0x0000020ab202d800, 0x0000020ab2034000, 0x0000020ab2039000, 0x0000020ab203a000,
0x0000020ab2036800, 0x0000020ab2037800, 0x0000020ab203a800, 0x0000020ab2038800,
0x0000020ab2035000, 0x0000020ab203b800, 0x0000020ab2036000, 0x0000020ab0077000,
0x0000020ab007b800, 0x0000020ab007a000, 0x0000020ab0076000, 0x0000020ab007c800,
0x0000020ab0078800, 0x0000020ab007d800, 0x0000020ab0077800, 0x0000020ab007e000,
0x0000020ab007f000, 0x0000020ab0079000
}

Java Threads: ( => current thread )
  0x0000020a950dd000 JavaThread "main" [_thread_blocked, id=17380, stack(0x0000005b78200000,0x0000005b78300000)]
  0x0000020aaf4e2800 JavaThread "Reference Handler" daemon [_thread_blocked, id=17492, stack(0x0000005b78900000,0x0000005b78a00000)]
  0x0000020aaf4e5800 JavaThread "Finalizer" daemon [_thread_blocked, id=21268, stack(0x0000005b78a00000,0x0000005b78b00000)]
  0x0000020aaf4e0800 JavaThread "Signal Dispatcher" daemon [_thread_blocked, id=15612, stack(0x0000005b78b00000,0x0000005b78c00000)]
  0x0000020aafd36800 JavaThread "Attach Listener" daemon [_thread_blocked, id=3692, stack(0x0000005b78c00000,0x0000005b78d00000)]
  0x0000020aafd38800 JavaThread "Service Thread" daemon [_thread_blocked, id=16528, stack(0x0000005b78d00000,0x0000005b78e00000)]
  0x0000020aafd3c000 JavaThread "C2 CompilerThread0" daemon [_thread_blocked, id=17456, stack(0x0000005b78e00000,0x0000005b78f00000)]
  0x0000020aafd3d000 JavaThread "C1 CompilerThread0" daemon [_thread_blocked, id=8484, stack(0x0000005b78f00000,0x0000005b79000000)]
  0x0000020aafd41000 JavaThread "Sweeper thread" daemon [_thread_blocked, id=10016, stack(0x0000005b79000000,0x0000005b79100000)]
  0x0000020aafea1800 JavaThread "Common-Cleaner" daemon [_thread_blocked, id=13208, stack(0x0000005b79100000,0x0000005b79200000)]
  0x0000020ab1c01000 JavaThread "Daemon health stats" [_thread_blocked, id=22064, stack(0x0000005b79700000,0x0000005b79800000)]
  0x0000020ab1179800 JavaThread "Incoming local TCP Connector on port 62063" [_thread_in_native, id=13324, stack(0x0000005b79300000,0x0000005b79400000)]
  0x0000020ab17b8800 JavaThread "Daemon periodic checks" [_thread_blocked, id=18308, stack(0x0000005b79800000,0x0000005b79900000)]
  0x0000020ab1cbc000 JavaThread "Daemon" [_thread_blocked, id=17264, stack(0x0000005b79900000,0x0000005b79a00000)]
  0x0000020ab0c88800 JavaThread "Handler for socket connection from /127.0.0.1:62063 to /127.0.0.1:62064" [_thread_in_native, id=16592, stack(0x0000005b79a00000,0x0000005b79b00000)]
  0x0000020ab113a000 JavaThread "Cancel handler" [_thread_blocked, id=21972, stack(0x0000005b79b00000,0x0000005b79c00000)]
  0x0000020ab1895000 JavaThread "Daemon worker" [_thread_blocked, id=12180, stack(0x0000005b79c00000,0x0000005b79d00000)]
  0x0000020ab09cc800 JavaThread "Asynchronous log dispatcher for DefaultDaemonConnection: socket connection from /127.0.0.1:62063 to /127.0.0.1:62064" [_thread_blocked, id=13000, stack(0x0000005b79d00000,0x0000005b79e00000)]
  0x0000020ab09cd000 JavaThread "Stdin handler" [_thread_blocked, id=5672, stack(0x0000005b79e00000,0x0000005b79f00000)]
  0x0000020ab1cf3800 JavaThread "Daemon client event forwarder" [_thread_blocked, id=18288, stack(0x0000005b79f00000,0x0000005b7a000000)]
  0x0000020ab1f50800 JavaThread "Cache worker for journal cache (C:\Users\Royyan\.gradle\caches\journal-1)" [_thread_blocked, id=484, stack(0x0000005b7a000000,0x0000005b7a100000)]
  0x0000020ab1f51800 JavaThread "File lock request listener" [_thread_in_native, id=12768, stack(0x0000005b7a100000,0x0000005b7a200000)]
  0x0000020ab1f4e800 JavaThread "Cache worker for file hash cache (C:\Users\Royyan\.gradle\caches\7.4\fileHashes)" [_thread_blocked, id=16284, stack(0x0000005b7a200000,0x0000005b7a300000)]
  0x0000020ab1c51800 JavaThread "C2 CompilerThread1" daemon [_thread_blocked, id=16860, stack(0x0000005b7a300000,0x0000005b7a400000)]
  0x0000020ab1f52800 JavaThread "File watcher server" daemon [_thread_in_native, id=21248, stack(0x0000005b7a400000,0x0000005b7a500000)]
  0x0000020ab1f4f000 JavaThread "File watcher consumer" daemon [_thread_blocked, id=11944, stack(0x0000005b7a500000,0x0000005b7a600000)]
  0x0000020ab1f4c800 JavaThread "Cache worker for checksums cache (C:\Users\Royyan\AndroidStudioProjects\ArifCahyono\.gradle\7.4\checksums)" [_thread_blocked, id=15760, stack(0x0000005b7a600000,0x0000005b7a700000)]
  0x0000020ab1f53000 JavaThread "Cache worker for cache directory md-rule (C:\Users\Royyan\.gradle\caches\7.4\md-rule)" [_thread_blocked, id=9832, stack(0x0000005b7a700000,0x0000005b7a800000)]
  0x0000020ab1f4d800 JavaThread "Cache worker for file hash cache (C:\Users\Royyan\AndroidStudioProjects\ArifCahyono\.gradle\7.4\fileHashes)" [_thread_blocked, id=18296, stack(0x0000005b7a800000,0x0000005b7a900000)]
  0x0000020ab1f50000 JavaThread "Cache worker for cache directory md-supplier (C:\Users\Royyan\.gradle\caches\7.4\md-supplier)" [_thread_blocked, id=9184, stack(0x0000005b7a900000,0x0000005b7aa00000)]
  0x0000020ab3b73000 JavaThread "Cache worker for execution history cache (C:\Users\Royyan\.gradle\caches\7.4\executionHistory)" [_thread_blocked, id=17144, stack(0x0000005b7aa00000,0x0000005b7ab00000)]
  0x0000020ab3b75800 JavaThread "jar transforms" [_thread_blocked, id=15192, stack(0x0000005b7ab00000,0x0000005b7ac00000)]
  0x0000020ab3b74000 JavaThread "Cache worker for file content cache (C:\Users\Royyan\.gradle\caches\7.4\fileContent)" [_thread_blocked, id=17440, stack(0x0000005b7ac00000,0x0000005b7ad00000)]
  0x0000020ab3b75000 JavaThread "jar transforms Thread 2" [_thread_blocked, id=12048, stack(0x0000005b7ad00000,0x0000005b7ae00000)]
  0x0000020ab3b76800 JavaThread "Cache worker for dependencies-accessors (C:\Users\Royyan\AndroidStudioProjects\ArifCahyono\.gradle\7.4\dependencies-accessors)" [_thread_blocked, id=13492, stack(0x0000005b7ae00000,0x0000005b7af00000)]
  0x0000020ab3b78000 JavaThread "jar transforms Thread 3" [_thread_blocked, id=3888, stack(0x0000005b7af00000,0x0000005b7b000000)]
  0x0000020ab3b72800 JavaThread "Cache worker for Build Output Cleanup Cache (C:\Users\Royyan\AndroidStudioProjects\ArifCahyono\.gradle\buildOutputCleanup)" [_thread_blocked, id=404, stack(0x0000005b7b000000,0x0000005b7b100000)]
  0x0000020ab3b79800 JavaThread "Unconstrained build operations" [_thread_blocked, id=13424, stack(0x0000005b7b100000,0x0000005b7b200000)]
  0x0000020ab3b7a800 JavaThread "Unconstrained build operations Thread 2" [_thread_blocked, id=4512, stack(0x0000005b7b200000,0x0000005b7b300000)]
  0x0000020ab3b7e000 JavaThread "Unconstrained build operations Thread 3" [_thread_blocked, id=16912, stack(0x0000005b7b300000,0x0000005b7b400000)]
  0x0000020ab3b7c000 JavaThread "Unconstrained build operations Thread 4" [_thread_blocked, id=6976, stack(0x0000005b7b400000,0x0000005b7b500000)]
  0x0000020ab3b7d000 JavaThread "Unconstrained build operations Thread 5" [_thread_blocked, id=11472, stack(0x0000005b7b500000,0x0000005b7b600000)]
  0x0000020ab3b7b800 JavaThread "Unconstrained build operations Thread 6" [_thread_blocked, id=11524, stack(0x0000005b7b600000,0x0000005b7b700000)]
  0x0000020ab3b7e800 JavaThread "Unconstrained build operations Thread 7" [_thread_blocked, id=21636, stack(0x0000005b7b700000,0x0000005b7b800000)]
  0x0000020ab3b79000 JavaThread "Unconstrained build operations Thread 8" [_thread_blocked, id=8196, stack(0x0000005b7b800000,0x0000005b7b900000)]
  0x0000020ab3b7f800 JavaThread "Unconstrained build operations Thread 9" [_thread_blocked, id=20956, stack(0x0000005b7b900000,0x0000005b7ba00000)]
  0x0000020ab3b80000 JavaThread "Unconstrained build operations Thread 10" [_thread_blocked, id=10380, stack(0x0000005b7ba00000,0x0000005b7bb00000)]
  0x0000020ab3b81000 JavaThread "Unconstrained build operations Thread 11" [_thread_blocked, id=2424, stack(0x0000005b7bb00000,0x0000005b7bc00000)]
  0x0000020ab2032800 JavaThread "Unconstrained build operations Thread 12" [_thread_blocked, id=5532, stack(0x0000005b7bc00000,0x0000005b7bd00000)]
  0x0000020ab2030000 JavaThread "Unconstrained build operations Thread 13" [_thread_blocked, id=18788, stack(0x0000005b7bd00000,0x0000005b7be00000)]
  0x0000020ab202d000 JavaThread "Unconstrained build operations Thread 14" [_thread_blocked, id=1396, stack(0x0000005b7be00000,0x0000005b7bf00000)]
  0x0000020ab202f800 JavaThread "Unconstrained build operations Thread 15" [_thread_blocked, id=7572, stack(0x0000005b7bf00000,0x0000005b7c000000)]
  0x0000020ab2031000 JavaThread "Unconstrained build operations Thread 16" [_thread_blocked, id=13552, stack(0x0000005b7c000000,0x0000005b7c100000)]
  0x0000020ab2031800 JavaThread "Unconstrained build operations Thread 17" [_thread_blocked, id=8896, stack(0x0000005b7c100000,0x0000005b7c200000)]
  0x0000020ab2033800 JavaThread "Unconstrained build operations Thread 18" [_thread_blocked, id=19312, stack(0x0000005b7c200000,0x0000005b7c300000)]
  0x0000020ab202e800 JavaThread "Unconstrained build operations Thread 19" [_thread_blocked, id=8352, stack(0x0000005b7c300000,0x0000005b7c400000)]
  0x0000020ab202d800 JavaThread "Unconstrained build operations Thread 20" [_thread_blocked, id=13896, stack(0x0000005b7c400000,0x0000005b7c500000)]
  0x0000020ab2034000 JavaThread "Unconstrained build operations Thread 21" [_thread_blocked, id=10440, stack(0x0000005b7c500000,0x0000005b7c600000)]
  0x0000020ab2039000 JavaThread "Unconstrained build operations Thread 22" [_thread_blocked, id=11200, stack(0x0000005b7c600000,0x0000005b7c700000)]
  0x0000020ab203a000 JavaThread "Unconstrained build operations Thread 23" [_thread_blocked, id=8748, stack(0x0000005b7c700000,0x0000005b7c800000)]
  0x0000020ab2036800 JavaThread "Unconstrained build operations Thread 24" [_thread_blocked, id=10616, stack(0x0000005b7c800000,0x0000005b7c900000)]
  0x0000020ab2037800 JavaThread "Unconstrained build operations Thread 25" [_thread_blocked, id=15396, stack(0x0000005b7c900000,0x0000005b7ca00000)]
  0x0000020ab203a800 JavaThread "Unconstrained build operations Thread 26" [_thread_blocked, id=19584, stack(0x0000005b7ca00000,0x0000005b7cb00000)]
  0x0000020ab2038800 JavaThread "Unconstrained build operations Thread 27" [_thread_blocked, id=12860, stack(0x0000005b7cb00000,0x0000005b7cc00000)]
  0x0000020ab2035000 JavaThread "Unconstrained build operations Thread 28" [_thread_blocked, id=13168, stack(0x0000005b7cc00000,0x0000005b7cd00000)]
  0x0000020ab203b800 JavaThread "Unconstrained build operations Thread 29" [_thread_blocked, id=10216, stack(0x0000005b7cd00000,0x0000005b7ce00000)]
  0x0000020ab2036000 JavaThread "Unconstrained build operations Thread 30" [_thread_blocked, id=7628, stack(0x0000005b7ce00000,0x0000005b7cf00000)]
  0x0000020ab0077000 JavaThread "Unconstrained build operations Thread 31" [_thread_blocked, id=10096, stack(0x0000005b7cf00000,0x0000005b7d000000)]
  0x0000020ab007b800 JavaThread "Unconstrained build operations Thread 32" [_thread_blocked, id=5424, stack(0x0000005b7d000000,0x0000005b7d100000)]
  0x0000020ab007a000 JavaThread "Unconstrained build operations Thread 33" [_thread_blocked, id=9488, stack(0x0000005b7d100000,0x0000005b7d200000)]
  0x0000020ab0076000 JavaThread "Unconstrained build operations Thread 34" [_thread_blocked, id=7696, stack(0x0000005b7d200000,0x0000005b7d300000)]
  0x0000020ab007c800 JavaThread "Unconstrained build operations Thread 35" [_thread_blocked, id=19324, stack(0x0000005b7d300000,0x0000005b7d400000)]
  0x0000020ab0078800 JavaThread "Unconstrained build operations Thread 36" [_thread_blocked, id=10964, stack(0x0000005b7d400000,0x0000005b7d500000)]
  0x0000020ab007d800 JavaThread "Unconstrained build operations Thread 37" [_thread_blocked, id=13396, stack(0x0000005b7d500000,0x0000005b7d600000)]
  0x0000020ab0077800 JavaThread "Unconstrained build operations Thread 38" [_thread_blocked, id=14572, stack(0x0000005b7d600000,0x0000005b7d700000)]
  0x0000020ab007e000 JavaThread "Unconstrained build operations Thread 39" [_thread_blocked, id=20968, stack(0x0000005b7d700000,0x0000005b7d800000)]
  0x0000020ab007f000 JavaThread "Unconstrained build operations Thread 40" [_thread_blocked, id=18504, stack(0x0000005b7d800000,0x0000005b7d900000)]
  0x0000020ab0079000 JavaThread "jar transforms Thread 4" [_thread_blocked, id=1772, stack(0x0000005b7d900000,0x0000005b7da00000)]

Other Threads:
  0x0000020aaf4ce000 VMThread "VM Thread" [stack: 0x0000005b78800000,0x0000005b78900000] [id=14252]
  0x0000020aafeb2800 WatcherThread [stack: 0x0000005b79200000,0x0000005b79300000] [id=21700]
  0x0000020a950f6800 GCTaskThread "GC Thread#0" [stack: 0x0000005b78300000,0x0000005b78400000] [id=2656]
  0x0000020ab0815800 GCTaskThread "GC Thread#1" [stack: 0x0000005b79400000,0x0000005b79500000] [id=4748]
  0x0000020ab0593800 GCTaskThread "GC Thread#2" [stack: 0x0000005b79500000,0x0000005b79600000] [id=6408]
=>0x0000020ab02af000 GCTaskThread "GC Thread#3" [stack: 0x0000005b79600000,0x0000005b79700000] [id=17908]
  0x0000020a95126000 ConcurrentGCThread "G1 Main Marker" [stack: 0x0000005b78400000,0x0000005b78500000] [id=8720]
  0x0000020a95127800 ConcurrentGCThread "G1 Conc#0" [stack: 0x0000005b78500000,0x0000005b78600000] [id=7748]
  0x0000020aaf31e800 ConcurrentGCThread "G1 Refine#0" [stack: 0x0000005b78600000,0x0000005b78700000] [id=7900]
  0x0000020a951be000 ConcurrentGCThread "G1 Young RemSet Sampling" [stack: 0x0000005b78700000,0x0000005b78800000] [id=8524]

Threads with active compile tasks:
C2 CompilerThread0  23057 5910       4       org.gradle.internal.service.DefaultServiceRegistry$ClassInspector$ClassDetails::collectTypes (63 bytes)
C2 CompilerThread1  23057 5767       4       org.objectweb.asm.SymbolTable::addConstantMemberReference (147 bytes)

VM state:at safepoint (normal execution)

VM Mutex/Monitor currently owned by a thread:  ([mutex/lock_event])
[0x0000020a950da270] Threads_lock - owner thread: 0x0000020aaf4ce000
[0x0000020a950d9580] Heap_lock - owner thread: 0x0000020ab1895000

Heap address: 0x0000000080000000, size: 2048 MB, Compressed Oops mode: 32-bit
Narrow klass base: 0x0000000000000000, Narrow klass shift: 3
Compressed class space size: 1073741824 Address: 0x0000000100000000

Heap:
 garbage-first heap   total 196608K, used 111279K [0x0000000080000000, 0x0000000100000000)
  region size 1024K, 66 young (67584K), 3 survivors (3072K)
 Metaspace       used 58843K, capacity 60274K, committed 60368K, reserved 1101824K
  class space    used 7393K, capacity 7955K, committed 8012K, reserved 1048576K
Heap Regions: E=young(eden), S=young(survivor), O=old, HS=humongous(starts), HC=humongous(continues), CS=collection set, F=free, A=archive, TAMS=top-at-mark-start (previous, next)
|   0|0x0000000080000000, 0x0000000080100000, 0x0000000080100000|100%|HS|  |TAMS 0x0000000080100000, 0x0000000080100000| Complete 
|   1|0x0000000080100000, 0x0000000080200000, 0x0000000080200000|100%|HC|  |TAMS 0x0000000080200000, 0x0000000080200000| Complete 
|   2|0x0000000080200000, 0x0000000080300000, 0x0000000080300000|100%|HC|  |TAMS 0x0000000080300000, 0x0000000080300000| Complete 
|   3|0x0000000080300000, 0x0000000080400000, 0x0000000080400000|100%| O|  |TAMS 0x0000000080400000, 0x0000000080400000| Untracked 
|   4|0x0000000080400000, 0x0000000080500000, 0x0000000080500000|100%| O|  |TAMS 0x0000000080500000, 0x0000000080500000| Untracked 
|   5|0x0000000080500000, 0x0000000080600000, 0x0000000080600000|100%| O|  |TAMS 0x0000000080600000, 0x0000000080600000| Untracked 
|   6|0x0000000080600000, 0x0000000080700000, 0x0000000080700000|100%| O|  |TAMS 0x0000000080700000, 0x0000000080700000| Untracked 
|   7|0x0000000080700000, 0x0000000080800000, 0x0000000080800000|100%| O|  |TAMS 0x0000000080800000, 0x0000000080800000| Untracked 
|   8|0x0000000080800000, 0x0000000080900000, 0x0000000080900000|100%| O|  |TAMS 0x0000000080900000, 0x0000000080900000| Untracked 
|   9|0x0000000080900000, 0x0000000080a00000, 0x0000000080a00000|100%| O|  |TAMS 0x0000000080a00000, 0x0000000080a00000| Untracked 
|  10|0x0000000080a00000, 0x0000000080b00000, 0x0000000080b00000|100%| O|  |TAMS 0x0000000080b00000, 0x0000000080b00000| Untracked 
|  11|0x0000000080b00000, 0x0000000080c00000, 0x0000000080c00000|100%| O|  |TAMS 0x0000000080c00000, 0x0000000080c00000| Untracked 
|  12|0x0000000080c00000, 0x0000000080d00000, 0x0000000080d00000|100%| O|  |TAMS 0x0000000080d00000, 0x0000000080d00000| Untracked 
|  13|0x0000000080d00000, 0x0000000080e00000, 0x0000000080e00000|100%| O|  |TAMS 0x0000000080e00000, 0x0000000080e00000| Untracked 
|  14|0x0000000080e00000, 0x0000000080f00000, 0x0000000080f00000|100%| O|  |TAMS 0x0000000080f00000, 0x0000000080f00000| Untracked 
|  15|0x0000000080f00000, 0x0000000081000000, 0x0000000081000000|100%| O|  |TAMS 0x0000000080fc9600, 0x0000000081000000| Untracked 
|  16|0x0000000081000000, 0x0000000081100000, 0x0000000081100000|100%|HS|  |TAMS 0x0000000081000000, 0x0000000081100000| Complete 
|  17|0x0000000081100000, 0x0000000081200000, 0x0000000081200000|100%|HS|  |TAMS 0x0000000081100000, 0x0000000081200000| Complete 
|  18|0x0000000081200000, 0x0000000081300000, 0x0000000081300000|100%|HS|  |TAMS 0x0000000081200000, 0x0000000081300000| Complete 
|  19|0x0000000081300000, 0x0000000081400000, 0x0000000081400000|100%|HS|  |TAMS 0x0000000081300000, 0x0000000081400000| Complete 
|  20|0x0000000081400000, 0x0000000081500000, 0x0000000081500000|100%|HC|  |TAMS 0x0000000081400000, 0x0000000081500000| Complete 
|  21|0x0000000081500000, 0x0000000081600000, 0x0000000081600000|100%|HC|  |TAMS 0x0000000081500000, 0x0000000081600000| Complete 
|  22|0x0000000081600000, 0x0000000081700000, 0x0000000081700000|100%| O|  |TAMS 0x0000000081600000, 0x0000000081700000| Untracked 
|  23|0x0000000081700000, 0x0000000081800000, 0x0000000081800000|100%|HS|  |TAMS 0x0000000081700000, 0x0000000081800000| Complete 
|  24|0x0000000081800000, 0x0000000081900000, 0x0000000081900000|100%|HC|  |TAMS 0x0000000081800000, 0x0000000081900000| Complete 
|  25|0x0000000081900000, 0x0000000081a00000, 0x0000000081a00000|100%| O|  |TAMS 0x0000000081900000, 0x0000000081a00000| Untracked 
|  26|0x0000000081a00000, 0x0000000081b00000, 0x0000000081b00000|100%| O|  |TAMS 0x0000000081a00000, 0x0000000081b00000| Untracked 
|  27|0x0000000081b00000, 0x0000000081c00000, 0x0000000081c00000|100%| O|  |TAMS 0x0000000081b00000, 0x0000000081c00000| Untracked 
|  28|0x0000000081c00000, 0x0000000081d00000, 0x0000000081d00000|100%| O|  |TAMS 0x0000000081c00000, 0x0000000081d00000| Untracked 
|  29|0x0000000081d00000, 0x0000000081e00000, 0x0000000081e00000|100%| O|  |TAMS 0x0000000081d00000, 0x0000000081e00000| Untracked 
|  30|0x0000000081e00000, 0x0000000081f00000, 0x0000000081f00000|100%| O|  |TAMS 0x0000000081e00000, 0x0000000081f00000| Untracked 
|  31|0x0000000081f00000, 0x0000000082000000, 0x0000000082000000|100%| O|  |TAMS 0x0000000081f00000, 0x0000000082000000| Untracked 
|  32|0x0000000082000000, 0x0000000082100000, 0x0000000082100000|100%| O|  |TAMS 0x0000000082000000, 0x0000000082100000| Untracked 
|  33|0x0000000082100000, 0x0000000082200000, 0x0000000082200000|100%| O|  |TAMS 0x0000000082100000, 0x0000000082200000| Untracked 
|  34|0x0000000082200000, 0x0000000082300000, 0x0000000082300000|100%| O|  |TAMS 0x0000000082200000, 0x0000000082300000| Untracked 
|  35|0x0000000082300000, 0x0000000082400000, 0x0000000082400000|100%| O|  |TAMS 0x0000000082300000, 0x0000000082400000| Untracked 
|  36|0x0000000082400000, 0x0000000082500000, 0x0000000082500000|100%| O|  |TAMS 0x0000000082400000, 0x0000000082500000| Untracked 
|  37|0x0000000082500000, 0x0000000082600000, 0x0000000082600000|100%| O|  |TAMS 0x0000000082500000, 0x0000000082600000| Untracked 
|  38|0x0000000082600000, 0x0000000082700000, 0x0000000082700000|100%| O|  |TAMS 0x0000000082600000, 0x0000000082700000| Untracked 
|  39|0x0000000082700000, 0x0000000082800000, 0x0000000082800000|100%| O|  |TAMS 0x0000000082700000, 0x0000000082800000| Untracked 
|  40|0x0000000082800000, 0x0000000082900000, 0x0000000082900000|100%| O|  |TAMS 0x0000000082800000, 0x0000000082900000| Untracked 
|  41|0x0000000082900000, 0x0000000082a00000, 0x0000000082a00000|100%| O|  |TAMS 0x0000000082900000, 0x0000000082a00000| Untracked 
|  42|0x0000000082a00000, 0x0000000082b00000, 0x0000000082b00000|100%| O|  |TAMS 0x0000000082a00000, 0x0000000082b00000| Untracked 
|  43|0x0000000082b00000, 0x0000000082c00000, 0x0000000082c00000|100%| O|  |TAMS 0x0000000082b00000, 0x0000000082c00000| Untracked 
|  44|0x0000000082c00000, 0x0000000082d00000, 0x0000000082d00000|100%| O|  |TAMS 0x0000000082c00000, 0x0000000082d00000| Untracked 
|  45|0x0000000082d00000, 0x0000000082e00000, 0x0000000082e00000|100%| O|  |TAMS 0x0000000082d00000, 0x0000000082e00000| Untracked 
|  46|0x0000000082e00000, 0x0000000082f00000, 0x0000000082f00000|100%| O|  |TAMS 0x0000000082e00000, 0x0000000082f00000| Untracked 
|  47|0x0000000082f00000, 0x0000000082f886b0, 0x0000000083000000| 53%| O|  |TAMS 0x0000000082f00000, 0x0000000083000000| Untracked 
|  48|0x0000000083000000, 0x0000000083000000, 0x0000000083100000|  0%| F|  |TAMS 0x0000000083000000, 0x0000000083000000| Untracked 
|  49|0x0000000083100000, 0x0000000083100000, 0x0000000083200000|  0%| F|  |TAMS 0x0000000083100000, 0x0000000083100000| Untracked 
|  50|0x0000000083200000, 0x0000000083200000, 0x0000000083300000|  0%| F|  |TAMS 0x0000000083200000, 0x0000000083200000| Untracked 
|  51|0x0000000083300000, 0x0000000083300000, 0x0000000083400000|  0%| F|  |TAMS 0x0000000083300000, 0x0000000083300000| Untracked 
|  52|0x0000000083400000, 0x0000000083400000, 0x0000000083500000|  0%| F|  |TAMS 0x0000000083400000, 0x0000000083400000| Untracked 
|  53|0x0000000083500000, 0x0000000083500000, 0x0000000083600000|  0%| F|  |TAMS 0x0000000083500000, 0x0000000083500000| Untracked 
|  54|0x0000000083600000, 0x0000000083600000, 0x0000000083700000|  0%| F|  |TAMS 0x0000000083600000, 0x0000000083600000| Untracked 
|  55|0x0000000083700000, 0x0000000083700000, 0x0000000083800000|  0%| F|  |TAMS 0x0000000083700000, 0x0000000083700000| Untracked 
|  56|0x0000000083800000, 0x0000000083800000, 0x0000000083900000|  0%| F|  |TAMS 0x0000000083800000, 0x0000000083800000| Untracked 
|  57|0x0000000083900000, 0x0000000083900000, 0x0000000083a00000|  0%| F|  |TAMS 0x0000000083900000, 0x0000000083900000| Untracked 
|  58|0x0000000083a00000, 0x0000000083a00000, 0x0000000083b00000|  0%| F|  |TAMS 0x0000000083a00000, 0x0000000083a00000| Untracked 
|  59|0x0000000083b00000, 0x0000000083b00000, 0x0000000083c00000|  0%| F|  |TAMS 0x0000000083b00000, 0x0000000083b00000| Untracked 
|  60|0x0000000083c00000, 0x0000000083c00000, 0x0000000083d00000|  0%| F|  |TAMS 0x0000000083c00000, 0x0000000083c00000| Untracked 
|  61|0x0000000083d00000, 0x0000000083d00000, 0x0000000083e00000|  0%| F|  |TAMS 0x0000000083d00000, 0x0000000083d00000| Untracked 
|  62|0x0000000083e00000, 0x0000000083f00000, 0x0000000083f00000|100%| E|CS|TAMS 0x0000000083e00000, 0x0000000083f00000| Complete 
|  63|0x0000000083f00000, 0x0000000084000000, 0x0000000084000000|100%| E|CS|TAMS 0x0000000083f00000, 0x0000000084000000| Complete 
|  64|0x0000000084000000, 0x0000000084100000, 0x0000000084100000|100%| E|CS|TAMS 0x0000000084000000, 0x0000000084100000| Complete 
|  65|0x0000000084100000, 0x0000000084200000, 0x0000000084200000|100%| E|CS|TAMS 0x0000000084100000, 0x0000000084200000| Complete 
|  66|0x0000000084200000, 0x0000000084300000, 0x0000000084300000|100%| E|CS|TAMS 0x0000000084200000, 0x0000000084300000| Complete 
|  67|0x0000000084300000, 0x0000000084400000, 0x0000000084400000|100%| E|CS|TAMS 0x0000000084300000, 0x0000000084400000| Complete 
|  68|0x0000000084400000, 0x0000000084500000, 0x0000000084500000|100%| E|CS|TAMS 0x0000000084400000, 0x0000000084500000| Complete 
|  69|0x0000000084500000, 0x0000000084600000, 0x0000000084600000|100%| E|CS|TAMS 0x0000000084500000, 0x0000000084600000| Complete 
|  70|0x0000000084600000, 0x0000000084700000, 0x0000000084700000|100%| E|CS|TAMS 0x0000000084600000, 0x0000000084700000| Complete 
|  71|0x0000000084700000, 0x0000000084800000, 0x0000000084800000|100%| E|CS|TAMS 0x0000000084700000, 0x0000000084800000| Complete 
|  72|0x0000000084800000, 0x0000000084900000, 0x0000000084900000|100%| E|CS|TAMS 0x0000000084800000, 0x0000000084900000| Complete 
|  73|0x0000000084900000, 0x0000000084900000, 0x0000000084a00000|  0%| F|  |TAMS 0x0000000084900000, 0x0000000084900000| Untracked 
|  74|0x0000000084a00000, 0x0000000084a00000, 0x0000000084b00000|  0%| F|  |TAMS 0x0000000084a00000, 0x0000000084a00000| Untracked 
|  75|0x0000000084b00000, 0x0000000084b00000, 0x0000000084c00000|  0%| F|  |TAMS 0x0000000084b00000, 0x0000000084b00000| Untracked 
|  76|0x0000000084c00000, 0x0000000084c00000, 0x0000000084d00000|  0%| F|  |TAMS 0x0000000084c00000, 0x0000000084c00000| Untracked 
|  77|0x0000000084d00000, 0x0000000084d00000, 0x0000000084e00000|  0%| F|  |TAMS 0x0000000084d00000, 0x0000000084d00000| Untracked 
|  78|0x0000000084e00000, 0x0000000084e00000, 0x0000000084f00000|  0%| F|  |TAMS 0x0000000084e00000, 0x0000000084e00000| Untracked 
|  79|0x0000000084f00000, 0x0000000084f00000, 0x0000000085000000|  0%| F|  |TAMS 0x0000000084f00000, 0x0000000084f00000| Untracked 
|  80|0x0000000085000000, 0x0000000085000000, 0x0000000085100000|  0%| F|  |TAMS 0x0000000085000000, 0x0000000085000000| Untracked 
|  81|0x0000000085100000, 0x0000000085100000, 0x0000000085200000|  0%| F|  |TAMS 0x0000000085100000, 0x0000000085100000| Untracked 
|  82|0x0000000085200000, 0x0000000085200000, 0x0000000085300000|  0%| F|  |TAMS 0x0000000085200000, 0x0000000085200000| Untracked 
|  83|0x0000000085300000, 0x0000000085300000, 0x0000000085400000|  0%| F|  |TAMS 0x0000000085300000, 0x0000000085300000| Untracked 
|  84|0x0000000085400000, 0x0000000085400000, 0x0000000085500000|  0%| F|  |TAMS 0x0000000085400000, 0x0000000085400000| Untracked 
|  85|0x0000000085500000, 0x0000000085500000, 0x0000000085600000|  0%| F|  |TAMS 0x0000000085500000, 0x0000000085500000| Untracked 
|  86|0x0000000085600000, 0x0000000085700000, 0x0000000085700000|100%| E|CS|TAMS 0x0000000085600000, 0x0000000085700000| Complete 
|  87|0x0000000085700000, 0x0000000085800000, 0x0000000085800000|100%| E|CS|TAMS 0x0000000085700000, 0x0000000085800000| Complete 
|  88|0x0000000085800000, 0x0000000085900000, 0x0000000085900000|100%| E|CS|TAMS 0x0000000085800000, 0x0000000085900000| Complete 
|  89|0x0000000085900000, 0x0000000085a00000, 0x0000000085a00000|100%| E|CS|TAMS 0x0000000085900000, 0x0000000085a00000| Complete 
|  90|0x0000000085a00000, 0x0000000085a00000, 0x0000000085b00000|  0%| F|  |TAMS 0x0000000085a00000, 0x0000000085a00000| Untracked 
|  91|0x0000000085b00000, 0x0000000085b00000, 0x0000000085c00000|  0%| F|  |TAMS 0x0000000085b00000, 0x0000000085b00000| Untracked 
|  92|0x0000000085c00000, 0x0000000085c00000, 0x0000000085d00000|  0%| F|  |TAMS 0x0000000085c00000, 0x0000000085c00000| Untracked 
|  93|0x0000000085d00000, 0x0000000085d00000, 0x0000000085e00000|  0%| F|  |TAMS 0x0000000085d00000, 0x0000000085d00000| Untracked 
|  94|0x0000000085e00000, 0x0000000085e00000, 0x0000000085f00000|  0%| F|  |TAMS 0x0000000085e00000, 0x0000000085e00000| Untracked 
|  95|0x0000000085f00000, 0x0000000085f00000, 0x0000000086000000|  0%| F|  |TAMS 0x0000000085f00000, 0x0000000085f00000| Untracked 
|  96|0x0000000086000000, 0x0000000086000000, 0x0000000086100000|  0%| F|  |TAMS 0x0000000086000000, 0x0000000086000000| Untracked 
|  97|0x0000000086100000, 0x0000000086100000, 0x0000000086200000|  0%| F|  |TAMS 0x0000000086100000, 0x0000000086100000| Untracked 
|  98|0x0000000086200000, 0x0000000086200000, 0x0000000086300000|  0%| F|  |TAMS 0x0000000086200000, 0x0000000086200000| Untracked 
|  99|0x0000000086300000, 0x0000000086300000, 0x0000000086400000|  0%| F|  |TAMS 0x0000000086300000, 0x0000000086300000| Untracked 
| 100|0x0000000086400000, 0x0000000086400000, 0x0000000086500000|  0%| F|  |TAMS 0x0000000086400000, 0x0000000086400000| Untracked 
| 101|0x0000000086500000, 0x0000000086500000, 0x0000000086600000|  0%| F|  |TAMS 0x0000000086500000, 0x0000000086500000| Untracked 
| 102|0x0000000086600000, 0x0000000086600000, 0x0000000086700000|  0%| F|  |TAMS 0x0000000086600000, 0x0000000086600000| Untracked 
| 103|0x0000000086700000, 0x0000000086700000, 0x0000000086800000|  0%| F|  |TAMS 0x0000000086700000, 0x0000000086700000| Untracked 
| 104|0x0000000086800000, 0x0000000086800000, 0x0000000086900000|  0%| F|  |TAMS 0x0000000086800000, 0x0000000086800000| Untracked 
| 105|0x0000000086900000, 0x0000000086900000, 0x0000000086a00000|  0%| F|  |TAMS 0x0000000086900000, 0x0000000086900000| Untracked 
| 106|0x0000000086a00000, 0x0000000086a00000, 0x0000000086b00000|  0%| F|  |TAMS 0x0000000086a00000, 0x0000000086a00000| Untracked 
| 107|0x0000000086b00000, 0x0000000086b00000, 0x0000000086c00000|  0%| F|  |TAMS 0x0000000086b00000, 0x0000000086b00000| Untracked 
| 108|0x0000000086c00000, 0x0000000086c00000, 0x0000000086d00000|  0%| F|  |TAMS 0x0000000086c00000, 0x0000000086c00000| Untracked 
| 109|0x0000000086d00000, 0x0000000086d00000, 0x0000000086e00000|  0%| F|  |TAMS 0x0000000086d00000, 0x0000000086d00000| Untracked 
| 110|0x0000000086e00000, 0x0000000086e00000, 0x0000000086f00000|  0%| F|  |TAMS 0x0000000086e00000, 0x0000000086e00000| Untracked 
| 111|0x0000000086f00000, 0x0000000086f00000, 0x0000000087000000|  0%| F|  |TAMS 0x0000000086f00000, 0x0000000086f00000| Untracked 
| 112|0x0000000087000000, 0x0000000087000000, 0x0000000087100000|  0%| F|  |TAMS 0x0000000087000000, 0x0000000087000000| Untracked 
| 113|0x0000000087100000, 0x0000000087100000, 0x0000000087200000|  0%| F|  |TAMS 0x0000000087100000, 0x0000000087100000| Untracked 
| 114|0x0000000087200000, 0x0000000087200000, 0x0000000087300000|  0%| F|  |TAMS 0x0000000087200000, 0x0000000087200000| Untracked 
| 115|0x0000000087300000, 0x0000000087300000, 0x0000000087400000|  0%| F|  |TAMS 0x0000000087300000, 0x0000000087300000| Untracked 
| 116|0x0000000087400000, 0x0000000087400000, 0x0000000087500000|  0%| F|  |TAMS 0x0000000087400000, 0x0000000087400000| Untracked 
| 117|0x0000000087500000, 0x0000000087500000, 0x0000000087600000|  0%| F|  |TAMS 0x0000000087500000, 0x0000000087500000| Untracked 
| 118|0x0000000087600000, 0x0000000087600000, 0x0000000087700000|  0%| F|  |TAMS 0x0000000087600000, 0x0000000087600000| Untracked 
| 119|0x0000000087700000, 0x0000000087700000, 0x0000000087800000|  0%| F|  |TAMS 0x0000000087700000, 0x0000000087700000| Untracked 
| 120|0x0000000087800000, 0x0000000087800000, 0x0000000087900000|  0%| F|  |TAMS 0x0000000087800000, 0x0000000087800000| Untracked 
| 121|0x0000000087900000, 0x0000000087900000, 0x0000000087a00000|  0%| F|  |TAMS 0x0000000087900000, 0x0000000087900000| Untracked 
| 122|0x0000000087a00000, 0x0000000087a00000, 0x0000000087b00000|  0%| F|  |TAMS 0x0000000087a00000, 0x0000000087a00000| Untracked 
| 123|0x0000000087b00000, 0x0000000087b00000, 0x0000000087c00000|  0%| F|  |TAMS 0x0000000087b00000, 0x0000000087b00000| Untracked 
| 124|0x0000000087c00000, 0x0000000087c00000, 0x0000000087d00000|  0%| F|  |TAMS 0x0000000087c00000, 0x0000000087c00000| Untracked 
| 125|0x0000000087d00000, 0x0000000087d00000, 0x0000000087e00000|  0%| F|  |TAMS 0x0000000087d00000, 0x0000000087d00000| Untracked 
| 126|0x0000000087e00000, 0x0000000087f00000, 0x0000000087f00000|100%| S|  |TAMS 0x0000000087e00000, 0x0000000087e00000| Complete 
| 127|0x0000000087f00000, 0x0000000088000000, 0x0000000088000000|100%| S|  |TAMS 0x0000000087f00000, 0x0000000087f00000| Complete 
| 128|0x0000000088000000, 0x0000000088100000, 0x0000000088100000|100%| S|  |TAMS 0x0000000088000000, 0x0000000088000000| Complete 
| 129|0x0000000088100000, 0x0000000088180800, 0x0000000088200000| 50%| E|CS|TAMS 0x0000000088100000, 0x0000000088180800| Complete 
| 130|0x0000000088200000, 0x0000000088300000, 0x0000000088300000|100%| E|CS|TAMS 0x0000000088200000, 0x0000000088300000| Complete 
| 131|0x0000000088300000, 0x0000000088400000, 0x0000000088400000|100%| E|CS|TAMS 0x0000000088300000, 0x0000000088400000| Complete 
| 132|0x0000000088400000, 0x0000000088500000, 0x0000000088500000|100%| E|CS|TAMS 0x0000000088400000, 0x0000000088500000| Complete 
| 133|0x0000000088500000, 0x0000000088600000, 0x0000000088600000|100%| E|CS|TAMS 0x0000000088500000, 0x0000000088600000| Complete 
| 134|0x0000000088600000, 0x0000000088700000, 0x0000000088700000|100%| E|CS|TAMS 0x0000000088600000, 0x0000000088700000| Complete 
| 135|0x0000000088700000, 0x0000000088800000, 0x0000000088800000|100%| E|CS|TAMS 0x0000000088700000, 0x0000000088800000| Complete 
| 136|0x0000000088800000, 0x0000000088900000, 0x0000000088900000|100%| E|CS|TAMS 0x0000000088800000, 0x0000000088900000| Complete 
| 137|0x0000000088900000, 0x0000000088a00000, 0x0000000088a00000|100%| E|CS|TAMS 0x0000000088900000, 0x0000000088a00000| Complete 
| 138|0x0000000088a00000, 0x0000000088b00000, 0x0000000088b00000|100%| E|CS|TAMS 0x0000000088a00000, 0x0000000088b00000| Complete 
| 139|0x0000000088b00000, 0x0000000088c00000, 0x0000000088c00000|100%| E|CS|TAMS 0x0000000088b00000, 0x0000000088c00000| Complete 
| 140|0x0000000088c00000, 0x0000000088d00000, 0x0000000088d00000|100%| E|CS|TAMS 0x0000000088c00000, 0x0000000088d00000| Complete 
| 141|0x0000000088d00000, 0x0000000088e00000, 0x0000000088e00000|100%| E|CS|TAMS 0x0000000088d00000, 0x0000000088e00000| Complete 
| 142|0x0000000088e00000, 0x0000000088f00000, 0x0000000088f00000|100%| E|CS|TAMS 0x0000000088e00000, 0x0000000088f00000| Complete 
| 143|0x0000000088f00000, 0x0000000089000000, 0x0000000089000000|100%| E|CS|TAMS 0x0000000088f00000, 0x0000000089000000| Complete 
| 144|0x0000000089000000, 0x0000000089100000, 0x0000000089100000|100%| E|CS|TAMS 0x0000000089000000, 0x0000000089100000| Complete 
| 145|0x0000000089100000, 0x0000000089200000, 0x0000000089200000|100%| E|CS|TAMS 0x0000000089100000, 0x0000000089200000| Complete 
| 146|0x0000000089200000, 0x0000000089300000, 0x0000000089300000|100%| E|CS|TAMS 0x0000000089200000, 0x0000000089300000| Complete 
| 147|0x0000000089300000, 0x0000000089400000, 0x0000000089400000|100%| E|CS|TAMS 0x0000000089300000, 0x0000000089400000| Complete 
| 148|0x0000000089400000, 0x0000000089500000, 0x0000000089500000|100%| E|CS|TAMS 0x0000000089400000, 0x0000000089500000| Complete 
| 149|0x0000000089500000, 0x0000000089600000, 0x0000000089600000|100%| E|CS|TAMS 0x0000000089500000, 0x0000000089600000| Complete 
| 150|0x0000000089600000, 0x0000000089700000, 0x0000000089700000|100%| E|CS|TAMS 0x0000000089600000, 0x0000000089700000| Complete 
| 151|0x0000000089700000, 0x0000000089800000, 0x0000000089800000|100%| E|CS|TAMS 0x0000000089700000, 0x0000000089800000| Complete 
| 152|0x0000000089800000, 0x0000000089900000, 0x0000000089900000|100%| E|CS|TAMS 0x0000000089800000, 0x0000000089900000| Complete 
| 153|0x0000000089900000, 0x0000000089a00000, 0x0000000089a00000|100%| E|CS|TAMS 0x0000000089900000, 0x0000000089a00000| Complete 
| 154|0x0000000089a00000, 0x0000000089b00000, 0x0000000089b00000|100%| E|CS|TAMS 0x0000000089a00000, 0x0000000089b00000| Complete 
| 155|0x0000000089b00000, 0x0000000089c00000, 0x0000000089c00000|100%| E|CS|TAMS 0x0000000089b00000, 0x0000000089c00000| Complete 
| 156|0x0000000089c00000, 0x0000000089d00000, 0x0000000089d00000|100%| E|CS|TAMS 0x0000000089c00000, 0x0000000089d00000| Complete 
| 157|0x0000000089d00000, 0x0000000089e00000, 0x0000000089e00000|100%| E|CS|TAMS 0x0000000089d00000, 0x0000000089e00000| Complete 
| 158|0x0000000089e00000, 0x0000000089f00000, 0x0000000089f00000|100%| E|CS|TAMS 0x0000000089e00000, 0x0000000089f00000| Complete 
| 159|0x0000000089f00000, 0x000000008a000000, 0x000000008a000000|100%| E|CS|TAMS 0x0000000089f00000, 0x000000008a000000| Complete 
| 160|0x000000008a000000, 0x000000008a100000, 0x000000008a100000|100%| E|CS|TAMS 0x000000008a000000, 0x000000008a100000| Complete 
| 161|0x000000008a100000, 0x000000008a200000, 0x000000008a200000|100%| E|CS|TAMS 0x000000008a100000, 0x000000008a200000| Complete 
| 162|0x000000008a200000, 0x000000008a300000, 0x000000008a300000|100%| E|CS|TAMS 0x000000008a200000, 0x000000008a300000| Complete 
| 163|0x000000008a300000, 0x000000008a400000, 0x000000008a400000|100%| E|CS|TAMS 0x000000008a300000, 0x000000008a400000| Complete 
| 164|0x000000008a400000, 0x000000008a500000, 0x000000008a500000|100%| E|CS|TAMS 0x000000008a400000, 0x000000008a500000| Complete 
| 165|0x000000008a500000, 0x000000008a600000, 0x000000008a600000|100%| E|CS|TAMS 0x000000008a500000, 0x000000008a600000| Complete 
| 166|0x000000008a600000, 0x000000008a700000, 0x000000008a700000|100%| E|CS|TAMS 0x000000008a600000, 0x000000008a700000| Complete 
| 167|0x000000008a700000, 0x000000008a800000, 0x000000008a800000|100%| E|CS|TAMS 0x000000008a700000, 0x000000008a800000| Complete 
| 168|0x000000008a800000, 0x000000008a900000, 0x000000008a900000|100%| E|CS|TAMS 0x000000008a800000, 0x000000008a900000| Complete 
| 169|0x000000008a900000, 0x000000008aa00000, 0x000000008aa00000|100%| E|CS|TAMS 0x000000008a900000, 0x000000008aa00000| Complete 
| 170|0x000000008aa00000, 0x000000008ab00000, 0x000000008ab00000|100%| E|CS|TAMS 0x000000008aa00000, 0x000000008ab00000| Complete 
| 171|0x000000008ab00000, 0x000000008ac00000, 0x000000008ac00000|100%| E|CS|TAMS 0x000000008ab00000, 0x000000008ac00000| Complete 
| 172|0x000000008ac00000, 0x000000008ad00000, 0x000000008ad00000|100%| E|CS|TAMS 0x000000008ac00000, 0x000000008ad00000| Complete 
| 173|0x000000008ad00000, 0x000000008ae00000, 0x000000008ae00000|100%| E|CS|TAMS 0x000000008ad00000, 0x000000008ae00000| Complete 
| 174|0x000000008ae00000, 0x000000008af00000, 0x000000008af00000|100%| E|CS|TAMS 0x000000008ae00000, 0x000000008af00000| Complete 
| 175|0x000000008af00000, 0x000000008b000000, 0x000000008b000000|100%| E|CS|TAMS 0x000000008af00000, 0x000000008b000000| Complete 
| 176|0x000000008b000000, 0x000000008b100000, 0x000000008b100000|100%| E|CS|TAMS 0x000000008b000000, 0x000000008b100000| Complete 
| 177|0x000000008b100000, 0x000000008b200000, 0x000000008b200000|100%| E|CS|TAMS 0x000000008b100000, 0x000000008b200000| Complete 
| 178|0x000000008b200000, 0x000000008b300000, 0x000000008b300000|100%| E|CS|TAMS 0x000000008b200000, 0x000000008b300000| Complete 
| 179|0x000000008b300000, 0x000000008b400000, 0x000000008b400000|100%| E|CS|TAMS 0x000000008b300000, 0x000000008b400000| Complete 
| 180|0x000000008b400000, 0x000000008b500000, 0x000000008b500000|100%| E|CS|TAMS 0x000000008b400000, 0x000000008b500000| Complete 
| 181|0x000000008b500000, 0x000000008b600000, 0x000000008b600000|100%| E|CS|TAMS 0x000000008b500000, 0x000000008b600000| Complete 
| 182|0x000000008b600000, 0x000000008b700000, 0x000000008b700000|100%| E|CS|TAMS 0x000000008b600000, 0x000000008b700000| Complete 
| 183|0x000000008b700000, 0x000000008b800000, 0x000000008b800000|100%| E|CS|TAMS 0x000000008b700000, 0x000000008b800000| Complete 
| 184|0x000000008b800000, 0x000000008b900000, 0x000000008b900000|100%| E|CS|TAMS 0x000000008b800000, 0x000000008b900000| Complete 
| 185|0x000000008b900000, 0x000000008ba00000, 0x000000008ba00000|100%| E|CS|TAMS 0x000000008b900000, 0x000000008ba00000| Complete 
| 186|0x000000008ba00000, 0x000000008bb00000, 0x000000008bb00000|100%| E|CS|TAMS 0x000000008ba00000, 0x000000008bb00000| Complete 
| 187|0x000000008bb00000, 0x000000008bc00000, 0x000000008bc00000|100%| E|CS|TAMS 0x000000008bb00000, 0x000000008bc00000| Complete 
| 188|0x000000008bc00000, 0x000000008bd00000, 0x000000008bd00000|100%| E|CS|TAMS 0x000000008bc00000, 0x000000008bd00000| Complete 
| 189|0x000000008bd00000, 0x000000008be00000, 0x000000008be00000|100%| E|CS|TAMS 0x000000008bd00000, 0x000000008be00000| Complete 
| 190|0x000000008be00000, 0x000000008bf00000, 0x000000008bf00000|100%| E|CS|TAMS 0x000000008be00000, 0x000000008bf00000| Complete 
| 191|0x000000008bf00000, 0x000000008c000000, 0x000000008c000000|100%| E|CS|TAMS 0x000000008bf00000, 0x000000008c000000| Complete 

Card table byte_map: [0x0000020aa8650000,0x0000020aa8a50000] _byte_map_base: 0x0000020aa8250000

Marking Bits (Prev, Next): (CMBitMap*) 0x0000020a9511d298, (CMBitMap*) 0x0000020a9511d2d0
 Prev Bits: [0x0000020aa8e50000, 0x0000020aaae50000)
 Next Bits: [0x0000020aaae50000, 0x0000020aace50000)

Polling page: 0x0000020a951c0000

Metaspace:

Usage:
  Non-class:     51.09 MB capacity,    50.24 MB ( 98%) used,   713.81 KB (  1%) free+waste,   155.75 KB ( <1%) overhead. 
      Class:      7.77 MB capacity,     7.22 MB ( 93%) used,   487.82 KB (  6%) free+waste,    73.44 KB ( <1%) overhead. 
       Both:     58.86 MB capacity,    57.46 MB ( 98%) used,     1.17 MB (  2%) free+waste,   229.19 KB ( <1%) overhead. 

Virtual space:
  Non-class space:       52.00 MB reserved,      51.13 MB ( 98%) committed 
      Class space:        1.00 GB reserved,       7.82 MB ( <1%) committed 
             Both:        1.05 GB reserved,      58.95 MB (  5%) committed 

Chunk freelists:
   Non-Class:  17.00 KB
       Class:  13.00 KB
        Both:  30.00 KB

MaxMetaspaceSize: 17179869184.00 GB
CompressedClassSpaceSize: 1.00 GB
Initial GC threshold: 20.80 MB
Current GC threshold: 58.95 MB
CDS: off

CodeHeap 'non-profiled nmethods': size=120064Kb used=3472Kb max_used=3472Kb free=116591Kb
 bounds [0x0000020aa06e0000, 0x0000020aa0a50000, 0x0000020aa7c20000]
CodeHeap 'profiled nmethods': size=120000Kb used=12643Kb max_used=12643Kb free=107356Kb
 bounds [0x0000020a991b0000, 0x0000020a99e10000, 0x0000020aa06e0000]
CodeHeap 'non-nmethods': size=5696Kb used=2323Kb max_used=2341Kb free=3372Kb
 bounds [0x0000020a98c20000, 0x0000020a98e90000, 0x0000020a991b0000]
 total_blobs=6822 nmethods=5990 adapters=744
 compilation: enabled
              stopped_count=0, restarted_count=0
 full_count=0

Compilation events (20 events):
Event: 22.893 Thread 0x0000020aafd3d000 6001  s!   3       com.sun.jmx.mbeanserver.DefaultMXBeanMappingFactory::mappingForType (110 bytes)
Event: 22.895 Thread 0x0000020aafd3d000 nmethod 6001 0x0000020a99e00a10 code [0x0000020a99e00d60, 0x0000020a99e02098]
Event: 22.895 Thread 0x0000020aafd3d000 6002  s    3       com.sun.jmx.mbeanserver.DefaultMXBeanMappingFactory::getMapping (27 bytes)
Event: 22.895 Thread 0x0000020aafd3d000 nmethod 6002 0x0000020a99e02810 code [0x0000020a99e02a00, 0x0000020a99e02ff8]
Event: 22.898 Thread 0x0000020aafd3d000 6003       3       java.util.TreeMap::entrySet (27 bytes)
Event: 22.898 Thread 0x0000020aafd3d000 nmethod 6003 0x0000020a99e03110 code [0x0000020a99e032e0, 0x0000020a99e036b8]
Event: 22.898 Thread 0x0000020aafd3d000 6004       3       java.util.TreeMap$EntrySet::iterator (19 bytes)
Event: 22.899 Thread 0x0000020aafd3d000 nmethod 6004 0x0000020a99e03810 code [0x0000020a99e03a00, 0x0000020a99e03f18]
Event: 22.899 Thread 0x0000020aafd3d000 6005       3       java.util.TreeMap$EntryIterator::<init> (12 bytes)
Event: 22.899 Thread 0x0000020aafd3d000 nmethod 6005 0x0000020a99e04110 code [0x0000020a99e042e0, 0x0000020a99e045f8]
Event: 22.899 Thread 0x0000020aafd3d000 6006       3       javax.management.StandardMBean::getDescription (11 bytes)
Event: 22.899 Thread 0x0000020aafd3d000 nmethod 6006 0x0000020a99e04710 code [0x0000020a99e048c0, 0x0000020a99e04ab8]
Event: 22.901 Thread 0x0000020aafd3d000 6007       3       sun.reflect.generics.repository.ConstructorRepository::computeParameterTypes (62 bytes)
Event: 22.901 Thread 0x0000020aafd3d000 nmethod 6007 0x0000020a99e04b90 code [0x0000020a99e04dc0, 0x0000020a99e05788]
Event: 22.903 Thread 0x0000020aafd3d000 6008       3       com.sun.jmx.mbeanserver.MXBeanIntrospector::originalTypeString (20 bytes)
Event: 22.903 Thread 0x0000020aafd3d000 nmethod 6008 0x0000020a99e05a90 code [0x0000020a99e05c80, 0x0000020a99e06098]
Event: 22.903 Thread 0x0000020aafd3d000 6009       3       javax.management.ImmutableDescriptor::union (308 bytes)
Event: 22.906 Thread 0x0000020aafd3d000 nmethod 6009 0x0000020a99e06190 code [0x0000020a99e06500, 0x0000020a99e07ee8]
Event: 22.906 Thread 0x0000020aafd3d000 6010       3       javax.management.MBeanFeatureInfo::<init> (20 bytes)
Event: 22.906 Thread 0x0000020aafd3d000 nmethod 6010 0x0000020a99e08810 code [0x0000020a99e089c0, 0x0000020a99e08c38]

GC Heap History (19 events):
Event: 4.164 GC heap before
{Heap before GC invocations=0 (full 0):
 garbage-first heap   total 196608K, used 16384K [0x0000000080000000, 0x0000000100000000)
  region size 1024K, 14 young (14336K), 0 survivors (0K)
 Metaspace       used 6743K, capacity 6929K, committed 7168K, reserved 1056768K
  class space    used 572K, capacity 650K, committed 768K, reserved 1048576K
}
Event: 4.175 GC heap after
{Heap after GC invocations=1 (full 0):
 garbage-first heap   total 196608K, used 4226K [0x0000000080000000, 0x0000000100000000)
  region size 1024K, 2 young (2048K), 2 survivors (2048K)
 Metaspace       used 6743K, capacity 6929K, committed 7168K, reserved 1056768K
  class space    used 572K, capacity 650K, committed 768K, reserved 1048576K
}
Event: 4.848 GC heap before
{Heap before GC invocations=1 (full 0):
 garbage-first heap   total 196608K, used 18562K [0x0000000080000000, 0x0000000100000000)
  region size 1024K, 13 young (13312K), 2 survivors (2048K)
 Metaspace       used 9874K, capacity 10122K, committed 10368K, reserved 1058816K
  class space    used 1011K, capacity 1102K, committed 1152K, reserved 1048576K
}
Event: 4.853 GC heap after
{Heap after GC invocations=2 (full 0):
 garbage-first heap   total 196608K, used 9238K [0x0000000080000000, 0x0000000100000000)
  region size 1024K, 2 young (2048K), 2 survivors (2048K)
 Metaspace       used 9874K, capacity 10122K, committed 10368K, reserved 1058816K
  class space    used 1011K, capacity 1102K, committed 1152K, reserved 1048576K
}
Event: 5.846 GC heap before
{Heap before GC invocations=2 (full 0):
 garbage-first heap   total 196608K, used 37910K [0x0000000080000000, 0x0000000100000000)
  region size 1024K, 30 young (30720K), 2 survivors (2048K)
 Metaspace       used 10862K, capacity 11077K, committed 11264K, reserved 1058816K
  class space    used 1112K, capacity 1207K, committed 1280K, reserved 1048576K
}
Event: 5.849 GC heap after
{Heap after GC invocations=3 (full 0):
 garbage-first heap   total 196608K, used 11614K [0x0000000080000000, 0x0000000100000000)
  region size 1024K, 4 young (4096K), 4 survivors (4096K)
 Metaspace       used 10862K, capacity 11077K, committed 11264K, reserved 1058816K
  class space    used 1112K, capacity 1207K, committed 1280K, reserved 1048576K
}
Event: 9.824 GC heap before
{Heap before GC invocations=3 (full 0):
 garbage-first heap   total 196608K, used 53598K [0x0000000080000000, 0x0000000100000000)
  region size 1024K, 45 young (46080K), 4 survivors (4096K)
 Metaspace       used 17455K, capacity 17815K, committed 18048K, reserved 1064960K
  class space    used 2008K, capacity 2113K, committed 2176K, reserved 1048576K
}
Event: 9.837 GC heap after
{Heap after GC invocations=4 (full 0):
 garbage-first heap   total 196608K, used 16013K [0x0000000080000000, 0x0000000100000000)
  region size 1024K, 6 young (6144K), 6 survivors (6144K)
 Metaspace       used 17455K, capacity 17815K, committed 18048K, reserved 1064960K
  class space    used 2008K, capacity 2113K, committed 2176K, reserved 1048576K
}
Event: 10.453 GC heap before
{Heap before GC invocations=4 (full 0):
 garbage-first heap   total 196608K, used 47757K [0x0000000080000000, 0x0000000100000000)
  region size 1024K, 38 young (38912K), 6 survivors (6144K)
 Metaspace       used 20815K, capacity 21189K, committed 21296K, reserved 1069056K
  class space    used 2521K, capacity 2684K, committed 2688K, reserved 1048576K
}
Event: 10.461 GC heap after
{Heap after GC invocations=5 (full 0):
 garbage-first heap   total 196608K, used 17452K [0x0000000080000000, 0x0000000100000000)
  region size 1024K, 6 young (6144K), 6 survivors (6144K)
 Metaspace       used 20815K, capacity 21189K, committed 21296K, reserved 1069056K
  class space    used 2521K, capacity 2684K, committed 2688K, reserved 1048576K
}
Event: 12.070 GC heap before
{Heap before GC invocations=6 (full 0):
 garbage-first heap   total 196608K, used 73772K [0x0000000080000000, 0x0000000100000000)
  region size 1024K, 61 young (62464K), 6 survivors (6144K)
 Metaspace       used 26750K, capacity 27379K, committed 27516K, reserved 1073152K
  class space    used 3451K, capacity 3672K, committed 3788K, reserved 1048576K
}
Event: 12.080 GC heap after
{Heap after GC invocations=7 (full 0):
 garbage-first heap   total 196608K, used 19632K [0x0000000080000000, 0x0000000100000000)
  region size 1024K, 4 young (4096K), 4 survivors (4096K)
 Metaspace       used 26750K, capacity 27379K, committed 27516K, reserved 1073152K
  class space    used 3451K, capacity 3672K, committed 3788K, reserved 1048576K
}
Event: 13.916 GC heap before
{Heap before GC invocations=7 (full 0):
 garbage-first heap   total 196608K, used 78000K [0x0000000080000000, 0x0000000100000000)
  region size 1024K, 62 young (63488K), 4 survivors (4096K)
 Metaspace       used 35141K, capacity 35902K, committed 35964K, reserved 1081344K
  class space    used 4493K, capacity 4791K, committed 4812K, reserved 1048576K
}
Event: 13.932 GC heap after
{Heap after GC invocations=8 (full 0):
 garbage-first heap   total 196608K, used 22805K [0x0000000080000000, 0x0000000100000000)
  region size 1024K, 7 young (7168K), 7 survivors (7168K)
 Metaspace       used 35141K, capacity 35902K, committed 35964K, reserved 1081344K
  class space    used 4493K, capacity 4791K, committed 4812K, reserved 1048576K
}
Event: 18.353 GC heap before
{Heap before GC invocations=9 (full 0):
 garbage-first heap   total 196608K, used 127253K [0x0000000080000000, 0x0000000100000000)
  region size 1024K, 106 young (108544K), 7 survivors (7168K)
 Metaspace       used 44088K, capacity 45115K, committed 45308K, reserved 1089536K
  class space    used 5524K, capacity 5927K, committed 5964K, reserved 1048576K
}
Event: 18.376 GC heap after
{Heap after GC invocations=10 (full 0):
 garbage-first heap   total 196608K, used 29204K [0x0000000080000000, 0x0000000100000000)
  region size 1024K, 13 young (13312K), 13 survivors (13312K)
 Metaspace       used 44088K, capacity 45115K, committed 45308K, reserved 1089536K
  class space    used 5524K, capacity 5927K, committed 5964K, reserved 1048576K
}
Event: 21.020 GC heap before
{Heap before GC invocations=10 (full 0):
 garbage-first heap   total 196608K, used 141844K [0x0000000080000000, 0x0000000100000000)
  region size 1024K, 115 young (117760K), 13 survivors (13312K)
 Metaspace       used 49769K, capacity 51012K, committed 51324K, reserved 1093632K
  class space    used 6259K, capacity 6728K, committed 6860K, reserved 1048576K
}
Event: 21.051 GC heap after
{Heap after GC invocations=11 (full 0):
 garbage-first heap   total 196608K, used 47277K [0x0000000080000000, 0x0000000100000000)
  region size 1024K, 15 young (15360K), 15 survivors (15360K)
 Metaspace       used 49769K, capacity 51012K, committed 51324K, reserved 1093632K
  class space    used 6259K, capacity 6728K, committed 6860K, reserved 1048576K
}
Event: 22.908 GC heap before
{Heap before GC invocations=11 (full 0):
 garbage-first heap   total 196608K, used 110765K [0x0000000080000000, 0x0000000100000000)
  region size 1024K, 78 young (79872K), 15 survivors (15360K)
 Metaspace       used 58843K, capacity 60274K, committed 60368K, reserved 1101824K
  class space    used 7393K, capacity 7955K, committed 8012K, reserved 1048576K
}

Deoptimization events (20 events):
Event: 21.994 Thread 0x0000020ab1895000 DEOPT PACKING pc=0x0000020a99413017 sp=0x0000005b79cf63a0
Event: 21.994 Thread 0x0000020ab1895000 DEOPT UNPACKING pc=0x0000020a98c6a95e sp=0x0000005b79cf5928 mode 0
Event: 21.998 Thread 0x0000020ab1895000 DEOPT PACKING pc=0x0000020a99413017 sp=0x0000005b79cf6420
Event: 21.998 Thread 0x0000020ab1895000 DEOPT UNPACKING pc=0x0000020a98c6a95e sp=0x0000005b79cf59a8 mode 0
Event: 22.002 Thread 0x0000020ab1895000 DEOPT PACKING pc=0x0000020a99413017 sp=0x0000005b79cf6140
Event: 22.002 Thread 0x0000020ab1895000 DEOPT UNPACKING pc=0x0000020a98c6a95e sp=0x0000005b79cf56c8 mode 0
Event: 22.005 Thread 0x0000020ab1895000 DEOPT PACKING pc=0x0000020a99413017 sp=0x0000005b79cf6240
Event: 22.005 Thread 0x0000020ab1895000 DEOPT UNPACKING pc=0x0000020a98c6a95e sp=0x0000005b79cf57c8 mode 0
Event: 22.007 Thread 0x0000020ab1895000 DEOPT PACKING pc=0x0000020a99413017 sp=0x0000005b79cf6420
Event: 22.007 Thread 0x0000020ab1895000 DEOPT UNPACKING pc=0x0000020a98c6a95e sp=0x0000005b79cf59a8 mode 0
Event: 22.009 Thread 0x0000020ab1895000 DEOPT PACKING pc=0x0000020a99413017 sp=0x0000005b79cf6140
Event: 22.009 Thread 0x0000020ab1895000 DEOPT UNPACKING pc=0x0000020a98c6a95e sp=0x0000005b79cf56c8 mode 0
Event: 22.049 Thread 0x0000020ab1895000 Uncommon trap: trap_request=0xffffff4d fr.pc=0x0000020aa0a2b3a4 relative=0x00000000000001e4
Event: 22.049 Thread 0x0000020ab1895000 Uncommon trap: reason=unstable_if action=reinterpret pc=0x0000020aa0a2b3a4 method=org.apache.xerces.dom.DeferredDocumentImpl.clearChunkValue([[Ljava/lang/Object;II)Ljava/lang/String; @ 59 c2
Event: 22.049 Thread 0x0000020ab1895000 DEOPT PACKING pc=0x0000020aa0a2b3a4 sp=0x0000005b79cf6ad0
Event: 22.049 Thread 0x0000020ab1895000 DEOPT UNPACKING pc=0x0000020a98c6a1af sp=0x0000005b79cf6a70 mode 2
Event: 22.843 Thread 0x0000020ab1895000 Uncommon trap: trap_request=0xffffff7e fr.pc=0x0000020aa090c6ec relative=0x0000000000004a0c
Event: 22.843 Thread 0x0000020ab1895000 Uncommon trap: reason=predicate action=maybe_recompile pc=0x0000020aa090c6ec method=java.util.Arrays.binarySearch0([Ljava/lang/Object;IILjava/lang/Object;Ljava/util/Comparator;)I @ 25 c2
Event: 22.843 Thread 0x0000020ab1895000 DEOPT PACKING pc=0x0000020aa090c6ec sp=0x0000005b79cf3570
Event: 22.843 Thread 0x0000020ab1895000 DEOPT UNPACKING pc=0x0000020a98c6a1af sp=0x0000005b79cf35e8 mode 2

Classes redefined (0 events):
No events

Internal exceptions (20 events):
Event: 20.727 Thread 0x0000020ab1895000 Exception <a 'java/security/PrivilegedActionException'{0x0000000086af81c8}> (0x0000000086af81c8) thrown at [./src/hotspot/share/prims/jvm.cpp, line 1306]
Event: 20.727 Thread 0x0000020ab1895000 Exception <a 'java/security/PrivilegedActionException'{0x0000000086afa8a0}> (0x0000000086afa8a0) thrown at [./src/hotspot/share/prims/jvm.cpp, line 1306]
Event: 20.727 Thread 0x0000020ab1895000 Exception <a 'java/security/PrivilegedActionException'{0x0000000086afb8b8}> (0x0000000086afb8b8) thrown at [./src/hotspot/share/prims/jvm.cpp, line 1306]
Event: 20.728 Thread 0x0000020ab1895000 Exception <a 'java/security/PrivilegedActionException'{0x0000000086afe048}> (0x0000000086afe048) thrown at [./src/hotspot/share/prims/jvm.cpp, line 1306]
Event: 20.728 Thread 0x0000020ab1895000 Exception <a 'java/security/PrivilegedActionException'{0x0000000086aff060}> (0x0000000086aff060) thrown at [./src/hotspot/share/prims/jvm.cpp, line 1306]
Event: 20.729 Thread 0x0000020ab1895000 Exception <a 'java/security/PrivilegedActionException'{0x00000000869158d8}> (0x00000000869158d8) thrown at [./src/hotspot/share/prims/jvm.cpp, line 1306]
Event: 20.730 Thread 0x0000020ab1895000 Exception <a 'java/security/PrivilegedActionException'{0x00000000869168f0}> (0x00000000869168f0) thrown at [./src/hotspot/share/prims/jvm.cpp, line 1306]
Event: 20.730 Thread 0x0000020ab1895000 Exception <a 'java/security/PrivilegedActionException'{0x0000000086919020}> (0x0000000086919020) thrown at [./src/hotspot/share/prims/jvm.cpp, line 1306]
Event: 20.730 Thread 0x0000020ab1895000 Exception <a 'java/security/PrivilegedActionException'{0x000000008691a038}> (0x000000008691a038) thrown at [./src/hotspot/share/prims/jvm.cpp, line 1306]
Event: 20.730 Thread 0x0000020ab1895000 Exception <a 'java/security/PrivilegedActionException'{0x000000008691c7c8}> (0x000000008691c7c8) thrown at [./src/hotspot/share/prims/jvm.cpp, line 1306]
Event: 20.730 Thread 0x0000020ab1895000 Exception <a 'java/security/PrivilegedActionException'{0x000000008691d7e0}> (0x000000008691d7e0) thrown at [./src/hotspot/share/prims/jvm.cpp, line 1306]
Event: 20.886 Thread 0x0000020ab1895000 Exception <a 'java/lang/ClassNotFoundException'{0x0000000085e0cf30}: org/gradle/api/internal/plugins/DefaultObjectConfigurationActionBeanInfo> (0x0000000085e0cf30) thrown at [./src/hotspot/share/classfile/systemDictionary.cpp, line 231]
Event: 20.887 Thread 0x0000020ab1895000 Exception <a 'java/lang/ClassNotFoundException'{0x0000000085e43ae8}: org/gradle/api/internal/plugins/DefaultObjectConfigurationActionCustomizer> (0x0000000085e43ae8) thrown at [./src/hotspot/share/classfile/systemDictionary.cpp, line 231]
Event: 21.219 Thread 0x0000020ab1895000 Exception <a 'java/lang/NoSuchMethodError'{0x000000008b941370}: 'java.lang.Object java.lang.invoke.DirectMethodHandle$Holder.invokeStatic(java.lang.Object, java.lang.Object, java.lang.Object, java.lang.Object, int)'> (0x000000008b941370) thrown at [./src/hotspot/share/interpreter/linkResolver.cpp, line 773]
Event: 21.219 Thread 0x0000020ab1895000 Exception <a 'java/lang/NoSuchMethodError'{0x000000008b945d68}: 'java.lang.Object java.lang.invoke.DirectMethodHandle$Holder.invokeSpecial(java.lang.Object, java.lang.Object, java.lang.Object, java.lang.Object, java.lang.Object, int)'> (0x000000008b945d68) thrown at [./src/hotspot/share/interpreter/linkResolver.cpp, line 773]
Event: 21.219 Thread 0x0000020ab1895000 Exception <a 'java/lang/NoSuchMethodError'{0x000000008b94a3a8}: 'java.lang.Object java.lang.invoke.Invokers$Holder.linkToTargetMethod(java.lang.Object, java.lang.Object, java.lang.Object, int, java.lang.Object)'> (0x000000008b94a3a8) thrown at [./src/hotspot/share/interpreter/linkResolver.cpp, line 773]
Event: 21.691 Thread 0x0000020ab1895000 Exception <a 'java/lang/NoSuchMethodError'{0x000000008a9645c0}: 'java.lang.Object java.lang.invoke.DirectMethodHandle$Holder.invokeSpecial(java.lang.Object, java.lang.Object, int, int, java.lang.Object, java.lang.Object, java.lang.Object)'> (0x000000008a9645c0) thrown at [./src/hotspot/share/interpreter/linkResolver.cpp, line 773]
Event: 21.691 Thread 0x0000020ab1895000 Exception <a 'java/lang/NoSuchMethodError'{0x000000008a968b40}: 'java.lang.Object java.lang.invoke.DelegatingMethodHandle$Holder.reinvoke_L(java.lang.Object, int, int, java.lang.Object, java.lang.Object, java.lang.Object)'> (0x000000008a968b40) thrown at [./src/hotspot/share/interpreter/linkResolver.cpp, line 773]
Event: 22.112 Thread 0x0000020ab1895000 Exception <a 'java/lang/NoSuchMethodError'{0x0000000089c8ea48}: 'int java.lang.invoke.DirectMethodHandle$Holder.invokeInterface(java.lang.Object, java.lang.Object, java.lang.Object, java.lang.Object)'> (0x0000000089c8ea48) thrown at [./src/hotspot/share/interpreter/linkResolver.cpp, line 773]
Event: 22.826 Thread 0x0000020ab1895000 Exception <a 'java/lang/IncompatibleClassChangeError'{0x000000008820e610}: Found class java.lang.Object, but interface was expected> (0x000000008820e610) thrown at [./src/hotspot/share/interpreter/linkResolver.cpp, line 839]

Events (20 events):
Event: 22.904 loading class jdk/management/jfr/StreamManager
Event: 22.904 loading class jdk/management/jfr/StreamManager done
Event: 22.904 loading class javax/management/StandardMBean$MBeanInfoSafeAction
Event: 22.904 loading class javax/management/StandardMBean$MBeanInfoSafeAction done
Event: 22.905 loading class javax/management/NotificationListener
Event: 22.905 loading class javax/management/NotificationListener done
Event: 22.905 loading class javax/management/NotificationFilter
Event: 22.905 loading class javax/management/NotificationFilter done
Event: 22.905 loading class javax/management/ListenerNotFoundException
Event: 22.905 loading class javax/management/ListenerNotFoundException done
Event: 22.905 loading class jdk/jfr/Recording
Event: 22.905 loading class jdk/jfr/Recording done
Event: 22.906 loading class jdk/jfr/FlightRecorder
Event: 22.906 loading class jdk/jfr/FlightRecorder done
Event: 22.906 loading class jdk/management/jfr/FlightRecorderMXBeanImpl$MXBeanListener
Event: 22.906 loading class jdk/jfr/FlightRecorderListener
Event: 22.906 loading class jdk/jfr/FlightRecorderListener done
Event: 22.906 loading class jdk/management/jfr/FlightRecorderMXBeanImpl$MXBeanListener done
Event: 22.907 loading class sun/reflect/misc/MethodUtil
Event: 22.908 Executing VM operation: CollectForMetadataAllocation


Dynamic libraries:
0x00007ff663300000 - 0x00007ff66330a000 	C:\Program Files\Android\Android Studio\jre\bin\java.exe
0x00007ffe9c570000 - 0x00007ffe9c768000 	C:\Windows\SYSTEM32\ntdll.dll
0x00007ffe9aae0000 - 0x00007ffe9ab9f000 	C:\Windows\System32\KERNEL32.DLL
0x00007ffe99f70000 - 0x00007ffe9a266000 	C:\Windows\System32\KERNELBASE.dll
0x00007ffe9a2a0000 - 0x00007ffe9a3a0000 	C:\Windows\System32\ucrtbase.dll
0x00007ffe69640000 - 0x00007ffe69659000 	C:\Program Files\Android\Android Studio\jre\bin\jli.dll
0x00007ffe9c010000 - 0x00007ffe9c1ad000 	C:\Windows\System32\USER32.dll
0x00007ffe99e20000 - 0x00007ffe99e42000 	C:\Windows\System32\win32u.dll
0x00007ffe9adb0000 - 0x00007ffe9addc000 	C:\Windows\System32\GDI32.dll
0x00007ffe99e50000 - 0x00007ffe99f65000 	C:\Windows\System32\gdi32full.dll
0x00007ffe9a430000 - 0x00007ffe9a4cd000 	C:\Windows\System32\msvcp_win.dll
0x00007ffe6eb70000 - 0x00007ffe6eb87000 	C:\Program Files\Android\Android Studio\jre\bin\VCRUNTIME140.dll
0x00007ffe85e90000 - 0x00007ffe8612a000 	C:\Windows\WinSxS\amd64_microsoft.windows.common-controls_6595b64144ccf1df_6.0.19041.1110_none_60b5254171f9507e\COMCTL32.dll
0x00007ffe9b170000 - 0x00007ffe9b20e000 	C:\Windows\System32\msvcrt.dll
0x00007ffe9c360000 - 0x00007ffe9c390000 	C:\Windows\System32\IMM32.DLL
0x00007ffe5f700000 - 0x00007ffe5f79d000 	C:\Program Files\Android\Android Studio\jre\bin\msvcp140.dll
0x00007ffe370a0000 - 0x00007ffe37ba2000 	C:\Program Files\Android\Android Studio\jre\bin\server\jvm.dll
0x00007ffe9b810000 - 0x00007ffe9b8bf000 	C:\Windows\System32\ADVAPI32.dll
0x00007ffe9c410000 - 0x00007ffe9c4ac000 	C:\Windows\System32\sechost.dll
0x00007ffe9ade0000 - 0x00007ffe9af06000 	C:\Windows\System32\RPCRT4.dll
0x00007ffe9b080000 - 0x00007ffe9b088000 	C:\Windows\System32\PSAPI.DLL
0x00007ffe84dd0000 - 0x00007ffe84dd9000 	C:\Windows\SYSTEM32\WSOCK32.dll
0x00007ffe9a990000 - 0x00007ffe9a9fb000 	C:\Windows\System32\WS2_32.dll
0x00007ffe8c770000 - 0x00007ffe8c797000 	C:\Windows\SYSTEM32\WINMM.dll
0x00007ffe8d660000 - 0x00007ffe8d66a000 	C:\Windows\SYSTEM32\VERSION.dll
0x00007ffe97ae0000 - 0x00007ffe97af2000 	C:\Windows\SYSTEM32\kernel.appcore.dll
0x00007ffe8d490000 - 0x00007ffe8d4a1000 	C:\Program Files\Android\Android Studio\jre\bin\verify.dll
0x00007ffe7b650000 - 0x00007ffe7b834000 	C:\Windows\SYSTEM32\DBGHELP.DLL
0x00007ffe7a850000 - 0x00007ffe7a884000 	C:\Windows\SYSTEM32\dbgcore.DLL
0x00007ffe9a3a0000 - 0x00007ffe9a422000 	C:\Windows\System32\bcryptPrimitives.dll
0x00007ffe8c060000 - 0x00007ffe8c089000 	C:\Program Files\Android\Android Studio\jre\bin\java.dll
0x00007ffe93080000 - 0x00007ffe9308b000 	C:\Program Files\Android\Android Studio\jre\bin\jimage.dll
0x00007ffe8c0f0000 - 0x00007ffe8c108000 	C:\Program Files\Android\Android Studio\jre\bin\zip.dll
0x00007ffe9b8c0000 - 0x00007ffe9c004000 	C:\Windows\System32\SHELL32.dll
0x00007ffe97ce0000 - 0x00007ffe98473000 	C:\Windows\SYSTEM32\windows.storage.dll
0x00007ffe9a630000 - 0x00007ffe9a984000 	C:\Windows\System32\combase.dll
0x00007ffe996a0000 - 0x00007ffe996ce000 	C:\Windows\SYSTEM32\Wldp.dll
0x00007ffe9afd0000 - 0x00007ffe9b07d000 	C:\Windows\System32\SHCORE.dll
0x00007ffe9c4d0000 - 0x00007ffe9c525000 	C:\Windows\System32\shlwapi.dll
0x00007ffe99b90000 - 0x00007ffe99baf000 	C:\Windows\SYSTEM32\profapi.dll
0x00007ffe8c0a0000 - 0x00007ffe8c0ba000 	C:\Program Files\Android\Android Studio\jre\bin\net.dll
0x00007ffe8cff0000 - 0x00007ffe8d0fa000 	C:\Windows\SYSTEM32\WINHTTP.dll
0x00007ffe99400000 - 0x00007ffe9946a000 	C:\Windows\system32\mswsock.dll
0x00007ffe8c040000 - 0x00007ffe8c054000 	C:\Program Files\Android\Android Studio\jre\bin\nio.dll
0x00007ffe60de0000 - 0x00007ffe60e07000 	C:\Users\Royyan\.gradle\native\e1d6ef7f7dcc3fd88c89a11ec53ec762bb8ba0a96d01ffa2cd45eb1d1d8dd5c5\windows-amd64\native-platform.dll
0x00007ffe22ef0000 - 0x00007ffe23034000 	C:\Users\Royyan\.gradle\native\0d407fdbe67a94daf76414ababcb853783967236a71b16ec16e742cd7a986fd3\windows-amd64\native-platform-file-events.dll
0x00007ffe91990000 - 0x00007ffe9199a000 	C:\Program Files\Android\Android Studio\jre\bin\management.dll
0x00007ffe8c000000 - 0x00007ffe8c00d000 	C:\Program Files\Android\Android Studio\jre\bin\management_ext.dll
0x00007ffe995f0000 - 0x00007ffe99608000 	C:\Windows\SYSTEM32\CRYPTSP.dll
0x00007ffe98cb0000 - 0x00007ffe98ce4000 	C:\Windows\system32\rsaenh.dll
0x00007ffe9a270000 - 0x00007ffe9a297000 	C:\Windows\System32\bcrypt.dll
0x00007ffe99b10000 - 0x00007ffe99b3e000 	C:\Windows\SYSTEM32\USERENV.dll
0x00007ffe99610000 - 0x00007ffe9961c000 	C:\Windows\SYSTEM32\CRYPTBASE.dll
0x00007ffe990a0000 - 0x00007ffe990dc000 	C:\Windows\SYSTEM32\IPHLPAPI.DLL
0x00007ffe9afc0000 - 0x00007ffe9afc8000 	C:\Windows\System32\NSI.dll
0x00007ffe8d610000 - 0x00007ffe8d627000 	C:\Windows\SYSTEM32\dhcpcsvc6.DLL
0x00007ffe8dc10000 - 0x00007ffe8dc2d000 	C:\Windows\SYSTEM32\dhcpcsvc.DLL
0x00007ffe990f0000 - 0x00007ffe991ba000 	C:\Windows\SYSTEM32\DNSAPI.dll

dbghelp: loaded successfully - version: 4.0.5 - missing functions: none
symbol engine: initialized successfully - sym options: 0x614 - pdb path: .;C:\Program Files\Android\Android Studio\jre\bin;C:\Windows\SYSTEM32;C:\Windows\WinSxS\amd64_microsoft.windows.common-controls_6595b64144ccf1df_6.0.19041.1110_none_60b5254171f9507e;C:\Program Files\Android\Android Studio\jre\bin\server;C:\Users\Royyan\.gradle\native\e1d6ef7f7dcc3fd88c89a11ec53ec762bb8ba0a96d01ffa2cd45eb1d1d8dd5c5\windows-amd64;C:\Users\Royyan\.gradle\native\0d407fdbe67a94daf76414ababcb853783967236a71b16ec16e742cd7a986fd3\windows-amd64

VM Arguments:
jvm_args: --add-opens=java.base/java.util=ALL-UNNAMED --add-opens=java.base/java.lang=ALL-UNNAMED --add-opens=java.base/java.lang.invoke=ALL-UNNAMED --add-opens=java.base/java.util=ALL-UNNAMED --add-opens=java.prefs/java.util.prefs=ALL-UNNAMED --add-opens=java.prefs/java.util.prefs=ALL-UNNAMED --add-opens=java.base/java.nio.charset=ALL-UNNAMED --add-opens=java.base/java.net=ALL-UNNAMED --add-opens=java.base/java.util.concurrent.atomic=ALL-UNNAMED -Xmx2048m -Dfile.encoding=UTF-8 -Duser.country=US -Duser.language=en -Duser.variant 
java_command: org.gradle.launcher.daemon.bootstrap.GradleDaemon 7.4
java_class_path (initial): C:\Users\Royyan\.gradle\wrapper\dists\gradle-7.4-bin\c0gwcg53nkjbqw7r0h0umtfvt\gradle-7.4\lib\gradle-launcher-7.4.jar
Launcher Type: SUN_STANDARD

[Global flags]
     intx CICompilerCount                          = 3                                         {product} {ergonomic}
     uint ConcGCThreads                            = 1                                         {product} {ergonomic}
     uint G1ConcRefinementThreads                  = 4                                         {product} {ergonomic}
   size_t G1HeapRegionSize                         = 1048576                                   {product} {ergonomic}
    uintx GCDrainStackTargetSize                   = 64                                        {product} {ergonomic}
   size_t InitialHeapSize                          = 201326592                                 {product} {ergonomic}
   size_t MarkStackSize                            = 4194304                                   {product} {ergonomic}
   size_t MaxHeapSize                              = 2147483648                                {product} {command line}
   size_t MaxNewSize                               = 1287651328                                {product} {ergonomic}
   size_t MinHeapDeltaBytes                        = 1048576                                   {product} {ergonomic}
    uintx NonNMethodCodeHeapSize                   = 5830732                                {pd product} {ergonomic}
    uintx NonProfiledCodeHeapSize                  = 122913754                              {pd product} {ergonomic}
    uintx ProfiledCodeHeapSize                     = 122913754                              {pd product} {ergonomic}
    uintx ReservedCodeCacheSize                    = 251658240                              {pd product} {ergonomic}
     bool SegmentedCodeCache                       = true                                      {product} {ergonomic}
     bool UseCompressedClassPointers               = true                                 {lp64_product} {ergonomic}
     bool UseCompressedOops                        = true                                 {lp64_product} {ergonomic}
     bool UseG1GC                                  = true                                      {product} {ergonomic}
     bool UseLargePagesIndividualAllocation        = false                                  {pd product} {ergonomic}

Logging:
Log output configuration:
 #0: stdout all=warning uptime,level,tags
 #1: stderr all=off uptime,level,tags

Environment Variables:
PATH=C:\Program Files (x86)\Common Files\Oracle\Java\javapath;C:\Windows\system32;C:\Windows;C:\Windows\System32\Wbem;C:\Windows\System32\WindowsPowerShell\v1.0\;C:\Windows\System32\OpenSSH\;C:\Program Files (x86)\Microsoft SQL Server\150\DTS\Binn\;C:\Program Files\Azure Data Studio\bin;C:\xampp\php;C:\ProgramData\ComposerSetup\bin;C:\Program Files\Microsoft SQL Server\Client SDK\ODBC\130\Tools\Binn\;C:\Program Files (x86)\Microsoft SQL Server\130\Tools\Binn\;C:\Program Files\Microsoft SQL Server\130\Tools\Binn\;C:\Program Files\Microsoft SQL Server\130\DTS\Binn\;C:\Program Files\Microsoft SQL Server\120\Tools\Binn\;C:\Program Files\Microsoft SQL Server Migration Assistant for MySQL\bin\;C:\Program Files\PuTTY\;C:\Program Files\nodejs\;C:\Program Files\TortoiseSVN\bin;C:\Windows\system32\config\systemprofile\.dnx\bin;C:\Program Files\Microsoft DNX\Dnvm\;C:\Program Files\Git\cmd;C:\Users\Royyan\AppData\Local\Programs\Python\Python38\Scripts\;C:\Users\Royyan\AppData\Local\Programs\Python\Python38\;C:\Users\Royyan\AppData\Local\Microsoft\WindowsApps;C:\Users\Royyan\AppData\Local\Programs\Microsoft VS Code\bin;C:\Program Files\Azure Data Studio\bin;C:\Users\Royyan\AppData\Roaming\Composer\vendor\bin;C:\Users\Royyan\AppData\Local\GitHubDesktop\bin;C:\Users\Royyan\AppData\Roaming\npm
USERNAME=Royyan
OS=Windows_NT
PROCESSOR_IDENTIFIER=Intel64 Family 6 Model 61 Stepping 4, GenuineIntel



---------------  S Y S T E M  ---------------

OS: Windows 10 , 64 bit Build 19041 (10.0.19041.3031)
OS uptime: 2 days 2:11 hours

CPU:total 4 (initial active 4) (2 cores per cpu, 2 threads per core) family 6 model 61 stepping 4 microcode 0x2d, cmov, cx8, fxsr, mmx, sse, sse2, sse3, ssse3, sse4.1, sse4.2, popcnt, avx, avx2, aes, clmul, erms, 3dnowpref, lzcnt, ht, tsc, tscinvbit, bmi1, bmi2, adx, fma

Memory: 4k page, system-wide physical 12207M (1887M free)
TotalPageFile size 17071M (AvailPageFile size 4083M)
current process WorkingSet (physical memory assigned to process): 368M, peak: 373M
current process commit charge ("private bytes"): 414M, peak: 419M

vm_info: OpenJDK 64-Bit Server VM (11.0.13+0-b1751.21-8125866) for windows-amd64 JRE (11.0.13+0-b1751.21-8125866), built on Feb  2 2022 03:00:22 by "builder" with MS VC++ 14.0 (VS2015)

END.
