#
# A fatal error has been detected by the Java Runtime Environment:
#
#  EXCEPTION_ACCESS_VIOLATION (0xc0000005) at pc=0x00007ffd8f07d385, pid=15664, tid=2756
#
# JRE version: OpenJDK Runtime Environment (11.0.13) (build 11.0.13+0-b1751.21-8125866)
# Java VM: OpenJDK 64-Bit Server VM (11.0.13+0-b1751.21-8125866, mixed mode, tiered, compressed oops, g1 gc, windows-amd64)
# Problematic frame:
# V  [jvm.dll+0x63d385]
#
# No core dump will be written. Minidumps are not enabled by default on client versions of Windows
#
# If you would like to submit a bug report, please visit:
#   https://bugreport.java.com/bugreport/crash.jsp
#

---------------  S U M M A R Y ------------

Command Line: --add-opens=java.base/java.util=ALL-UNNAMED --add-opens=java.base/java.lang=ALL-UNNAMED --add-opens=java.base/java.lang.invoke=ALL-UNNAMED --add-opens=java.base/java.util=ALL-UNNAMED --add-opens=java.prefs/java.util.prefs=ALL-UNNAMED --add-opens=java.prefs/java.util.prefs=ALL-UNNAMED --add-opens=java.base/java.nio.charset=ALL-UNNAMED --add-opens=java.base/java.net=ALL-UNNAMED --add-opens=java.base/java.util.concurrent.atomic=ALL-UNNAMED -Xmx2048m -Dfile.encoding=UTF-8 -Duser.country=US -Duser.language=en -Duser.variant org.gradle.launcher.daemon.bootstrap.GradleDaemon 7.4

Host: Intel(R) Core(TM) i5-5200U CPU @ 2.20GHz, 4 cores, 11G,  Windows 10 , 64 bit Build 19041 (10.0.19041.3031)
Time: Thu Jul 20 01:03:59 2023 SE Asia Standard Time elapsed time: 1107.054474 seconds (0d 0h 18m 27s)

---------------  T H R E A D  ---------------

Current thread (0x0000023ed047b800):  JavaThread "C2 CompilerThread0" daemon [_thread_in_native, id=2756, stack(0x00000062c0300000,0x00000062c0400000)]


Current CompileTask:
C2:1107054 26159       4       com.android.tools.r8.graph.t2::c (676 bytes)

Stack: [0x00000062c0300000,0x00000062c0400000],  sp=0x00000062c03fbe00,  free space=1007k
Native frames: (J=compiled Java code, j=interpreted, Vv=VM code, C=native code)
V  [jvm.dll+0x63d385]
V  [jvm.dll+0x20c526]
V  [jvm.dll+0x204282]
V  [jvm.dll+0x2023c2]
V  [jvm.dll+0x188e01]
V  [jvm.dll+0x21106b]
V  [jvm.dll+0x20f8c1]
V  [jvm.dll+0x70de0f]
V  [jvm.dll+0x706a75]
V  [jvm.dll+0x60ed66]
C  [ucrtbase.dll+0x21bb2]
C  [KERNEL32.DLL+0x17614]
C  [ntdll.dll+0x526f1]


siginfo: EXCEPTION_ACCESS_VIOLATION (0xc0000005), reading address 0x0000000000000100


Register to memory mapping:

RIP=0x00007ffd8f07d385 jvm.dll
RAX=0x0000023ee02adca0 points into unknown readable memory: 0x0000023ed0490bb0 | b0 0b 49 d0 3e 02 00 00
RBX=0x0000000000005b1b is an unknown value
RCX=0x0000000000000100 is an unknown value
RDX=0x00000062c03fef20 is pointing into the stack for thread: 0x0000023ed047b800
RSP=0x00000062c03fbe00 is pointing into the stack for thread: 0x0000023ed047b800
RBP=0x0000023ed0490b40 points into unknown readable memory: 0x00007ffd8f2e7de0 | e0 7d 2e 8f fd 7f 00 00
RSI=0x0000000000000021 is an unknown value
RDI=0x00000062c03fcb10 is pointing into the stack for thread: 0x0000023ed047b800
R8 =0x0000023edc9d25d0 points into unknown readable memory: 0x00007ffd8f2e8eb8 | b8 8e 2e 8f fd 7f 00 00
R9 =0x0 is NULL
R10=0x0000023edf56b210 points into unknown readable memory: 0x0000023edf56a100 | 00 a1 56 df 3e 02 00 00
R11=0x0000023edc9d2550 points into unknown readable memory: 0x0000023edf56a100 | 00 a1 56 df 3e 02 00 00
R12=0x000000000000274a is an unknown value
R13=0x00000062c03fcb10 is pointing into the stack for thread: 0x0000023ed047b800
R14=0x000000000002d8d8 is an unknown value
R15=0x0 is NULL


Registers:
RAX=0x0000023ee02adca0, RBX=0x0000000000005b1b, RCX=0x0000000000000100, RDX=0x00000062c03fef20
RSP=0x00000062c03fbe00, RBP=0x0000023ed0490b40, RSI=0x0000000000000021, RDI=0x00000062c03fcb10
R8 =0x0000023edc9d25d0, R9 =0x0000000000000000, R10=0x0000023edf56b210, R11=0x0000023edc9d2550
R12=0x000000000000274a, R13=0x00000062c03fcb10, R14=0x000000000002d8d8, R15=0x0000000000000000
RIP=0x00007ffd8f07d385, EFLAGS=0x0000000000010206

Top of Stack: (sp=0x00000062c03fbe00)
0x00000062c03fbe00:   000000000000491b 0000000000000021
0x00000062c03fbe10:   0000023edf7d5790 00007ffd7fffffff
0x00000062c03fbe20:   0000000000002749 00007ffd8ec4c526
0x00000062c03fbe30:   00000062c03fbeb0 0000000000000021
0x00000062c03fbe40:   0000023ed175bef8 0000023ed07dd180
0x00000062c03fbe50:   0000023ecfc217f0 00007ffd00004000
0x00000062c03fbe60:   0000023edc876580 000000620000274a
0x00000062c03fbe70:   00007ffd8f2d8fa8 0000023ecfc217f0
0x00000062c03fbe80:   0000006200000400 0000023ed1757460
0x00000062c03fbe90:   0000000000000000 00007ffd8ec4c26d
0x00000062c03fbea0:   00000062c03fec50 0000023ed175bef8
0x00000062c03fbeb0:   0000023ed0474e18 00000062c03fec50
0x00000062c03fbec0:   00000062c03fbfd0 00007ffd8ec44282
0x00000062c03fbed0:   00007ffd8f2776b0 0000000000000000
0x00000062c03fbee0:   0000006200000021 0000023ecfc217f0
0x00000062c03fbef0:   0000023ed3884700 0000000000000000 

Instructions: (pc=0x00007ffd8f07d385)
0x00007ffd8f07d285:   c0 e8 03 a8 01 74 0c 48 8b 4d 10 48 8b d6 e8 f8
0x00007ffd8f07d295:   fd b4 ff 66 85 7e 30 74 16 48 8b 46 08 48 83 38
0x00007ffd8f07d2a5:   00 74 0c 48 8b 4d 10 48 8b d6 e8 9c ec bc ff 8b
0x00007ffd8f07d2b5:   46 2c 83 e0 3f 3c 34 75 12 80 7e 48 00 74 0c 48
0x00007ffd8f07d2c5:   8b 4d 10 48 8b d6 e8 00 ee bc ff 48 8b 06 48 8b
0x00007ffd8f07d2d5:   ce ff 10 3d e2 00 00 00 75 0c 48 8b 4d 10 48 8b
0x00007ffd8f07d2e5:   d6 e8 25 ed bc ff 48 8b 05 5e 19 3e 00 48 8b d6
0x00007ffd8f07d2f5:   48 8b 48 28 48 8b 01 ff 90 b0 00 00 00 49 8b 46
0x00007ffd8f07d305:   10 bf 00 40 00 00 41 bf 00 00 00 00 49 39 06 0f
0x00007ffd8f07d315:   83 96 fc ff ff 4c 8b 6c 24 20 4c 8b 64 24 60 48
0x00007ffd8f07d325:   8b 7c 24 58 48 8b 74 24 50 48 83 c4 28 41 5f 41
0x00007ffd8f07d335:   5e 5d 5b c3 cc cc cc cc cc cc cc 48 89 5c 24 20
0x00007ffd8f07d345:   57 48 83 ec 20 33 db 48 8b f9 39 59 48 76 6b 48
0x00007ffd8f07d355:   89 6c 24 30 48 89 74 24 38 4c 89 74 24 40 0f 1f
0x00007ffd8f07d365:   40 00 66 0f 1f 84 00 00 00 00 00 48 8b 47 50 4c
0x00007ffd8f07d375:   8d 34 dd 00 00 00 00 49 8b 0c 06 48 85 c9 74 24
0x00007ffd8f07d385:   48 8b 01 ff 90 80 00 00 00 48 8b e8 3b 5f 48 72
0x00007ffd8f07d395:   0b 8b d3 48 8d 4f 40 e8 3f 19 fb ff 48 8b 4f 50
0x00007ffd8f07d3a5:   49 89 2c 0e ff c3 3b 5f 48 72 c0 4c 8b 74 24 40
0x00007ffd8f07d3b5:   48 8b 74 24 38 48 8b 6c 24 30 48 8b 5c 24 48 48
0x00007ffd8f07d3c5:   83 c4 20 5f c3 cc cc cc cc cc cc 48 89 5c 24 10
0x00007ffd8f07d3d5:   48 89 74 24 18 48 89 7c 24 20 8b 41 08 48 8b f2
0x00007ffd8f07d3e5:   48 8b 59 20 48 8b f9 85 c0 74 56 45 33 c9 44 8b
0x00007ffd8f07d3f5:   d8 66 66 0f 1f 84 00 00 00 00 00 4c 8b 57 18 4b
0x00007ffd8f07d405:   8b 04 0a 48 85 c0 74 2f 48 3b c3 74 2a 8b 48 28
0x00007ffd8f07d415:   8b c1 c1 e8 05 3b 46 10 73 19 44 8b c0 83 e1 1f
0x00007ffd8f07d425:   48 8b 46 18 ba 01 00 00 00 d3 e2 42 8b 04 80 23
0x00007ffd8f07d435:   c2 75 04 4b 89 1c 0a 49 83 c1 08 49 83 eb 01 75
0x00007ffd8f07d445:   ba 48 8b 5c 24 10 48 8b 74 24 18 48 8b 7c 24 20
0x00007ffd8f07d455:   c3 cc cc cc cc cc cc cc cc cc cc 48 89 5c 24 20
0x00007ffd8f07d465:   41 54 41 56 41 57 48 83 ec 20 4c 8b 61 10 48 8b
0x00007ffd8f07d475:   da 44 8b 71 20 4c 8b f9 49 ff ce 4f 8d 34 f4 4d 


Stack slot to memory mapping:
stack at sp + 0 slots: 0x000000000000491b is an unknown value
stack at sp + 1 slots: 0x0000000000000021 is an unknown value
stack at sp + 2 slots: 0x0000023edf7d5790 points into unknown readable memory: 0x00000062c03fef20 | 20 ef 3f c0 62 00 00 00
stack at sp + 3 slots: 0x00007ffd7fffffff is an unknown value
stack at sp + 4 slots: 0x0000000000002749 is an unknown value
stack at sp + 5 slots: 0x00007ffd8ec4c526 jvm.dll
stack at sp + 6 slots: 0x00000062c03fbeb0 is pointing into the stack for thread: 0x0000023ed047b800
stack at sp + 7 slots: 0x0000000000000021 is an unknown value


---------------  P R O C E S S  ---------------

Threads class SMR info:
_java_thread_list=0x0000023eda8296e0, length=102, elements={
0x0000023eb5fdc800, 0x0000023ecfc25000, 0x0000023ecfc26800, 0x0000023ecfc23000,
0x0000023ed0476800, 0x0000023ed0478800, 0x0000023ed047b800, 0x0000023ed047d000,
0x0000023ed04e8000, 0x0000023ed05db000, 0x0000023ed2b1f000, 0x0000023ed1bec000,
0x0000023ed180e800, 0x0000023ed2348000, 0x0000023ed2346800, 0x0000023ed2342800,
0x0000023ed2347800, 0x0000023ed2344000, 0x0000023ed2eb3000, 0x0000023ed2eb1800,
0x0000023ed2eb3800, 0x0000023ed2eb5800, 0x0000023ed2eb8000, 0x0000023ed271b800,
0x0000023ed2722000, 0x0000023ed37ce000, 0x0000023ed37d0800, 0x0000023ed37d1000,
0x0000023ed37cf800, 0x0000023eda94b800, 0x0000023eda954800, 0x0000023eda94c800,
0x0000023eda94e000, 0x0000023eda951800, 0x0000023eda950000, 0x0000023eda952000,
0x0000023eda953000, 0x0000023eda94f000, 0x0000023eda959000, 0x0000023eda958000,
0x0000023eda956800, 0x0000023eda955800, 0x0000023eda959800, 0x0000023eda957000,
0x0000023eda95a800, 0x0000023ed1eac800, 0x0000023ed1eab800, 0x0000023ed1eae000,
0x0000023ed1ead000, 0x0000023ed1eaa800, 0x0000023ed1ea9000, 0x0000023ed1eae800,
0x0000023ed1eaf800, 0x0000023ed1eaa000, 0x0000023ed1eb6000, 0x0000023ed1eb0800,
0x0000023ed1eb7000, 0x0000023ed1eb1000, 0x0000023ed1eb4800, 0x0000023ed1eb3000,
0x0000023ed1eb7800, 0x0000023ed1eb2000, 0x0000023ed1eb3800, 0x0000023ed2716800,
0x0000023ed2715000, 0x0000023ed2713000, 0x0000023ed2715800, 0x0000023ed2718000,
0x0000023ed2717800, 0x0000023ed2714000, 0x0000023ed271e800, 0x0000023ed271c000,
0x0000023ed2719000, 0x0000023ed271d000, 0x0000023ed271f800, 0x0000023ed271a000,
0x0000023ed271e000, 0x0000023ed2720800, 0x0000023ed271a800, 0x0000023ed2721000,
0x0000023ed37ce800, 0x0000023ed37d5800, 0x0000023ed37d3000, 0x0000023ed37d2000,
0x0000023ed37d8800, 0x0000023ed37d6000, 0x0000023ed37d9800, 0x0000023ed37d7000,
0x0000023ed37d7800, 0x0000023ed37d3800, 0x0000023ed37da000, 0x0000023ed37db000,
0x0000023ed37dc000, 0x0000023ed2eb6000, 0x0000023ed2ebc000, 0x0000023ed2eba800,
0x0000023ed2ebc800, 0x0000023ed2eb8800, 0x0000023ed2ebb000, 0x0000023ed2eb7000,
0x0000023ed3bff800, 0x0000023ed2eb2000
}

Java Threads: ( => current thread )
  0x0000023eb5fdc800 JavaThread "main" [_thread_blocked, id=20180, stack(0x00000062bf700000,0x00000062bf800000)]
  0x0000023ecfc25000 JavaThread "Reference Handler" daemon [_thread_blocked, id=16276, stack(0x00000062bfe00000,0x00000062bff00000)]
  0x0000023ecfc26800 JavaThread "Finalizer" daemon [_thread_blocked, id=16072, stack(0x00000062bff00000,0x00000062c0000000)]
  0x0000023ecfc23000 JavaThread "Signal Dispatcher" daemon [_thread_blocked, id=11168, stack(0x00000062c0000000,0x00000062c0100000)]
  0x0000023ed0476800 JavaThread "Attach Listener" daemon [_thread_blocked, id=14124, stack(0x00000062c0100000,0x00000062c0200000)]
  0x0000023ed0478800 JavaThread "Service Thread" daemon [_thread_blocked, id=3636, stack(0x00000062c0200000,0x00000062c0300000)]
=>0x0000023ed047b800 JavaThread "C2 CompilerThread0" daemon [_thread_in_native, id=2756, stack(0x00000062c0300000,0x00000062c0400000)]
  0x0000023ed047d000 JavaThread "C1 CompilerThread0" daemon [_thread_blocked, id=7556, stack(0x00000062c0400000,0x00000062c0500000)]
  0x0000023ed04e8000 JavaThread "Sweeper thread" daemon [_thread_blocked, id=21228, stack(0x00000062c0500000,0x00000062c0600000)]
  0x0000023ed05db000 JavaThread "Common-Cleaner" daemon [_thread_blocked, id=11732, stack(0x00000062c0600000,0x00000062c0700000)]
  0x0000023ed2b1f000 JavaThread "Daemon health stats" [_thread_blocked, id=3660, stack(0x00000062c0c00000,0x00000062c0d00000)]
  0x0000023ed1bec000 JavaThread "Incoming local TCP Connector on port 60447" [_thread_in_native, id=17064, stack(0x00000062c0b00000,0x00000062c0c00000)]
  0x0000023ed180e800 JavaThread "Daemon periodic checks" [_thread_blocked, id=1836, stack(0x00000062c0d00000,0x00000062c0e00000)]
  0x0000023ed2348000 JavaThread "Cache worker for journal cache (C:\Users\Royyan\.gradle\caches\journal-1)" [_thread_blocked, id=12900, stack(0x00000062c1500000,0x00000062c1600000)]
  0x0000023ed2346800 JavaThread "File lock request listener" [_thread_in_native, id=15776, stack(0x00000062c1600000,0x00000062c1700000)]
  0x0000023ed2342800 JavaThread "Cache worker for file hash cache (C:\Users\Royyan\.gradle\caches\7.4\fileHashes)" [_thread_blocked, id=11472, stack(0x00000062c1700000,0x00000062c1800000)]
  0x0000023ed2347800 JavaThread "File watcher server" daemon [_thread_in_native, id=21112, stack(0x00000062c1800000,0x00000062c1900000)]
  0x0000023ed2344000 JavaThread "File watcher consumer" daemon [_thread_blocked, id=14600, stack(0x00000062c1900000,0x00000062c1a00000)]
  0x0000023ed2eb3000 JavaThread "Cache worker for execution history cache (C:\Users\Royyan\.gradle\caches\7.4\executionHistory)" [_thread_blocked, id=11172, stack(0x00000062c1f00000,0x00000062c2000000)]
  0x0000023ed2eb1800 JavaThread "jar transforms" [_thread_blocked, id=1388, stack(0x00000062c2000000,0x00000062c2100000)]
  0x0000023ed2eb3800 JavaThread "Cache worker for file content cache (C:\Users\Royyan\.gradle\caches\7.4\fileContent)" [_thread_blocked, id=17400, stack(0x00000062c2100000,0x00000062c2200000)]
  0x0000023ed2eb5800 JavaThread "jar transforms Thread 2" [_thread_blocked, id=124, stack(0x00000062c2200000,0x00000062c2300000)]
  0x0000023ed2eb8000 JavaThread "jar transforms Thread 3" [_thread_blocked, id=14408, stack(0x00000062c1e00000,0x00000062c1f00000)]
  0x0000023ed271b800 JavaThread "jar transforms Thread 4" [_thread_blocked, id=368, stack(0x00000062c4e00000,0x00000062c4f00000)]
  0x0000023ed2722000 JavaThread "Memory manager" [_thread_blocked, id=10144, stack(0x00000062c5000000,0x00000062c5100000)]
  0x0000023ed37ce000 JavaThread "RMI Scheduler(0)" daemon [_thread_blocked, id=11768, stack(0x00000062c1300000,0x00000062c1400000)]
  0x0000023ed37d0800 JavaThread "RMI GC Daemon" daemon [_thread_blocked, id=18500, stack(0x00000062c5700000,0x00000062c5800000)]
  0x0000023ed37d1000 JavaThread "RMI TCP Accept-0" daemon [_thread_in_native, id=4848, stack(0x00000062c5900000,0x00000062c5a00000)]
  0x0000023ed37cf800 JavaThread "RMI Reaper" [_thread_blocked, id=9256, stack(0x00000062c5a00000,0x00000062c5b00000)]
  0x0000023eda94b800 JavaThread "Cache worker for Java compile cache (C:\Users\Royyan\.gradle\caches\7.4\javaCompile)" [_thread_blocked, id=20388, stack(0x00000062c5f00000,0x00000062c6000000)]
  0x0000023eda954800 JavaThread "ForkJoinPool.commonPool-worker-3" daemon [_thread_blocked, id=14484, stack(0x00000062c6100000,0x00000062c6200000)]
  0x0000023eda94c800 JavaThread "Daemon Thread 3" [_thread_blocked, id=18976, stack(0x00000062bf500000,0x00000062bf600000)]
  0x0000023eda94e000 JavaThread "Handler for socket connection from /127.0.0.1:60447 to /127.0.0.1:61225" [_thread_in_native, id=7316, stack(0x00000062bf600000,0x00000062bf700000)]
  0x0000023eda951800 JavaThread "Cancel handler" [_thread_blocked, id=9992, stack(0x00000062c0e00000,0x00000062c0f00000)]
  0x0000023eda950000 JavaThread "Daemon worker Thread 3" [_thread_blocked, id=17896, stack(0x00000062c0f00000,0x00000062c1000000)]
  0x0000023eda952000 JavaThread "Asynchronous log dispatcher for DefaultDaemonConnection: socket connection from /127.0.0.1:60447 to /127.0.0.1:61225" [_thread_blocked, id=14208, stack(0x00000062c1000000,0x00000062c1100000)]
  0x0000023eda953000 JavaThread "Stdin handler" [_thread_blocked, id=1276, stack(0x00000062c1100000,0x00000062c1200000)]
  0x0000023eda94f000 JavaThread "Daemon client event forwarder" [_thread_blocked, id=20688, stack(0x00000062c1200000,0x00000062c1300000)]
  0x0000023eda959000 JavaThread "Cache worker for checksums cache (C:\Users\Royyan\AndroidStudioProjects\ArifCahyono\.gradle\7.4\checksums)" [_thread_blocked, id=16596, stack(0x00000062c1400000,0x00000062c1500000)]
  0x0000023eda958000 JavaThread "Cache worker for cache directory md-rule (C:\Users\Royyan\.gradle\caches\7.4\md-rule)" [_thread_blocked, id=18860, stack(0x00000062c1a00000,0x00000062c1b00000)]
  0x0000023eda956800 JavaThread "Cache worker for file hash cache (C:\Users\Royyan\AndroidStudioProjects\ArifCahyono\.gradle\7.4\fileHashes)" [_thread_blocked, id=20160, stack(0x00000062c1b00000,0x00000062c1c00000)]
  0x0000023eda955800 JavaThread "Cache worker for cache directory md-supplier (C:\Users\Royyan\.gradle\caches\7.4\md-supplier)" [_thread_blocked, id=17972, stack(0x00000062c1c00000,0x00000062c1d00000)]
  0x0000023eda959800 JavaThread "Cache worker for dependencies-accessors (C:\Users\Royyan\AndroidStudioProjects\ArifCahyono\.gradle\7.4\dependencies-accessors)" [_thread_blocked, id=13192, stack(0x00000062c1d00000,0x00000062c1e00000)]
  0x0000023eda957000 JavaThread "Cache worker for Build Output Cleanup Cache (C:\Users\Royyan\AndroidStudioProjects\ArifCahyono\.gradle\buildOutputCleanup)" [_thread_blocked, id=5080, stack(0x00000062c2300000,0x00000062c2400000)]
  0x0000023eda95a800 JavaThread "Unconstrained build operations" [_thread_blocked, id=1756, stack(0x00000062c2400000,0x00000062c2500000)]
  0x0000023ed1eac800 JavaThread "Unconstrained build operations Thread 2" [_thread_blocked, id=12584, stack(0x00000062c2500000,0x00000062c2600000)]
  0x0000023ed1eab800 JavaThread "Unconstrained build operations Thread 3" [_thread_blocked, id=11220, stack(0x00000062c2600000,0x00000062c2700000)]
  0x0000023ed1eae000 JavaThread "Unconstrained build operations Thread 4" [_thread_blocked, id=14564, stack(0x00000062c2700000,0x00000062c2800000)]
  0x0000023ed1ead000 JavaThread "Unconstrained build operations Thread 5" [_thread_blocked, id=19464, stack(0x00000062c2800000,0x00000062c2900000)]
  0x0000023ed1eaa800 JavaThread "Unconstrained build operations Thread 6" [_thread_blocked, id=11740, stack(0x00000062c2900000,0x00000062c2a00000)]
  0x0000023ed1ea9000 JavaThread "Unconstrained build operations Thread 7" [_thread_blocked, id=3688, stack(0x00000062c2a00000,0x00000062c2b00000)]
  0x0000023ed1eae800 JavaThread "Unconstrained build operations Thread 8" [_thread_blocked, id=20624, stack(0x00000062c2b00000,0x00000062c2c00000)]
  0x0000023ed1eaf800 JavaThread "Unconstrained build operations Thread 9" [_thread_blocked, id=19268, stack(0x00000062c2c00000,0x00000062c2d00000)]
  0x0000023ed1eaa000 JavaThread "Unconstrained build operations Thread 10" [_thread_blocked, id=17428, stack(0x00000062c2d00000,0x00000062c2e00000)]
  0x0000023ed1eb6000 JavaThread "Unconstrained build operations Thread 11" [_thread_blocked, id=644, stack(0x00000062c2e00000,0x00000062c2f00000)]
  0x0000023ed1eb0800 JavaThread "Unconstrained build operations Thread 12" [_thread_blocked, id=9552, stack(0x00000062c2f00000,0x00000062c3000000)]
  0x0000023ed1eb7000 JavaThread "Unconstrained build operations Thread 13" [_thread_blocked, id=10972, stack(0x00000062c3000000,0x00000062c3100000)]
  0x0000023ed1eb1000 JavaThread "Unconstrained build operations Thread 14" [_thread_blocked, id=21068, stack(0x00000062c3100000,0x00000062c3200000)]
  0x0000023ed1eb4800 JavaThread "Unconstrained build operations Thread 15" [_thread_blocked, id=2272, stack(0x00000062c3200000,0x00000062c3300000)]
  0x0000023ed1eb3000 JavaThread "Unconstrained build operations Thread 16" [_thread_blocked, id=12500, stack(0x00000062c3300000,0x00000062c3400000)]
  0x0000023ed1eb7800 JavaThread "Unconstrained build operations Thread 17" [_thread_blocked, id=9372, stack(0x00000062c3400000,0x00000062c3500000)]
  0x0000023ed1eb2000 JavaThread "Unconstrained build operations Thread 18" [_thread_blocked, id=6796, stack(0x00000062c3500000,0x00000062c3600000)]
  0x0000023ed1eb3800 JavaThread "Unconstrained build operations Thread 19" [_thread_blocked, id=11780, stack(0x00000062c3600000,0x00000062c3700000)]
  0x0000023ed2716800 JavaThread "Unconstrained build operations Thread 20" [_thread_blocked, id=19908, stack(0x00000062c3700000,0x00000062c3800000)]
  0x0000023ed2715000 JavaThread "Unconstrained build operations Thread 21" [_thread_blocked, id=2380, stack(0x00000062c3800000,0x00000062c3900000)]
  0x0000023ed2713000 JavaThread "Unconstrained build operations Thread 22" [_thread_blocked, id=4436, stack(0x00000062c3900000,0x00000062c3a00000)]
  0x0000023ed2715800 JavaThread "Unconstrained build operations Thread 23" [_thread_blocked, id=1940, stack(0x00000062c3a00000,0x00000062c3b00000)]
  0x0000023ed2718000 JavaThread "Unconstrained build operations Thread 24" [_thread_blocked, id=14684, stack(0x00000062c3b00000,0x00000062c3c00000)]
  0x0000023ed2717800 JavaThread "Unconstrained build operations Thread 25" [_thread_blocked, id=13608, stack(0x00000062c3c00000,0x00000062c3d00000)]
  0x0000023ed2714000 JavaThread "Unconstrained build operations Thread 26" [_thread_blocked, id=16944, stack(0x00000062c3d00000,0x00000062c3e00000)]
  0x0000023ed271e800 JavaThread "Unconstrained build operations Thread 27" [_thread_blocked, id=15068, stack(0x00000062c3e00000,0x00000062c3f00000)]
  0x0000023ed271c000 JavaThread "Unconstrained build operations Thread 28" [_thread_blocked, id=11700, stack(0x00000062c3f00000,0x00000062c4000000)]
  0x0000023ed2719000 JavaThread "Unconstrained build operations Thread 29" [_thread_blocked, id=17824, stack(0x00000062c4000000,0x00000062c4100000)]
  0x0000023ed271d000 JavaThread "Unconstrained build operations Thread 30" [_thread_blocked, id=4472, stack(0x00000062c4100000,0x00000062c4200000)]
  0x0000023ed271f800 JavaThread "Unconstrained build operations Thread 31" [_thread_blocked, id=18552, stack(0x00000062c4200000,0x00000062c4300000)]
  0x0000023ed271a000 JavaThread "Unconstrained build operations Thread 32" [_thread_blocked, id=20068, stack(0x00000062c4300000,0x00000062c4400000)]
  0x0000023ed271e000 JavaThread "Unconstrained build operations Thread 33" [_thread_blocked, id=1048, stack(0x00000062c4400000,0x00000062c4500000)]
  0x0000023ed2720800 JavaThread "Unconstrained build operations Thread 34" [_thread_blocked, id=8852, stack(0x00000062c4500000,0x00000062c4600000)]
  0x0000023ed271a800 JavaThread "Unconstrained build operations Thread 35" [_thread_blocked, id=8556, stack(0x00000062c4600000,0x00000062c4700000)]
  0x0000023ed2721000 JavaThread "Unconstrained build operations Thread 36" [_thread_blocked, id=19088, stack(0x00000062c4700000,0x00000062c4800000)]
  0x0000023ed37ce800 JavaThread "Unconstrained build operations Thread 37" [_thread_blocked, id=18016, stack(0x00000062c4800000,0x00000062c4900000)]
  0x0000023ed37d5800 JavaThread "Unconstrained build operations Thread 38" [_thread_blocked, id=11464, stack(0x00000062c4900000,0x00000062c4a00000)]
  0x0000023ed37d3000 JavaThread "Unconstrained build operations Thread 39" [_thread_blocked, id=9316, stack(0x00000062c4a00000,0x00000062c4b00000)]
  0x0000023ed37d2000 JavaThread "Unconstrained build operations Thread 40" [_thread_blocked, id=16336, stack(0x00000062c4b00000,0x00000062c4c00000)]
  0x0000023ed37d8800 JavaThread "build event listener" [_thread_blocked, id=9832, stack(0x00000062c4d00000,0x00000062c4e00000)]
  0x0000023ed37d6000 JavaThread "included builds" [_thread_blocked, id=18768, stack(0x00000062c4f00000,0x00000062c5000000)]
  0x0000023ed37d9800 JavaThread "Execution worker for ':'" [_thread_blocked, id=18532, stack(0x00000062c5100000,0x00000062c5200000)]
  0x0000023ed37d7000 JavaThread "Execution worker for ':' Thread 2" [_thread_blocked, id=9220, stack(0x00000062c5200000,0x00000062c5300000)]
  0x0000023ed37d7800 JavaThread "Execution worker for ':' Thread 3" [_thread_blocked, id=12056, stack(0x00000062c5300000,0x00000062c5400000)]
  0x0000023ed37d3800 JavaThread "Cache worker for execution history cache (C:\Users\Royyan\AndroidStudioProjects\ArifCahyono\.gradle\7.4\executionHistory)" [_thread_blocked, id=7340, stack(0x00000062c5400000,0x00000062c5500000)]
  0x0000023ed37da000 JavaThread "WorkerExecutor Queue" [_thread_in_native, id=9760, stack(0x00000062c5500000,0x00000062c5600000)]
  0x0000023ed37db000 JavaThread "RMI TCP Connection(12)-127.0.0.1" daemon [_thread_in_native, id=14012, stack(0x00000062c5800000,0x00000062c5900000)]
  0x0000023ed37dc000 JavaThread "WorkerExecutor Queue Thread 2" [_thread_blocked, id=10924, stack(0x00000062c4c00000,0x00000062c4d00000)]
  0x0000023ed2eb6000 JavaThread "WorkerExecutor Queue Thread 3" [_thread_in_native, id=2308, stack(0x00000062c5b00000,0x00000062c5c00000)]
  0x0000023ed2ebc000 JavaThread "RMI TCP Connection(13)-127.0.0.1" daemon [_thread_in_native, id=2096, stack(0x00000062c5d00000,0x00000062c5e00000)]
  0x0000023ed2eba800 JavaThread "Build operations" [_thread_blocked, id=18712, stack(0x00000062c5600000,0x00000062c5700000)]
  0x0000023ed2ebc800 JavaThread "Build operations Thread 2" [_thread_blocked, id=1176, stack(0x00000062c5e00000,0x00000062c5f00000)]
  0x0000023ed2eb8800 JavaThread "Build operations Thread 3" [_thread_blocked, id=20252, stack(0x00000062c6000000,0x00000062c6100000)]
  0x0000023ed2ebb000 JavaThread "Build operations Thread 4" [_thread_blocked, id=21304, stack(0x00000062c6200000,0x00000062c6300000)]
  0x0000023ed2eb7000 JavaThread "WorkerExecutor Queue Thread 4" [_thread_blocked, id=7728, stack(0x00000062c5c00000,0x00000062c5d00000)]
  0x0000023ed3bff800 JavaThread "C2 CompilerThread1" daemon [_thread_in_native, id=16152, stack(0x00000062c6300000,0x00000062c6400000)]
  0x0000023ed2eb2000 JavaThread "WorkerExecutor Queue Thread 5" [_thread_blocked, id=9168, stack(0x00000062c6400000,0x00000062c6500000)]

Other Threads:
  0x0000023ecfc0f000 VMThread "VM Thread" [stack: 0x00000062bfd00000,0x00000062bfe00000] [id=19816]
  0x0000023ed05e8000 WatcherThread [stack: 0x00000062c0700000,0x00000062c0800000] [id=5284]
  0x0000023eb5ff6000 GCTaskThread "GC Thread#0" [stack: 0x00000062bf800000,0x00000062bf900000] [id=3548]
  0x0000023ed0af5000 GCTaskThread "GC Thread#1" [stack: 0x00000062c0800000,0x00000062c0900000] [id=10132]
  0x0000023ed06e0800 GCTaskThread "GC Thread#2" [stack: 0x00000062c0900000,0x00000062c0a00000] [id=12260]
  0x0000023ed0ae4000 GCTaskThread "GC Thread#3" [stack: 0x00000062c0a00000,0x00000062c0b00000] [id=12204]
  0x0000023eb6025800 ConcurrentGCThread "G1 Main Marker" [stack: 0x00000062bf900000,0x00000062bfa00000] [id=12496]
  0x0000023eb6027000 ConcurrentGCThread "G1 Conc#0" [stack: 0x00000062bfa00000,0x00000062bfb00000] [id=13800]
  0x0000023eb60bd800 ConcurrentGCThread "G1 Refine#0" [stack: 0x00000062bfb00000,0x00000062bfc00000] [id=13240]
  0x0000023ecfa62800 ConcurrentGCThread "G1 Young RemSet Sampling" [stack: 0x00000062bfc00000,0x00000062bfd00000] [id=16684]

Threads with active compile tasks:
C2 CompilerThread01107214 26159       4       com.android.tools.r8.graph.t2::c (676 bytes)
C2 CompilerThread11107214 26198       4       com.android.tools.r8.internal.Rn::F (324 bytes)

VM state:not at safepoint (normal execution)

VM Mutex/Monitor currently owned by a thread: None

Heap address: 0x0000000080000000, size: 2048 MB, Compressed Oops mode: 32-bit
Narrow klass base: 0x0000000000000000, Narrow klass shift: 3
Compressed class space size: 1073741824 Address: 0x0000000100000000

Heap:
 garbage-first heap   total 252928K, used 223703K [0x0000000080000000, 0x0000000100000000)
  region size 1024K, 6 young (6144K), 2 survivors (2048K)
 Metaspace       used 156764K, capacity 162079K, committed 162256K, reserved 1189888K
  class space    used 19450K, capacity 21482K, committed 21580K, reserved 1048576K
Heap Regions: E=young(eden), S=young(survivor), O=old, HS=humongous(starts), HC=humongous(continues), CS=collection set, F=free, A=archive, TAMS=top-at-mark-start (previous, next)
|   0|0x0000000080000000, 0x0000000080100000, 0x0000000080100000|100%|HS|  |TAMS 0x0000000080100000, 0x0000000080100000| Complete 
|   1|0x0000000080100000, 0x0000000080200000, 0x0000000080200000|100%|HC|  |TAMS 0x0000000080200000, 0x0000000080200000| Complete 
|   2|0x0000000080200000, 0x0000000080300000, 0x0000000080300000|100%|HC|  |TAMS 0x0000000080300000, 0x0000000080300000| Complete 
|   3|0x0000000080300000, 0x0000000080400000, 0x0000000080400000|100%| O|  |TAMS 0x0000000080400000, 0x0000000080400000| Untracked 
|   4|0x0000000080400000, 0x0000000080500000, 0x0000000080500000|100%| O|  |TAMS 0x0000000080500000, 0x0000000080500000| Untracked 
|   5|0x0000000080500000, 0x0000000080600000, 0x0000000080600000|100%| O|  |TAMS 0x0000000080600000, 0x0000000080600000| Untracked 
|   6|0x0000000080600000, 0x0000000080700000, 0x0000000080700000|100%| O|  |TAMS 0x0000000080700000, 0x0000000080700000| Untracked 
|   7|0x0000000080700000, 0x0000000080800000, 0x0000000080800000|100%| O|  |TAMS 0x0000000080800000, 0x0000000080800000| Untracked 
|   8|0x0000000080800000, 0x0000000080900000, 0x0000000080900000|100%| O|  |TAMS 0x0000000080900000, 0x0000000080900000| Untracked 
|   9|0x0000000080900000, 0x0000000080a00000, 0x0000000080a00000|100%| O|  |TAMS 0x0000000080a00000, 0x0000000080a00000| Untracked 
|  10|0x0000000080a00000, 0x0000000080b00000, 0x0000000080b00000|100%| O|  |TAMS 0x0000000080b00000, 0x0000000080b00000| Untracked 
|  11|0x0000000080b00000, 0x0000000080c00000, 0x0000000080c00000|100%| O|  |TAMS 0x0000000080c00000, 0x0000000080c00000| Untracked 
|  12|0x0000000080c00000, 0x0000000080d00000, 0x0000000080d00000|100%| O|  |TAMS 0x0000000080d00000, 0x0000000080d00000| Untracked 
|  13|0x0000000080d00000, 0x0000000080e00000, 0x0000000080e00000|100%| O|  |TAMS 0x0000000080e00000, 0x0000000080e00000| Untracked 
|  14|0x0000000080e00000, 0x0000000080f00000, 0x0000000080f00000|100%| O|  |TAMS 0x0000000080f00000, 0x0000000080f00000| Untracked 
|  15|0x0000000080f00000, 0x0000000081000000, 0x0000000081000000|100%| O|  |TAMS 0x0000000081000000, 0x0000000081000000| Untracked 
|  16|0x0000000081000000, 0x0000000081100000, 0x0000000081100000|100%| O|  |TAMS 0x0000000081100000, 0x0000000081100000| Untracked 
|  17|0x0000000081100000, 0x0000000081200000, 0x0000000081200000|100%|HS|  |TAMS 0x0000000081200000, 0x0000000081200000| Complete 
|  18|0x0000000081200000, 0x0000000081300000, 0x0000000081300000|100%|HS|  |TAMS 0x0000000081300000, 0x0000000081300000| Complete 
|  19|0x0000000081300000, 0x0000000081400000, 0x0000000081400000|100%|HS|  |TAMS 0x0000000081400000, 0x0000000081400000| Complete 
|  20|0x0000000081400000, 0x0000000081500000, 0x0000000081500000|100%| O|  |TAMS 0x0000000081500000, 0x0000000081500000| Untracked 
|  21|0x0000000081500000, 0x0000000081600000, 0x0000000081600000|100%| O|  |TAMS 0x0000000081600000, 0x0000000081600000| Untracked 
|  22|0x0000000081600000, 0x0000000081700000, 0x0000000081700000|100%| O|  |TAMS 0x0000000081700000, 0x0000000081700000| Untracked 
|  23|0x0000000081700000, 0x0000000081800000, 0x0000000081800000|100%| O|  |TAMS 0x0000000081800000, 0x0000000081800000| Untracked 
|  24|0x0000000081800000, 0x0000000081900000, 0x0000000081900000|100%| O|  |TAMS 0x0000000081900000, 0x0000000081900000| Untracked 
|  25|0x0000000081900000, 0x0000000081a00000, 0x0000000081a00000|100%| O|  |TAMS 0x0000000081a00000, 0x0000000081a00000| Untracked 
|  26|0x0000000081a00000, 0x0000000081b00000, 0x0000000081b00000|100%|HS|  |TAMS 0x0000000081b00000, 0x0000000081b00000| Complete 
|  27|0x0000000081b00000, 0x0000000081c00000, 0x0000000081c00000|100%|HC|  |TAMS 0x0000000081c00000, 0x0000000081c00000| Complete 
|  28|0x0000000081c00000, 0x0000000081d00000, 0x0000000081d00000|100%|HC|  |TAMS 0x0000000081d00000, 0x0000000081d00000| Complete 
|  29|0x0000000081d00000, 0x0000000081e00000, 0x0000000081e00000|100%| O|  |TAMS 0x0000000081e00000, 0x0000000081e00000| Untracked 
|  30|0x0000000081e00000, 0x0000000081f00000, 0x0000000081f00000|100%|HS|  |TAMS 0x0000000081f00000, 0x0000000081f00000| Complete 
|  31|0x0000000081f00000, 0x0000000082000000, 0x0000000082000000|100%|HC|  |TAMS 0x0000000082000000, 0x0000000082000000| Complete 
|  32|0x0000000082000000, 0x0000000082100000, 0x0000000082100000|100%| O|  |TAMS 0x0000000082100000, 0x0000000082100000| Untracked 
|  33|0x0000000082100000, 0x0000000082200000, 0x0000000082200000|100%| O|  |TAMS 0x0000000082200000, 0x0000000082200000| Untracked 
|  34|0x0000000082200000, 0x0000000082300000, 0x0000000082300000|100%| O|  |TAMS 0x0000000082300000, 0x0000000082300000| Untracked 
|  35|0x0000000082300000, 0x0000000082400000, 0x0000000082400000|100%| O|  |TAMS 0x0000000082400000, 0x0000000082400000| Untracked 
|  36|0x0000000082400000, 0x0000000082500000, 0x0000000082500000|100%| O|  |TAMS 0x0000000082500000, 0x0000000082500000| Untracked 
|  37|0x0000000082500000, 0x0000000082600000, 0x0000000082600000|100%| O|  |TAMS 0x0000000082600000, 0x0000000082600000| Untracked 
|  38|0x0000000082600000, 0x0000000082700000, 0x0000000082700000|100%| O|  |TAMS 0x0000000082700000, 0x0000000082700000| Untracked 
|  39|0x0000000082700000, 0x0000000082800000, 0x0000000082800000|100%| O|  |TAMS 0x0000000082800000, 0x0000000082800000| Untracked 
|  40|0x0000000082800000, 0x0000000082900000, 0x0000000082900000|100%| O|  |TAMS 0x0000000082900000, 0x0000000082900000| Untracked 
|  41|0x0000000082900000, 0x0000000082a00000, 0x0000000082a00000|100%| O|  |TAMS 0x0000000082a00000, 0x0000000082a00000| Untracked 
|  42|0x0000000082a00000, 0x0000000082b00000, 0x0000000082b00000|100%| O|  |TAMS 0x0000000082b00000, 0x0000000082b00000| Untracked 
|  43|0x0000000082b00000, 0x0000000082c00000, 0x0000000082c00000|100%| O|  |TAMS 0x0000000082c00000, 0x0000000082c00000| Untracked 
|  44|0x0000000082c00000, 0x0000000082d00000, 0x0000000082d00000|100%| O|  |TAMS 0x0000000082d00000, 0x0000000082d00000| Untracked 
|  45|0x0000000082d00000, 0x0000000082e00000, 0x0000000082e00000|100%| O|  |TAMS 0x0000000082e00000, 0x0000000082e00000| Untracked 
|  46|0x0000000082e00000, 0x0000000082f00000, 0x0000000082f00000|100%| O|  |TAMS 0x0000000082f00000, 0x0000000082f00000| Untracked 
|  47|0x0000000082f00000, 0x0000000083000000, 0x0000000083000000|100%| O|  |TAMS 0x0000000083000000, 0x0000000083000000| Untracked 
|  48|0x0000000083000000, 0x0000000083100000, 0x0000000083100000|100%| O|  |TAMS 0x0000000083100000, 0x0000000083100000| Untracked 
|  49|0x0000000083100000, 0x0000000083200000, 0x0000000083200000|100%| O|  |TAMS 0x0000000083200000, 0x0000000083200000| Untracked 
|  50|0x0000000083200000, 0x0000000083300000, 0x0000000083300000|100%| O|  |TAMS 0x0000000083300000, 0x0000000083300000| Untracked 
|  51|0x0000000083300000, 0x0000000083400000, 0x0000000083400000|100%| O|  |TAMS 0x0000000083400000, 0x0000000083400000| Untracked 
|  52|0x0000000083400000, 0x0000000083500000, 0x0000000083500000|100%| O|  |TAMS 0x0000000083500000, 0x0000000083500000| Untracked 
|  53|0x0000000083500000, 0x0000000083600000, 0x0000000083600000|100%| O|  |TAMS 0x0000000083600000, 0x0000000083600000| Untracked 
|  54|0x0000000083600000, 0x0000000083700000, 0x0000000083700000|100%| O|  |TAMS 0x0000000083700000, 0x0000000083700000| Untracked 
|  55|0x0000000083700000, 0x0000000083800000, 0x0000000083800000|100%| O|  |TAMS 0x0000000083800000, 0x0000000083800000| Untracked 
|  56|0x0000000083800000, 0x0000000083900000, 0x0000000083900000|100%| O|  |TAMS 0x0000000083900000, 0x0000000083900000| Untracked 
|  57|0x0000000083900000, 0x0000000083a00000, 0x0000000083a00000|100%| O|  |TAMS 0x0000000083a00000, 0x0000000083a00000| Untracked 
|  58|0x0000000083a00000, 0x0000000083b00000, 0x0000000083b00000|100%| O|  |TAMS 0x0000000083b00000, 0x0000000083b00000| Untracked 
|  59|0x0000000083b00000, 0x0000000083c00000, 0x0000000083c00000|100%| O|  |TAMS 0x0000000083c00000, 0x0000000083c00000| Untracked 
|  60|0x0000000083c00000, 0x0000000083d00000, 0x0000000083d00000|100%| O|  |TAMS 0x0000000083d00000, 0x0000000083d00000| Untracked 
|  61|0x0000000083d00000, 0x0000000083e00000, 0x0000000083e00000|100%| O|  |TAMS 0x0000000083e00000, 0x0000000083e00000| Untracked 
|  62|0x0000000083e00000, 0x0000000083f00000, 0x0000000083f00000|100%| O|  |TAMS 0x0000000083f00000, 0x0000000083f00000| Untracked 
|  63|0x0000000083f00000, 0x0000000084000000, 0x0000000084000000|100%| O|  |TAMS 0x0000000084000000, 0x0000000084000000| Untracked 
|  64|0x0000000084000000, 0x0000000084100000, 0x0000000084100000|100%| O|  |TAMS 0x0000000084000000, 0x0000000084100000| Untracked 
|  65|0x0000000084100000, 0x0000000084200000, 0x0000000084200000|100%| O|  |TAMS 0x0000000084200000, 0x0000000084200000| Untracked 
|  66|0x0000000084200000, 0x0000000084300000, 0x0000000084300000|100%| O|  |TAMS 0x0000000084200000, 0x0000000084300000| Untracked 
|  67|0x0000000084300000, 0x0000000084400000, 0x0000000084400000|100%| O|  |TAMS 0x0000000084300000, 0x0000000084400000| Untracked 
|  68|0x0000000084400000, 0x0000000084500000, 0x0000000084500000|100%| O|  |TAMS 0x0000000084400000, 0x0000000084500000| Untracked 
|  69|0x0000000084500000, 0x0000000084600000, 0x0000000084600000|100%| O|  |TAMS 0x0000000084600000, 0x0000000084600000| Untracked 
|  70|0x0000000084600000, 0x0000000084700000, 0x0000000084700000|100%| O|  |TAMS 0x0000000084700000, 0x0000000084700000| Untracked 
|  71|0x0000000084700000, 0x0000000084800000, 0x0000000084800000|100%| O|  |TAMS 0x0000000084700000, 0x0000000084800000| Untracked 
|  72|0x0000000084800000, 0x0000000084900000, 0x0000000084900000|100%| O|  |TAMS 0x0000000084900000, 0x0000000084900000| Untracked 
|  73|0x0000000084900000, 0x0000000084a00000, 0x0000000084a00000|100%| O|  |TAMS 0x0000000084a00000, 0x0000000084a00000| Untracked 
|  74|0x0000000084a00000, 0x0000000084b00000, 0x0000000084b00000|100%| O|  |TAMS 0x0000000084b00000, 0x0000000084b00000| Untracked 
|  75|0x0000000084b00000, 0x0000000084c00000, 0x0000000084c00000|100%| O|  |TAMS 0x0000000084c00000, 0x0000000084c00000| Untracked 
|  76|0x0000000084c00000, 0x0000000084d00000, 0x0000000084d00000|100%| O|  |TAMS 0x0000000084d00000, 0x0000000084d00000| Untracked 
|  77|0x0000000084d00000, 0x0000000084e00000, 0x0000000084e00000|100%| O|  |TAMS 0x0000000084e00000, 0x0000000084e00000| Untracked 
|  78|0x0000000084e00000, 0x0000000084f00000, 0x0000000084f00000|100%| O|  |TAMS 0x0000000084f00000, 0x0000000084f00000| Untracked 
|  79|0x0000000084f00000, 0x0000000085000000, 0x0000000085000000|100%| O|  |TAMS 0x0000000084f00000, 0x0000000085000000| Untracked 
|  80|0x0000000085000000, 0x0000000085100000, 0x0000000085100000|100%| O|  |TAMS 0x0000000085000000, 0x0000000085100000| Untracked 
|  81|0x0000000085100000, 0x0000000085200000, 0x0000000085200000|100%| O|  |TAMS 0x0000000085200000, 0x0000000085200000| Untracked 
|  82|0x0000000085200000, 0x0000000085300000, 0x0000000085300000|100%| O|  |TAMS 0x0000000085300000, 0x0000000085300000| Untracked 
|  83|0x0000000085300000, 0x0000000085400000, 0x0000000085400000|100%| O|  |TAMS 0x0000000085400000, 0x0000000085400000| Untracked 
|  84|0x0000000085400000, 0x0000000085500000, 0x0000000085500000|100%| O|  |TAMS 0x0000000085400000, 0x0000000085500000| Untracked 
|  85|0x0000000085500000, 0x0000000085600000, 0x0000000085600000|100%| O|  |TAMS 0x0000000085500000, 0x0000000085600000| Untracked 
|  86|0x0000000085600000, 0x0000000085700000, 0x0000000085700000|100%| O|  |TAMS 0x0000000085700000, 0x0000000085700000| Untracked 
|  87|0x0000000085700000, 0x0000000085800000, 0x0000000085800000|100%| O|  |TAMS 0x0000000085800000, 0x0000000085800000| Untracked 
|  88|0x0000000085800000, 0x0000000085900000, 0x0000000085900000|100%| O|  |TAMS 0x0000000085900000, 0x0000000085900000| Untracked 
|  89|0x0000000085900000, 0x0000000085a00000, 0x0000000085a00000|100%| O|  |TAMS 0x0000000085a00000, 0x0000000085a00000| Untracked 
|  90|0x0000000085a00000, 0x0000000085b00000, 0x0000000085b00000|100%| O|  |TAMS 0x0000000085b00000, 0x0000000085b00000| Untracked 
|  91|0x0000000085b00000, 0x0000000085c00000, 0x0000000085c00000|100%| O|  |TAMS 0x0000000085c00000, 0x0000000085c00000| Untracked 
|  92|0x0000000085c00000, 0x0000000085d00000, 0x0000000085d00000|100%| O|  |TAMS 0x0000000085d00000, 0x0000000085d00000| Untracked 
|  93|0x0000000085d00000, 0x0000000085e00000, 0x0000000085e00000|100%| O|  |TAMS 0x0000000085d00000, 0x0000000085e00000| Untracked 
|  94|0x0000000085e00000, 0x0000000085f00000, 0x0000000085f00000|100%| O|  |TAMS 0x0000000085e00000, 0x0000000085f00000| Untracked 
|  95|0x0000000085f00000, 0x0000000086000000, 0x0000000086000000|100%| O|  |TAMS 0x0000000086000000, 0x0000000086000000| Untracked 
|  96|0x0000000086000000, 0x0000000086100000, 0x0000000086100000|100%| O|  |TAMS 0x0000000086100000, 0x0000000086100000| Untracked 
|  97|0x0000000086100000, 0x0000000086200000, 0x0000000086200000|100%| O|  |TAMS 0x0000000086200000, 0x0000000086200000| Untracked 
|  98|0x0000000086200000, 0x0000000086300000, 0x0000000086300000|100%| O|  |TAMS 0x0000000086200000, 0x0000000086300000| Untracked 
|  99|0x0000000086300000, 0x0000000086400000, 0x0000000086400000|100%| O|  |TAMS 0x0000000086400000, 0x0000000086400000| Untracked 
| 100|0x0000000086400000, 0x0000000086500000, 0x0000000086500000|100%|HS|  |TAMS 0x0000000086500000, 0x0000000086500000| Complete 
| 101|0x0000000086500000, 0x0000000086600000, 0x0000000086600000|100%|HC|  |TAMS 0x0000000086600000, 0x0000000086600000| Complete 
| 102|0x0000000086600000, 0x0000000086700000, 0x0000000086700000|100%|HC|  |TAMS 0x0000000086700000, 0x0000000086700000| Complete 
| 103|0x0000000086700000, 0x0000000086800000, 0x0000000086800000|100%| O|  |TAMS 0x0000000086800000, 0x0000000086800000| Untracked 
| 104|0x0000000086800000, 0x0000000086900000, 0x0000000086900000|100%|HS|  |TAMS 0x0000000086800000, 0x0000000086900000| Complete 
| 105|0x0000000086900000, 0x0000000086a00000, 0x0000000086a00000|100%|HC|  |TAMS 0x0000000086900000, 0x0000000086a00000| Complete 
| 106|0x0000000086a00000, 0x0000000086b00000, 0x0000000086b00000|100%| O|  |TAMS 0x0000000086a00000, 0x0000000086b00000| Untracked 
| 107|0x0000000086b00000, 0x0000000086c00000, 0x0000000086c00000|100%| O|  |TAMS 0x0000000086b00000, 0x0000000086c00000| Untracked 
| 108|0x0000000086c00000, 0x0000000086d00000, 0x0000000086d00000|100%| O|  |TAMS 0x0000000086c00000, 0x0000000086d00000| Untracked 
| 109|0x0000000086d00000, 0x0000000086e00000, 0x0000000086e00000|100%| O|  |TAMS 0x0000000086d00000, 0x0000000086e00000| Untracked 
| 110|0x0000000086e00000, 0x0000000086f00000, 0x0000000086f00000|100%| O|  |TAMS 0x0000000086f00000, 0x0000000086f00000| Untracked 
| 111|0x0000000086f00000, 0x0000000087000000, 0x0000000087000000|100%| O|  |TAMS 0x0000000086f00000, 0x0000000087000000| Untracked 
| 112|0x0000000087000000, 0x0000000087100000, 0x0000000087100000|100%| O|  |TAMS 0x0000000087000000, 0x0000000087100000| Untracked 
| 113|0x0000000087100000, 0x0000000087200000, 0x0000000087200000|100%| O|  |TAMS 0x0000000087200000, 0x0000000087200000| Untracked 
| 114|0x0000000087200000, 0x0000000087300000, 0x0000000087300000|100%|HS|  |TAMS 0x0000000087300000, 0x0000000087300000| Complete 
| 115|0x0000000087300000, 0x0000000087400000, 0x0000000087400000|100%| O|  |TAMS 0x0000000087300000, 0x0000000087400000| Untracked 
| 116|0x0000000087400000, 0x0000000087500000, 0x0000000087500000|100%| O|  |TAMS 0x0000000087400000, 0x0000000087500000| Untracked 
| 117|0x0000000087500000, 0x0000000087600000, 0x0000000087600000|100%| O|  |TAMS 0x0000000087600000, 0x0000000087600000| Untracked 
| 118|0x0000000087600000, 0x0000000087700000, 0x0000000087700000|100%| O|  |TAMS 0x0000000087600000, 0x0000000087700000| Untracked 
| 119|0x0000000087700000, 0x0000000087800000, 0x0000000087800000|100%| O|  |TAMS 0x0000000087700000, 0x0000000087800000| Untracked 
| 120|0x0000000087800000, 0x0000000087900000, 0x0000000087900000|100%| O|  |TAMS 0x0000000087900000, 0x0000000087900000| Untracked 
| 121|0x0000000087900000, 0x0000000087a00000, 0x0000000087a00000|100%| O|  |TAMS 0x0000000087900000, 0x0000000087a00000| Untracked 
| 122|0x0000000087a00000, 0x0000000087b00000, 0x0000000087b00000|100%| O|  |TAMS 0x0000000087a00000, 0x0000000087b00000| Untracked 
| 123|0x0000000087b00000, 0x0000000087c00000, 0x0000000087c00000|100%| O|  |TAMS 0x0000000087c00000, 0x0000000087c00000| Untracked 
| 124|0x0000000087c00000, 0x0000000087d00000, 0x0000000087d00000|100%| O|  |TAMS 0x0000000087d00000, 0x0000000087d00000| Untracked 
| 125|0x0000000087d00000, 0x0000000087e00000, 0x0000000087e00000|100%| O|  |TAMS 0x0000000087d00000, 0x0000000087e00000| Untracked 
| 126|0x0000000087e00000, 0x0000000087f00000, 0x0000000087f00000|100%| O|  |TAMS 0x0000000087e00000, 0x0000000087f00000| Untracked 
| 127|0x0000000087f00000, 0x0000000088000000, 0x0000000088000000|100%| O|  |TAMS 0x0000000088000000, 0x0000000088000000| Untracked 
| 128|0x0000000088000000, 0x0000000088100000, 0x0000000088100000|100%| O|  |TAMS 0x0000000088100000, 0x0000000088100000| Untracked 
| 129|0x0000000088100000, 0x0000000088200000, 0x0000000088200000|100%| O|  |TAMS 0x0000000088100000, 0x0000000088200000| Untracked 
| 130|0x0000000088200000, 0x0000000088300000, 0x0000000088300000|100%| O|  |TAMS 0x0000000088200000, 0x0000000088300000| Untracked 
| 131|0x0000000088300000, 0x0000000088400000, 0x0000000088400000|100%| O|  |TAMS 0x0000000088300000, 0x0000000088400000| Untracked 
| 132|0x0000000088400000, 0x0000000088500000, 0x0000000088500000|100%| O|  |TAMS 0x0000000088400000, 0x0000000088500000| Untracked 
| 133|0x0000000088500000, 0x0000000088600000, 0x0000000088600000|100%| O|  |TAMS 0x0000000088500000, 0x0000000088600000| Untracked 
| 134|0x0000000088600000, 0x0000000088700000, 0x0000000088700000|100%| O|  |TAMS 0x0000000088700000, 0x0000000088700000| Untracked 
| 135|0x0000000088700000, 0x0000000088800000, 0x0000000088800000|100%| O|  |TAMS 0x0000000088800000, 0x0000000088800000| Untracked 
| 136|0x0000000088800000, 0x0000000088900000, 0x0000000088900000|100%| O|  |TAMS 0x0000000088800000, 0x0000000088900000| Untracked 
| 137|0x0000000088900000, 0x0000000088a00000, 0x0000000088a00000|100%| O|  |TAMS 0x0000000088a00000, 0x0000000088a00000| Untracked 
| 138|0x0000000088a00000, 0x0000000088b00000, 0x0000000088b00000|100%| O|  |TAMS 0x0000000088b00000, 0x0000000088b00000| Untracked 
| 139|0x0000000088b00000, 0x0000000088c00000, 0x0000000088c00000|100%|HS|  |TAMS 0x0000000088c00000, 0x0000000088c00000| Complete 
| 140|0x0000000088c00000, 0x0000000088d00000, 0x0000000088d00000|100%|HC|  |TAMS 0x0000000088d00000, 0x0000000088d00000| Complete 
| 141|0x0000000088d00000, 0x0000000088e00000, 0x0000000088e00000|100%| O|  |TAMS 0x0000000088e00000, 0x0000000088e00000| Untracked 
| 142|0x0000000088e00000, 0x0000000088f00000, 0x0000000088f00000|100%| O|  |TAMS 0x0000000088e00000, 0x0000000088f00000| Untracked 
| 143|0x0000000088f00000, 0x0000000089000000, 0x0000000089000000|100%| O|  |TAMS 0x0000000088f00000, 0x0000000089000000| Untracked 
| 144|0x0000000089000000, 0x0000000089100000, 0x0000000089100000|100%| O|  |TAMS 0x0000000089000000, 0x0000000089100000| Untracked 
| 145|0x0000000089100000, 0x0000000089200000, 0x0000000089200000|100%| O|  |TAMS 0x0000000089100000, 0x0000000089200000| Untracked 
| 146|0x0000000089200000, 0x0000000089300000, 0x0000000089300000|100%| O|  |TAMS 0x0000000089300000, 0x0000000089300000| Untracked 
| 147|0x0000000089300000, 0x0000000089400000, 0x0000000089400000|100%| O|  |TAMS 0x0000000089400000, 0x0000000089400000| Untracked 
| 148|0x0000000089400000, 0x0000000089500000, 0x0000000089500000|100%| O|  |TAMS 0x0000000089400000, 0x0000000089500000| Untracked 
| 149|0x0000000089500000, 0x0000000089600000, 0x0000000089600000|100%| O|  |TAMS 0x0000000089500000, 0x0000000089600000| Untracked 
| 150|0x0000000089600000, 0x0000000089700000, 0x0000000089700000|100%| O|  |TAMS 0x0000000089700000, 0x0000000089700000| Untracked 
| 151|0x0000000089700000, 0x0000000089800000, 0x0000000089800000|100%| O|  |TAMS 0x0000000089800000, 0x0000000089800000| Untracked 
| 152|0x0000000089800000, 0x0000000089900000, 0x0000000089900000|100%| O|  |TAMS 0x0000000089900000, 0x0000000089900000| Untracked 
| 153|0x0000000089900000, 0x0000000089a00000, 0x0000000089a00000|100%| O|  |TAMS 0x0000000089a00000, 0x0000000089a00000| Untracked 
| 154|0x0000000089a00000, 0x0000000089b00000, 0x0000000089b00000|100%| O|  |TAMS 0x0000000089b00000, 0x0000000089b00000| Untracked 
| 155|0x0000000089b00000, 0x0000000089c00000, 0x0000000089c00000|100%| O|  |TAMS 0x0000000089c00000, 0x0000000089c00000| Untracked 
| 156|0x0000000089c00000, 0x0000000089d00000, 0x0000000089d00000|100%| O|  |TAMS 0x0000000089d00000, 0x0000000089d00000| Untracked 
| 157|0x0000000089d00000, 0x0000000089e00000, 0x0000000089e00000|100%| O|  |TAMS 0x0000000089e00000, 0x0000000089e00000| Untracked 
| 158|0x0000000089e00000, 0x0000000089f00000, 0x0000000089f00000|100%| O|  |TAMS 0x0000000089f00000, 0x0000000089f00000| Untracked 
| 159|0x0000000089f00000, 0x000000008a000000, 0x000000008a000000|100%| O|  |TAMS 0x0000000089f00000, 0x000000008a000000| Untracked 
| 160|0x000000008a000000, 0x000000008a100000, 0x000000008a100000|100%| O|  |TAMS 0x000000008a083200, 0x000000008a100000| Untracked 
| 161|0x000000008a100000, 0x000000008a200000, 0x000000008a200000|100%| O|  |TAMS 0x000000008a100000, 0x000000008a200000| Untracked 
| 162|0x000000008a200000, 0x000000008a300000, 0x000000008a300000|100%| O|  |TAMS 0x000000008a200000, 0x000000008a300000| Untracked 
| 163|0x000000008a300000, 0x000000008a400000, 0x000000008a400000|100%| O|  |TAMS 0x000000008a300000, 0x000000008a400000| Untracked 
| 164|0x000000008a400000, 0x000000008a500000, 0x000000008a500000|100%| O|  |TAMS 0x000000008a400000, 0x000000008a500000| Untracked 
| 165|0x000000008a500000, 0x000000008a600000, 0x000000008a600000|100%| O|  |TAMS 0x000000008a500000, 0x000000008a600000| Untracked 
| 166|0x000000008a600000, 0x000000008a700000, 0x000000008a700000|100%| O|  |TAMS 0x000000008a600000, 0x000000008a700000| Untracked 
| 167|0x000000008a700000, 0x000000008a800000, 0x000000008a800000|100%| O|  |TAMS 0x000000008a700000, 0x000000008a800000| Untracked 
| 168|0x000000008a800000, 0x000000008a900000, 0x000000008a900000|100%| O|  |TAMS 0x000000008a800000, 0x000000008a900000| Untracked 
| 169|0x000000008a900000, 0x000000008aa00000, 0x000000008aa00000|100%| O|  |TAMS 0x000000008a900000, 0x000000008aa00000| Untracked 
| 170|0x000000008aa00000, 0x000000008ab00000, 0x000000008ab00000|100%| O|  |TAMS 0x000000008aa00000, 0x000000008ab00000| Untracked 
| 171|0x000000008ab00000, 0x000000008ac00000, 0x000000008ac00000|100%| O|  |TAMS 0x000000008ab00000, 0x000000008ac00000| Untracked 
| 172|0x000000008ac00000, 0x000000008ad00000, 0x000000008ad00000|100%| O|  |TAMS 0x000000008ac00000, 0x000000008ad00000| Untracked 
| 173|0x000000008ad00000, 0x000000008ae00000, 0x000000008ae00000|100%| O|  |TAMS 0x000000008ad00000, 0x000000008ae00000| Untracked 
| 174|0x000000008ae00000, 0x000000008af00000, 0x000000008af00000|100%| O|  |TAMS 0x000000008ae00000, 0x000000008af00000| Untracked 
| 175|0x000000008af00000, 0x000000008b000000, 0x000000008b000000|100%| O|  |TAMS 0x000000008af00000, 0x000000008b000000| Untracked 
| 176|0x000000008b000000, 0x000000008b100000, 0x000000008b100000|100%| O|  |TAMS 0x000000008b000000, 0x000000008b100000| Untracked 
| 177|0x000000008b100000, 0x000000008b200000, 0x000000008b200000|100%| O|  |TAMS 0x000000008b100000, 0x000000008b200000| Untracked 
| 178|0x000000008b200000, 0x000000008b300000, 0x000000008b300000|100%| O|  |TAMS 0x000000008b200000, 0x000000008b300000| Untracked 
| 179|0x000000008b300000, 0x000000008b400000, 0x000000008b400000|100%| O|  |TAMS 0x000000008b300000, 0x000000008b400000| Untracked 
| 180|0x000000008b400000, 0x000000008b500000, 0x000000008b500000|100%| O|  |TAMS 0x000000008b400000, 0x000000008b500000| Untracked 
| 181|0x000000008b500000, 0x000000008b600000, 0x000000008b600000|100%|HS|  |TAMS 0x000000008b500000, 0x000000008b600000| Complete 
| 182|0x000000008b600000, 0x000000008b700000, 0x000000008b700000|100%|HC|  |TAMS 0x000000008b600000, 0x000000008b700000| Complete 
| 183|0x000000008b700000, 0x000000008b800000, 0x000000008b800000|100%| O|  |TAMS 0x000000008b700000, 0x000000008b800000| Untracked 
| 184|0x000000008b800000, 0x000000008b900000, 0x000000008b900000|100%|HS|  |TAMS 0x000000008b800000, 0x000000008b900000| Complete 
| 185|0x000000008b900000, 0x000000008ba00000, 0x000000008ba00000|100%|HC|  |TAMS 0x000000008b900000, 0x000000008ba00000| Complete 
| 186|0x000000008ba00000, 0x000000008bb00000, 0x000000008bb00000|100%| O|  |TAMS 0x000000008ba00000, 0x000000008bb00000| Untracked 
| 187|0x000000008bb00000, 0x000000008bc00000, 0x000000008bc00000|100%| O|  |TAMS 0x000000008bb00000, 0x000000008bc00000| Untracked 
| 188|0x000000008bc00000, 0x000000008bd00000, 0x000000008bd00000|100%| O|  |TAMS 0x000000008bc00000, 0x000000008bd00000| Untracked 
| 189|0x000000008bd00000, 0x000000008be00000, 0x000000008be00000|100%| O|  |TAMS 0x000000008bd00000, 0x000000008be00000| Untracked 
| 190|0x000000008be00000, 0x000000008bf00000, 0x000000008bf00000|100%| O|  |TAMS 0x000000008be00000, 0x000000008bf00000| Untracked 
| 191|0x000000008bf00000, 0x000000008c000000, 0x000000008c000000|100%| O|  |TAMS 0x000000008bf00000, 0x000000008c000000| Untracked 
| 192|0x000000008c000000, 0x000000008c100000, 0x000000008c100000|100%| O|  |TAMS 0x000000008c000000, 0x000000008c100000| Untracked 
| 193|0x000000008c100000, 0x000000008c200000, 0x000000008c200000|100%| O|  |TAMS 0x000000008c100000, 0x000000008c200000| Untracked 
| 194|0x000000008c200000, 0x000000008c300000, 0x000000008c300000|100%| O|  |TAMS 0x000000008c200000, 0x000000008c300000| Untracked 
| 195|0x000000008c300000, 0x000000008c400000, 0x000000008c400000|100%| O|  |TAMS 0x000000008c300000, 0x000000008c400000| Untracked 
| 196|0x000000008c400000, 0x000000008c500000, 0x000000008c500000|100%| O|  |TAMS 0x000000008c400000, 0x000000008c500000| Untracked 
| 197|0x000000008c500000, 0x000000008c600000, 0x000000008c600000|100%| O|  |TAMS 0x000000008c500000, 0x000000008c600000| Untracked 
| 198|0x000000008c600000, 0x000000008c700000, 0x000000008c700000|100%| O|  |TAMS 0x000000008c600000, 0x000000008c700000| Untracked 
| 199|0x000000008c700000, 0x000000008c800000, 0x000000008c800000|100%| O|  |TAMS 0x000000008c700000, 0x000000008c800000| Untracked 
| 200|0x000000008c800000, 0x000000008c900000, 0x000000008c900000|100%| O|  |TAMS 0x000000008c800000, 0x000000008c900000| Untracked 
| 201|0x000000008c900000, 0x000000008ca00000, 0x000000008ca00000|100%| O|  |TAMS 0x000000008c900000, 0x000000008ca00000| Untracked 
| 202|0x000000008ca00000, 0x000000008cb00000, 0x000000008cb00000|100%| O|  |TAMS 0x000000008ca00000, 0x000000008cb00000| Untracked 
| 203|0x000000008cb00000, 0x000000008cc00000, 0x000000008cc00000|100%| O|  |TAMS 0x000000008cb00000, 0x000000008cc00000| Untracked 
| 204|0x000000008cc00000, 0x000000008cd00000, 0x000000008cd00000|100%| O|  |TAMS 0x000000008cc00000, 0x000000008cd00000| Untracked 
| 205|0x000000008cd00000, 0x000000008ce00000, 0x000000008ce00000|100%| O|  |TAMS 0x000000008cd00000, 0x000000008ce00000| Untracked 
| 206|0x000000008ce00000, 0x000000008cf00000, 0x000000008cf00000|100%| O|  |TAMS 0x000000008ce00000, 0x000000008cf00000| Untracked 
| 207|0x000000008cf00000, 0x000000008d000000, 0x000000008d000000|100%| O|  |TAMS 0x000000008cf00000, 0x000000008d000000| Untracked 
| 208|0x000000008d000000, 0x000000008d100000, 0x000000008d100000|100%| O|  |TAMS 0x000000008d000000, 0x000000008d100000| Untracked 
| 209|0x000000008d100000, 0x000000008d200000, 0x000000008d200000|100%|HS|  |TAMS 0x000000008d100000, 0x000000008d200000| Complete 
| 210|0x000000008d200000, 0x000000008d300000, 0x000000008d300000|100%|HC|  |TAMS 0x000000008d200000, 0x000000008d300000| Complete 
| 211|0x000000008d300000, 0x000000008d400000, 0x000000008d400000|100%| O|  |TAMS 0x000000008d300000, 0x000000008d400000| Untracked 
| 212|0x000000008d400000, 0x000000008d500000, 0x000000008d500000|100%| O|  |TAMS 0x000000008d400000, 0x000000008d500000| Untracked 
| 213|0x000000008d500000, 0x000000008d600000, 0x000000008d600000|100%| O|  |TAMS 0x000000008d500000, 0x000000008d600000| Untracked 
| 214|0x000000008d600000, 0x000000008d68be00, 0x000000008d700000| 54%| O|  |TAMS 0x000000008d600000, 0x000000008d68be00| Untracked 
| 215|0x000000008d700000, 0x000000008d700000, 0x000000008d800000|  0%| F|  |TAMS 0x000000008d700000, 0x000000008d700000| Untracked 
| 216|0x000000008d800000, 0x000000008d800000, 0x000000008d900000|  0%| F|  |TAMS 0x000000008d800000, 0x000000008d800000| Untracked 
| 217|0x000000008d900000, 0x000000008d900000, 0x000000008da00000|  0%| F|  |TAMS 0x000000008d900000, 0x000000008d900000| Untracked 
| 218|0x000000008da00000, 0x000000008da00000, 0x000000008db00000|  0%| F|  |TAMS 0x000000008da00000, 0x000000008da00000| Untracked 
| 219|0x000000008db00000, 0x000000008db00000, 0x000000008dc00000|  0%| F|  |TAMS 0x000000008db00000, 0x000000008db00000| Untracked 
| 220|0x000000008dc00000, 0x000000008dc00000, 0x000000008dd00000|  0%| F|  |TAMS 0x000000008dc00000, 0x000000008dc00000| Untracked 
| 221|0x000000008dd00000, 0x000000008dd00000, 0x000000008de00000|  0%| F|  |TAMS 0x000000008dd00000, 0x000000008dd00000| Untracked 
| 222|0x000000008de00000, 0x000000008de00000, 0x000000008df00000|  0%| F|  |TAMS 0x000000008de00000, 0x000000008de00000| Untracked 
| 223|0x000000008df00000, 0x000000008df00000, 0x000000008e000000|  0%| F|  |TAMS 0x000000008df00000, 0x000000008df00000| Untracked 
| 224|0x000000008e000000, 0x000000008e000000, 0x000000008e100000|  0%| F|  |TAMS 0x000000008e000000, 0x000000008e000000| Untracked 
| 225|0x000000008e100000, 0x000000008e100000, 0x000000008e200000|  0%| F|  |TAMS 0x000000008e100000, 0x000000008e100000| Untracked 
| 226|0x000000008e200000, 0x000000008e200000, 0x000000008e300000|  0%| F|  |TAMS 0x000000008e200000, 0x000000008e200000| Untracked 
| 227|0x000000008e300000, 0x000000008e300000, 0x000000008e400000|  0%| F|  |TAMS 0x000000008e300000, 0x000000008e300000| Untracked 
| 228|0x000000008e400000, 0x000000008e400000, 0x000000008e500000|  0%| F|  |TAMS 0x000000008e400000, 0x000000008e400000| Untracked 
| 229|0x000000008e500000, 0x000000008e500000, 0x000000008e600000|  0%| F|  |TAMS 0x000000008e500000, 0x000000008e500000| Untracked 
| 230|0x000000008e600000, 0x000000008e600000, 0x000000008e700000|  0%| F|  |TAMS 0x000000008e600000, 0x000000008e600000| Untracked 
| 231|0x000000008e700000, 0x000000008e700000, 0x000000008e800000|  0%| F|  |TAMS 0x000000008e700000, 0x000000008e700000| Untracked 
| 232|0x000000008e800000, 0x000000008e800000, 0x000000008e900000|  0%| F|  |TAMS 0x000000008e800000, 0x000000008e800000| Untracked 
| 233|0x000000008e900000, 0x000000008e900000, 0x000000008ea00000|  0%| F|  |TAMS 0x000000008e900000, 0x000000008e900000| Untracked 
| 234|0x000000008ea00000, 0x000000008eae9ef0, 0x000000008eb00000| 91%| S|CS|TAMS 0x000000008ea00000, 0x000000008ea00000| Complete 
| 235|0x000000008eb00000, 0x000000008eb00000, 0x000000008ec00000|  0%| F|  |TAMS 0x000000008eb00000, 0x000000008eb00000| Untracked 
| 236|0x000000008ec00000, 0x000000008ed00000, 0x000000008ed00000|100%| S|CS|TAMS 0x000000008ec00000, 0x000000008ec00000| Complete 
| 237|0x000000008ed00000, 0x000000008ed00000, 0x000000008ee00000|  0%| F|  |TAMS 0x000000008ed00000, 0x000000008ed00000| Untracked 
| 238|0x000000008ee00000, 0x000000008ee00000, 0x000000008ef00000|  0%| F|  |TAMS 0x000000008ee00000, 0x000000008ee00000| Untracked 
| 239|0x000000008ef00000, 0x000000008ef00000, 0x000000008f000000|  0%| F|  |TAMS 0x000000008ef00000, 0x000000008ef00000| Untracked 
| 240|0x000000008f000000, 0x000000008f000000, 0x000000008f100000|  0%| F|  |TAMS 0x000000008f000000, 0x000000008f000000| Untracked 
| 241|0x000000008f100000, 0x000000008f100000, 0x000000008f200000|  0%| F|  |TAMS 0x000000008f100000, 0x000000008f100000| Untracked 
| 242|0x000000008f200000, 0x000000008f200000, 0x000000008f300000|  0%| F|  |TAMS 0x000000008f200000, 0x000000008f200000| Untracked 
| 243|0x000000008f300000, 0x000000008f386280, 0x000000008f400000| 52%| E|  |TAMS 0x000000008f300000, 0x000000008f300000| Complete 
| 244|0x000000008f400000, 0x000000008f500000, 0x000000008f500000|100%| E|  |TAMS 0x000000008f400000, 0x000000008f400000| Complete 
| 245|0x000000008f500000, 0x000000008f600000, 0x000000008f600000|100%| E|CS|TAMS 0x000000008f500000, 0x000000008f500000| Complete 
| 246|0x000000008f600000, 0x000000008f700000, 0x000000008f700000|100%| E|CS|TAMS 0x000000008f600000, 0x000000008f600000| Complete 

Card table byte_map: [0x0000023ec8f00000,0x0000023ec9300000] _byte_map_base: 0x0000023ec8b00000

Marking Bits (Prev, Next): (CMBitMap*) 0x0000023eb601ce10, (CMBitMap*) 0x0000023eb601cdd8
 Prev Bits: [0x0000023ecb700000, 0x0000023ecd700000)
 Next Bits: [0x0000023ec9700000, 0x0000023ecb700000)

Polling page: 0x0000023eb57c0000

Metaspace:

Usage:
  Non-class:    137.30 MB capacity,   134.10 MB ( 98%) used,     2.59 MB (  2%) free+waste,   635.38 KB ( <1%) overhead. 
      Class:     20.98 MB capacity,    18.99 MB ( 91%) used,     1.70 MB (  8%) free+waste,   287.88 KB (  1%) overhead. 
       Both:    158.28 MB capacity,   153.09 MB ( 97%) used,     4.29 MB (  3%) free+waste,   923.25 KB ( <1%) overhead. 

Virtual space:
  Non-class space:      138.00 MB reserved,     137.38 MB (>99%) committed 
      Class space:        1.00 GB reserved,      21.07 MB (  2%) committed 
             Both:        1.13 GB reserved,     158.45 MB ( 14%) committed 

Chunk freelists:
   Non-Class:  15.00 KB
       Class:  0 bytes
        Both:  15.00 KB

MaxMetaspaceSize: 17179869184.00 GB
CompressedClassSpaceSize: 1.00 GB
Initial GC threshold: 20.80 MB
Current GC threshold: 214.51 MB
CDS: off

CodeHeap 'non-profiled nmethods': size=120064Kb used=18691Kb max_used=18691Kb free=101373Kb
 bounds [0x0000023ec15c0000, 0x0000023ec2810000, 0x0000023ec8b00000]
CodeHeap 'profiled nmethods': size=120000Kb used=52177Kb max_used=52177Kb free=67822Kb
 bounds [0x0000023eba090000, 0x0000023ebd390000, 0x0000023ec15c0000]
CodeHeap 'non-nmethods': size=5696Kb used=2520Kb max_used=2579Kb free=3175Kb
 bounds [0x0000023eb9b00000, 0x0000023eb9d90000, 0x0000023eba090000]
 total_blobs=23525 nmethods=22451 adapters=985
 compilation: enabled
              stopped_count=0, restarted_count=0
 full_count=0

Compilation events (20 events):
Event: 1106.972 Thread 0x0000023ed047d000 26187       3       com.android.tools.r8.internal.qR::<init> (10 bytes)
Event: 1106.973 Thread 0x0000023ed047d000 nmethod 26187 0x0000023ebd35fd90 code [0x0000023ebd35ff40, 0x0000023ebd360098]
Event: 1106.974 Thread 0x0000023ed047d000 26189       3       com.android.tools.r8.internal.B4::A (47 bytes)
Event: 1106.977 Thread 0x0000023ed047d000 nmethod 26189 0x0000023ebd360190 code [0x0000023ebd360380, 0x0000023ebd3609e8]
Event: 1106.977 Thread 0x0000023ed047d000 26190       3       com.android.tools.r8.internal.B4::B (36 bytes)
Event: 1106.977 Thread 0x0000023ed047d000 nmethod 26190 0x0000023ebd360c10 code [0x0000023ebd360e00, 0x0000023ebd361348]
Event: 1106.978 Thread 0x0000023ed047d000 26191       3       com.android.tools.r8.graph.d::b (40 bytes)
Event: 1106.978 Thread 0x0000023ed047d000 nmethod 26191 0x0000023ebd361590 code [0x0000023ebd3617c0, 0x0000023ebd361f58]
Event: 1106.980 Thread 0x0000023ed047d000 26192       3       com.android.tools.r8.internal.Ie::a (610 bytes)
Event: 1107.015 Thread 0x0000023ed047d000 nmethod 26192 0x0000023ebd362290 code [0x0000023ebd362a60, 0x0000023ebd368178]
Event: 1107.016 Thread 0x0000023ed047d000 26193       3       com.android.tools.r8.internal.Lq::a (119 bytes)
Event: 1107.016 Thread 0x0000023ed047d000 nmethod 26193 0x0000023ebd369b10 code [0x0000023ebd369da0, 0x0000023ebd36a828]
Event: 1107.016 Thread 0x0000023ed047d000 26196       3       com.android.tools.r8.internal.Lu::p (28 bytes)
Event: 1107.017 Thread 0x0000023ed047d000 nmethod 26196 0x0000023ebd36ab90 code [0x0000023ebd36ad80, 0x0000023ebd36b488]
Event: 1107.017 Thread 0x0000023ed047d000 26197       3       com.android.tools.r8.internal.Lu::s (28 bytes)
Event: 1107.017 Thread 0x0000023ed047d000 nmethod 26197 0x0000023ebd36b610 code [0x0000023ebd36b800, 0x0000023ebd36bf08]
Event: 1107.018 Thread 0x0000023ed047d000 26195       3       com.android.tools.r8.internal.kC::a (55 bytes)
Event: 1107.018 Thread 0x0000023ed047d000 nmethod 26195 0x0000023ebd36c090 code [0x0000023ebd36c2a0, 0x0000023ebd36c988]
Event: 1107.018 Thread 0x0000023ed047d000 26194       1       com.android.tools.r8.internal.yd::e1 (2 bytes)
Event: 1107.018 Thread 0x0000023ed047d000 nmethod 26194 0x0000023ec27f5810 code [0x0000023ec27f59c0, 0x0000023ec27f5a78]

GC Heap History (20 events):
Event: 1098.487 GC heap before
{Heap before GC invocations=98 (full 0):
 garbage-first heap   total 252928K, used 221184K [0x0000000080000000, 0x0000000100000000)
  region size 1024K, 28 young (28672K), 5 survivors (5120K)
 Metaspace       used 149198K, capacity 154089K, committed 154320K, reserved 1183744K
  class space    used 18524K, capacity 20466K, committed 20556K, reserved 1048576K
}
Event: 1098.501 GC heap after
{Heap after GC invocations=99 (full 0):
 garbage-first heap   total 252928K, used 201916K [0x0000000080000000, 0x0000000100000000)
  region size 1024K, 4 young (4096K), 4 survivors (4096K)
 Metaspace       used 149198K, capacity 154089K, committed 154320K, reserved 1183744K
  class space    used 18524K, capacity 20466K, committed 20556K, reserved 1048576K
}
Event: 1099.318 GC heap before
{Heap before GC invocations=99 (full 0):
 garbage-first heap   total 252928K, used 219324K [0x0000000080000000, 0x0000000100000000)
  region size 1024K, 21 young (21504K), 4 survivors (4096K)
 Metaspace       used 152732K, capacity 157618K, committed 157776K, reserved 1185792K
  class space    used 18961K, capacity 20916K, committed 20940K, reserved 1048576K
}
Event: 1099.323 GC heap after
{Heap after GC invocations=100 (full 0):
 garbage-first heap   total 252928K, used 202620K [0x0000000080000000, 0x0000000100000000)
  region size 1024K, 1 young (1024K), 1 survivors (1024K)
 Metaspace       used 152732K, capacity 157618K, committed 157776K, reserved 1185792K
  class space    used 18961K, capacity 20916K, committed 20940K, reserved 1048576K
}
Event: 1099.937 GC heap before
{Heap before GC invocations=100 (full 0):
 garbage-first heap   total 252928K, used 220028K [0x0000000080000000, 0x0000000100000000)
  region size 1024K, 19 young (19456K), 1 survivors (1024K)
 Metaspace       used 155554K, capacity 160481K, committed 160720K, reserved 1189888K
  class space    used 19329K, capacity 21271K, committed 21324K, reserved 1048576K
}
Event: 1099.944 GC heap after
{Heap after GC invocations=101 (full 0):
 garbage-first heap   total 252928K, used 203900K [0x0000000080000000, 0x0000000100000000)
  region size 1024K, 3 young (3072K), 3 survivors (3072K)
 Metaspace       used 155554K, capacity 160481K, committed 160720K, reserved 1189888K
  class space    used 19329K, capacity 21271K, committed 21324K, reserved 1048576K
}
Event: 1100.604 GC heap before
{Heap before GC invocations=101 (full 0):
 garbage-first heap   total 252928K, used 221308K [0x0000000080000000, 0x0000000100000000)
  region size 1024K, 20 young (20480K), 3 survivors (3072K)
 Metaspace       used 156425K, capacity 161651K, committed 162000K, reserved 1189888K
  class space    used 19444K, capacity 21471K, committed 21580K, reserved 1048576K
}
Event: 1100.616 GC heap after
{Heap after GC invocations=102 (full 0):
 garbage-first heap   total 252928K, used 202886K [0x0000000080000000, 0x0000000100000000)
  region size 1024K, 3 young (3072K), 3 survivors (3072K)
 Metaspace       used 156425K, capacity 161651K, committed 162000K, reserved 1189888K
  class space    used 19444K, capacity 21471K, committed 21580K, reserved 1048576K
}
Event: 1105.004 GC heap before
{Heap before GC invocations=102 (full 0):
 garbage-first heap   total 252928K, used 221318K [0x0000000080000000, 0x0000000100000000)
  region size 1024K, 20 young (20480K), 3 survivors (3072K)
 Metaspace       used 156483K, capacity 161682K, committed 162000K, reserved 1189888K
  class space    used 19450K, capacity 21481K, committed 21580K, reserved 1048576K
}
Event: 1105.015 GC heap after
{Heap after GC invocations=103 (full 0):
 garbage-first heap   total 252928K, used 207984K [0x0000000080000000, 0x0000000100000000)
  region size 1024K, 3 young (3072K), 3 survivors (3072K)
 Metaspace       used 156483K, capacity 161682K, committed 162000K, reserved 1189888K
  class space    used 19450K, capacity 21481K, committed 21580K, reserved 1048576K
}
Event: 1105.655 GC heap before
{Heap before GC invocations=103 (full 0):
 garbage-first heap   total 252928K, used 220272K [0x0000000080000000, 0x0000000100000000)
  region size 1024K, 15 young (15360K), 3 survivors (3072K)
 Metaspace       used 156486K, capacity 161682K, committed 162000K, reserved 1189888K
  class space    used 19450K, capacity 21481K, committed 21580K, reserved 1048576K
}
Event: 1105.665 GC heap after
{Heap after GC invocations=104 (full 0):
 garbage-first heap   total 252928K, used 211043K [0x0000000080000000, 0x0000000100000000)
  region size 1024K, 2 young (2048K), 2 survivors (2048K)
 Metaspace       used 156486K, capacity 161682K, committed 162000K, reserved 1189888K
  class space    used 19450K, capacity 21481K, committed 21580K, reserved 1048576K
}
Event: 1105.933 GC heap before
{Heap before GC invocations=104 (full 0):
 garbage-first heap   total 252928K, used 220259K [0x0000000080000000, 0x0000000100000000)
  region size 1024K, 12 young (12288K), 2 survivors (2048K)
 Metaspace       used 156511K, capacity 161682K, committed 162000K, reserved 1189888K
  class space    used 19450K, capacity 21481K, committed 21580K, reserved 1048576K
}
Event: 1105.945 GC heap after
{Heap after GC invocations=105 (full 0):
 garbage-first heap   total 252928K, used 213690K [0x0000000080000000, 0x0000000100000000)
  region size 1024K, 2 young (2048K), 2 survivors (2048K)
 Metaspace       used 156511K, capacity 161682K, committed 162000K, reserved 1189888K
  class space    used 19450K, capacity 21481K, committed 21580K, reserved 1048576K
}
Event: 1106.389 GC heap before
{Heap before GC invocations=105 (full 0):
 garbage-first heap   total 252928K, used 223930K [0x0000000080000000, 0x0000000100000000)
  region size 1024K, 12 young (12288K), 2 survivors (2048K)
 Metaspace       used 156605K, capacity 161815K, committed 162000K, reserved 1189888K
  class space    used 19450K, capacity 21482K, committed 21580K, reserved 1048576K
}
Event: 1106.398 GC heap after
{Heap after GC invocations=106 (full 0):
 garbage-first heap   total 252928K, used 214527K [0x0000000080000000, 0x0000000100000000)
  region size 1024K, 1 young (1024K), 1 survivors (1024K)
 Metaspace       used 156605K, capacity 161815K, committed 162000K, reserved 1189888K
  class space    used 19450K, capacity 21482K, committed 21580K, reserved 1048576K
}
Event: 1106.661 GC heap before
{Heap before GC invocations=106 (full 0):
 garbage-first heap   total 252928K, used 227839K [0x0000000080000000, 0x0000000100000000)
  region size 1024K, 12 young (12288K), 1 survivors (1024K)
 Metaspace       used 156611K, capacity 161815K, committed 162000K, reserved 1189888K
  class space    used 19450K, capacity 21482K, committed 21580K, reserved 1048576K
}
Event: 1106.666 GC heap after
{Heap after GC invocations=107 (full 0):
 garbage-first heap   total 252928K, used 219515K [0x0000000080000000, 0x0000000100000000)
  region size 1024K, 2 young (2048K), 2 survivors (2048K)
 Metaspace       used 156611K, capacity 161815K, committed 162000K, reserved 1189888K
  class space    used 19450K, capacity 21482K, committed 21580K, reserved 1048576K
}
Event: 1106.998 GC heap before
{Heap before GC invocations=107 (full 0):
 garbage-first heap   total 252928K, used 229755K [0x0000000080000000, 0x0000000100000000)
  region size 1024K, 12 young (12288K), 2 survivors (2048K)
 Metaspace       used 156741K, capacity 162015K, committed 162256K, reserved 1189888K
  class space    used 19450K, capacity 21482K, committed 21580K, reserved 1048576K
}
Event: 1107.007 GC heap after
{Heap after GC invocations=108 (full 0):
 garbage-first heap   total 252928K, used 221655K [0x0000000080000000, 0x0000000100000000)
  region size 1024K, 2 young (2048K), 2 survivors (2048K)
 Metaspace       used 156741K, capacity 162015K, committed 162256K, reserved 1189888K
  class space    used 19450K, capacity 21482K, committed 21580K, reserved 1048576K
}

Deoptimization events (20 events):
Event: 1106.116 Thread 0x0000023ed37d7800 DEOPT PACKING pc=0x0000023ec27d9e50 sp=0x00000062c53f5d30
Event: 1106.116 Thread 0x0000023ed37d7800 DEOPT UNPACKING pc=0x0000023eb9b4a1af sp=0x00000062c53f5cf0 mode 2
Event: 1106.140 Thread 0x0000023ed37d7800 Uncommon trap: trap_request=0xffffff4d fr.pc=0x0000023ec1638e40 relative=0x0000000000000360
Event: 1106.140 Thread 0x0000023ed37d7800 Uncommon trap: reason=unstable_if action=reinterpret pc=0x0000023ec1638e40 method=com.sun.tools.javac.util.IntHashTable.lookup(Ljava/lang/Object;I)I @ 67 c2
Event: 1106.140 Thread 0x0000023ed37d7800 DEOPT PACKING pc=0x0000023ec1638e40 sp=0x00000062c53f7d10
Event: 1106.140 Thread 0x0000023ed37d7800 DEOPT UNPACKING pc=0x0000023eb9b4a1af sp=0x00000062c53f7bd0 mode 2
Event: 1106.140 Thread 0x0000023ed37d7800 Uncommon trap: trap_request=0xffffff4d fr.pc=0x0000023ec1f2adf4 relative=0x0000000000000234
Event: 1106.140 Thread 0x0000023ed37d7800 Uncommon trap: reason=unstable_if action=reinterpret pc=0x0000023ec1f2adf4 method=com.sun.tools.javac.util.IntHashTable.putAtIndex(Ljava/lang/Object;II)I @ 18 c2
Event: 1106.140 Thread 0x0000023ed37d7800 DEOPT PACKING pc=0x0000023ec1f2adf4 sp=0x00000062c53f7ca0
Event: 1106.140 Thread 0x0000023ed37d7800 DEOPT UNPACKING pc=0x0000023eb9b4a1af sp=0x00000062c53f7c58 mode 2
Event: 1106.416 Thread 0x0000023ed37d6000 Uncommon trap: trap_request=0xffffffd6 fr.pc=0x0000023ec26f13bc relative=0x00000000000003fc
Event: 1106.416 Thread 0x0000023ed37d6000 Uncommon trap: reason=array_check action=maybe_recompile pc=0x0000023ec26f13bc method=java.util.Arrays.fill([Ljava/lang/Object;IILjava/lang/Object;)V @ 20 c2
Event: 1106.416 Thread 0x0000023ed37d6000 DEOPT PACKING pc=0x0000023ec26f13bc sp=0x00000062c4ff9240
Event: 1106.417 Thread 0x0000023ed37d6000 DEOPT UNPACKING pc=0x0000023eb9b4a1af sp=0x00000062c4ff9208 mode 2
Event: 1106.772 Thread 0x0000023ed2eb6000 DEOPT PACKING pc=0x0000023ebc96ae23 sp=0x00000062c5bfb7a0
Event: 1106.778 Thread 0x0000023ed2eb6000 DEOPT UNPACKING pc=0x0000023eb9b4a95e sp=0x00000062c5bfacc0 mode 0
Event: 1106.785 Thread 0x0000023ed2eb6000 Uncommon trap: trap_request=0xfffffff4 fr.pc=0x0000023ec25e3cb4 relative=0x00000000000087d4
Event: 1106.787 Thread 0x0000023ed2eb6000 Uncommon trap: reason=null_check action=make_not_entrant pc=0x0000023ec25e3cb4 method=com.android.tools.r8.internal.z8.a(II)Lcom/android/tools/r8/internal/Le; @ 14 c2
Event: 1106.791 Thread 0x0000023ed2eb6000 DEOPT PACKING pc=0x0000023ec25e3cb4 sp=0x00000062c5bfb510
Event: 1106.796 Thread 0x0000023ed2eb6000 DEOPT UNPACKING pc=0x0000023eb9b4a1af sp=0x00000062c5bfb588 mode 2

Classes redefined (0 events):
No events

Internal exceptions (20 events):
Event: 1105.947 Thread 0x0000023ed37d7800 Exception <a 'sun/nio/fs/WindowsException'{0x000000008f613138}> (0x000000008f613138) thrown at [./src/hotspot/share/prims/jni.cpp, line 616]
Event: 1105.947 Thread 0x0000023ed37d7800 Exception <a 'sun/nio/fs/WindowsException'{0x000000008f6132a0}> (0x000000008f6132a0) thrown at [./src/hotspot/share/prims/jni.cpp, line 616]
Event: 1105.968 Thread 0x0000023ed37d7800 Implicit null exception at 0x0000023ec186c948 to 0x0000023ec186df74
Event: 1105.994 Thread 0x0000023ed37d7800 Exception <a 'sun/nio/fs/WindowsException'{0x000000008f6eee28}> (0x000000008f6eee28) thrown at [./src/hotspot/share/prims/jni.cpp, line 616]
Event: 1105.994 Thread 0x0000023ed37d7800 Exception <a 'sun/nio/fs/WindowsException'{0x000000008f6f0070}> (0x000000008f6f0070) thrown at [./src/hotspot/share/prims/jni.cpp, line 616]
Event: 1106.088 Thread 0x0000023ed37d7800 Exception <a 'sun/nio/fs/WindowsException'{0x000000008f50dfd8}> (0x000000008f50dfd8) thrown at [./src/hotspot/share/prims/jni.cpp, line 616]
Event: 1106.146 Thread 0x0000023ed37d7800 Exception <a 'sun/nio/fs/WindowsException'{0x000000008f5ec758}> (0x000000008f5ec758) thrown at [./src/hotspot/share/prims/jni.cpp, line 616]
Event: 1106.180 Thread 0x0000023ed37d7800 Exception <a 'sun/nio/fs/WindowsException'{0x000000008f5f5898}> (0x000000008f5f5898) thrown at [./src/hotspot/share/prims/jni.cpp, line 616]
Event: 1106.186 Thread 0x0000023ed37d7800 Exception <a 'sun/nio/fs/WindowsException'{0x000000008f5fe548}> (0x000000008f5fe548) thrown at [./src/hotspot/share/prims/jni.cpp, line 616]
Event: 1106.195 Thread 0x0000023ed37d7800 Exception <a 'sun/nio/fs/WindowsException'{0x000000008f40f9e8}> (0x000000008f40f9e8) thrown at [./src/hotspot/share/prims/jni.cpp, line 616]
Event: 1106.205 Thread 0x0000023ed37d7800 Exception <a 'sun/nio/fs/WindowsException'{0x000000008f469548}> (0x000000008f469548) thrown at [./src/hotspot/share/prims/jni.cpp, line 616]
Event: 1106.205 Thread 0x0000023ed37d7800 Exception <a 'sun/nio/fs/WindowsException'{0x000000008f469698}> (0x000000008f469698) thrown at [./src/hotspot/share/prims/jni.cpp, line 616]
Event: 1106.206 Thread 0x0000023ed37d7800 Exception <a 'sun/nio/fs/WindowsException'{0x000000008f46c0a0}> (0x000000008f46c0a0) thrown at [./src/hotspot/share/prims/jni.cpp, line 616]
Event: 1106.206 Thread 0x0000023ed37d7800 Exception <a 'sun/nio/fs/WindowsException'{0x000000008f46c1f0}> (0x000000008f46c1f0) thrown at [./src/hotspot/share/prims/jni.cpp, line 616]
Event: 1106.206 Thread 0x0000023ed37d7800 Exception <a 'sun/nio/fs/WindowsException'{0x000000008f46ec30}> (0x000000008f46ec30) thrown at [./src/hotspot/share/prims/jni.cpp, line 616]
Event: 1106.207 Thread 0x0000023ed37d7800 Exception <a 'sun/nio/fs/WindowsException'{0x000000008f46ed90}> (0x000000008f46ed90) thrown at [./src/hotspot/share/prims/jni.cpp, line 616]
Event: 1106.672 Thread 0x0000023ed37da000 Exception <a 'sun/nio/fs/WindowsException'{0x000000008f514930}> (0x000000008f514930) thrown at [./src/hotspot/share/prims/jni.cpp, line 616]
Event: 1106.674 Thread 0x0000023ed2eb6000 Exception <a 'sun/nio/fs/WindowsException'{0x000000008f566ef0}> (0x000000008f566ef0) thrown at [./src/hotspot/share/prims/jni.cpp, line 616]
Event: 1106.785 Thread 0x0000023ed2eb6000 Implicit null exception at 0x0000023ec25dc53c to 0x0000023ec25e3c9c
Event: 1106.847 Thread 0x0000023ed2eb6000 Exception <a 'sun/nio/fs/WindowsException'{0x000000008f0a09a0}> (0x000000008f0a09a0) thrown at [./src/hotspot/share/prims/jni.cpp, line 616]

Events (20 events):
Event: 1106.716 Executing VM operation: BulkRevokeBias
Event: 1106.719 Executing VM operation: BulkRevokeBias done
Event: 1106.765 Executing VM operation: RevokeBias
Event: 1106.767 Executing VM operation: RevokeBias done
Event: 1106.767 Executing VM operation: RevokeBias
Event: 1106.768 Executing VM operation: RevokeBias done
Event: 1106.774 Executing VM operation: RevokeBias
Event: 1106.781 Executing VM operation: RevokeBias done
Event: 1106.782 Executing VM operation: RevokeBias
Event: 1106.783 Executing VM operation: RevokeBias done
Event: 1106.820 Executing VM operation: RevokeBias
Event: 1106.821 Executing VM operation: RevokeBias done
Event: 1106.830 Executing VM operation: RevokeBias
Event: 1106.831 Executing VM operation: RevokeBias done
Event: 1106.834 Executing VM operation: RevokeBias
Event: 1106.835 Executing VM operation: RevokeBias done
Event: 1106.850 Executing VM operation: RevokeBias
Event: 1106.851 Executing VM operation: RevokeBias done
Event: 1106.984 Executing VM operation: G1CollectForAllocation
Event: 1107.007 Executing VM operation: G1CollectForAllocation done


Dynamic libraries:
0x00007ff7f46a0000 - 0x00007ff7f46aa000 	C:\Program Files\Android\Android Studio\jre\bin\java.exe
0x00007ffe0ea10000 - 0x00007ffe0ec08000 	C:\Windows\SYSTEM32\ntdll.dll
0x00007ffe0db90000 - 0x00007ffe0dc4f000 	C:\Windows\System32\KERNEL32.DLL
0x00007ffe0c240000 - 0x00007ffe0c536000 	C:\Windows\System32\KERNELBASE.dll
0x00007ffe0c6a0000 - 0x00007ffe0c7a0000 	C:\Windows\System32\ucrtbase.dll
0x00007ffe05c00000 - 0x00007ffe05c19000 	C:\Program Files\Android\Android Studio\jre\bin\jli.dll
0x00007ffe0e830000 - 0x00007ffe0e9cd000 	C:\Windows\System32\USER32.dll
0x00007ffe0c5d0000 - 0x00007ffe0c5f2000 	C:\Windows\System32\win32u.dll
0x00007ffe0e800000 - 0x00007ffe0e82c000 	C:\Windows\System32\GDI32.dll
0x00007ffe0c7a0000 - 0x00007ffe0c8b5000 	C:\Windows\System32\gdi32full.dll
0x00007ffe0c600000 - 0x00007ffe0c69d000 	C:\Windows\System32\msvcp_win.dll
0x00007ffe05be0000 - 0x00007ffe05bf7000 	C:\Program Files\Android\Android Studio\jre\bin\VCRUNTIME140.dll
0x00007ffdf80f0000 - 0x00007ffdf838a000 	C:\Windows\WinSxS\amd64_microsoft.windows.common-controls_6595b64144ccf1df_6.0.19041.1110_none_60b5254171f9507e\COMCTL32.dll
0x00007ffe0e200000 - 0x00007ffe0e29e000 	C:\Windows\System32\msvcrt.dll
0x00007ffe0dcc0000 - 0x00007ffe0dcf0000 	C:\Windows\System32\IMM32.DLL
0x00007ffd957f0000 - 0x00007ffd9588d000 	C:\Program Files\Android\Android Studio\jre\bin\msvcp140.dll
0x00007ffd8ea40000 - 0x00007ffd8f542000 	C:\Program Files\Android\Android Studio\jre\bin\server\jvm.dll
0x00007ffe0e320000 - 0x00007ffe0e3cf000 	C:\Windows\System32\ADVAPI32.dll
0x00007ffe0e3d0000 - 0x00007ffe0e46c000 	C:\Windows\System32\sechost.dll
0x00007ffe0cbb0000 - 0x00007ffe0ccd6000 	C:\Windows\System32\RPCRT4.dll
0x00007ffe0ca70000 - 0x00007ffe0ca78000 	C:\Windows\System32\PSAPI.DLL
0x00007ffdf5d80000 - 0x00007ffdf5d89000 	C:\Windows\SYSTEM32\WSOCK32.dll
0x00007ffe0e4d0000 - 0x00007ffe0e53b000 	C:\Windows\System32\WS2_32.dll
0x00007ffdfcb90000 - 0x00007ffdfcbb7000 	C:\Windows\SYSTEM32\WINMM.dll
0x00007ffdff150000 - 0x00007ffdff15a000 	C:\Windows\SYSTEM32\VERSION.dll
0x00007ffe09f80000 - 0x00007ffe09f92000 	C:\Windows\SYSTEM32\kernel.appcore.dll
0x00007ffe030d0000 - 0x00007ffe030e1000 	C:\Program Files\Android\Android Studio\jre\bin\verify.dll
0x00007ffded570000 - 0x00007ffded754000 	C:\Windows\SYSTEM32\DBGHELP.DLL
0x00007ffded530000 - 0x00007ffded564000 	C:\Windows\SYSTEM32\dbgcore.DLL
0x00007ffe0c540000 - 0x00007ffe0c5c2000 	C:\Windows\System32\bcryptPrimitives.dll
0x00007ffdd8ce0000 - 0x00007ffdd8d09000 	C:\Program Files\Android\Android Studio\jre\bin\java.dll
0x00007ffe05c70000 - 0x00007ffe05c7b000 	C:\Program Files\Android\Android Studio\jre\bin\jimage.dll
0x00007ffdfddd0000 - 0x00007ffdfdde8000 	C:\Program Files\Android\Android Studio\jre\bin\zip.dll
0x00007ffe0cd40000 - 0x00007ffe0d484000 	C:\Windows\System32\SHELL32.dll
0x00007ffe0a180000 - 0x00007ffe0a913000 	C:\Windows\SYSTEM32\windows.storage.dll
0x00007ffe0dea0000 - 0x00007ffe0e1f4000 	C:\Windows\System32\combase.dll
0x00007ffe0bb40000 - 0x00007ffe0bb6e000 	C:\Windows\SYSTEM32\Wldp.dll
0x00007ffe0e750000 - 0x00007ffe0e7fd000 	C:\Windows\System32\SHCORE.dll
0x00007ffe0cce0000 - 0x00007ffe0cd35000 	C:\Windows\System32\shlwapi.dll
0x00007ffe0c030000 - 0x00007ffe0c04f000 	C:\Windows\SYSTEM32\profapi.dll
0x00007ffdfdd30000 - 0x00007ffdfdd4a000 	C:\Program Files\Android\Android Studio\jre\bin\net.dll
0x00007ffdff8b0000 - 0x00007ffdff9ba000 	C:\Windows\SYSTEM32\WINHTTP.dll
0x00007ffe0b8a0000 - 0x00007ffe0b90a000 	C:\Windows\system32\mswsock.dll
0x00007ffdf7840000 - 0x00007ffdf7854000 	C:\Program Files\Android\Android Studio\jre\bin\nio.dll
0x00007ffe05cb0000 - 0x00007ffe05cd7000 	C:\Users\Royyan\.gradle\native\e1d6ef7f7dcc3fd88c89a11ec53ec762bb8ba0a96d01ffa2cd45eb1d1d8dd5c5\windows-amd64\native-platform.dll
0x00007ffd947f0000 - 0x00007ffd94934000 	C:\Users\Royyan\.gradle\native\0d407fdbe67a94daf76414ababcb853783967236a71b16ec16e742cd7a986fd3\windows-amd64\native-platform-file-events.dll
0x00007ffe05bd0000 - 0x00007ffe05bda000 	C:\Program Files\Android\Android Studio\jre\bin\management.dll
0x00007ffe03e50000 - 0x00007ffe03e5d000 	C:\Program Files\Android\Android Studio\jre\bin\management_ext.dll
0x00007ffe0ba90000 - 0x00007ffe0baa8000 	C:\Windows\SYSTEM32\CRYPTSP.dll
0x00007ffe0b150000 - 0x00007ffe0b184000 	C:\Windows\system32\rsaenh.dll
0x00007ffe0c160000 - 0x00007ffe0c187000 	C:\Windows\System32\bcrypt.dll
0x00007ffe0bfb0000 - 0x00007ffe0bfde000 	C:\Windows\SYSTEM32\USERENV.dll
0x00007ffe0bab0000 - 0x00007ffe0babc000 	C:\Windows\SYSTEM32\CRYPTBASE.dll
0x00007ffe0b540000 - 0x00007ffe0b57c000 	C:\Windows\SYSTEM32\IPHLPAPI.DLL
0x00007ffe0e540000 - 0x00007ffe0e548000 	C:\Windows\System32\NSI.dll
0x00007ffdffd00000 - 0x00007ffdffd17000 	C:\Windows\SYSTEM32\dhcpcsvc6.DLL
0x00007ffe001b0000 - 0x00007ffe001cd000 	C:\Windows\SYSTEM32\dhcpcsvc.DLL
0x00007ffe0b590000 - 0x00007ffe0b65a000 	C:\Windows\SYSTEM32\DNSAPI.dll
0x00007ffe03540000 - 0x00007ffe0355e000 	C:\Users\Royyan\AppData\Local\Temp\native-platform18070163978630416456dir\native-platform.dll
0x00007ffe096f0000 - 0x00007ffe096f8000 	C:\Program Files\Android\Android Studio\jre\bin\rmi.dll
0x0000000070bc0000 - 0x0000000070c9c000 	C:\Users\Royyan\AppData\Local\Temp\sqlite-3.36.0-2c7a1b5c-e5ad-4e09-bd32-defc9495722e-sqlitejdbc.dll
0x00007ffdd13f0000 - 0x00007ffdd1417000 	C:\Program Files\Android\Android Studio\jre\bin\sunec.dll
0x0000000000d40000 - 0x0000000000e1c000 	C:\Users\Royyan\AppData\Local\Temp\sqlite-3.36.0-6b788070-1306-42b7-85f2-82f07cdae122-sqlitejdbc.dll

dbghelp: loaded successfully - version: 4.0.5 - missing functions: none
symbol engine: initialized successfully - sym options: 0x614 - pdb path: .;C:\Program Files\Android\Android Studio\jre\bin;C:\Windows\SYSTEM32;C:\Windows\WinSxS\amd64_microsoft.windows.common-controls_6595b64144ccf1df_6.0.19041.1110_none_60b5254171f9507e;C:\Program Files\Android\Android Studio\jre\bin\server;C:\Users\Royyan\.gradle\native\e1d6ef7f7dcc3fd88c89a11ec53ec762bb8ba0a96d01ffa2cd45eb1d1d8dd5c5\windows-amd64;C:\Users\Royyan\.gradle\native\0d407fdbe67a94daf76414ababcb853783967236a71b16ec16e742cd7a986fd3\windows-amd64;C:\Users\Royyan\AppData\Local\Temp\native-platform18070163978630416456dir;C:\Users\Royyan\AppData\Local\Temp

VM Arguments:
jvm_args: --add-opens=java.base/java.util=ALL-UNNAMED --add-opens=java.base/java.lang=ALL-UNNAMED --add-opens=java.base/java.lang.invoke=ALL-UNNAMED --add-opens=java.base/java.util=ALL-UNNAMED --add-opens=java.prefs/java.util.prefs=ALL-UNNAMED --add-opens=java.prefs/java.util.prefs=ALL-UNNAMED --add-opens=java.base/java.nio.charset=ALL-UNNAMED --add-opens=java.base/java.net=ALL-UNNAMED --add-opens=java.base/java.util.concurrent.atomic=ALL-UNNAMED -Xmx2048m -Dfile.encoding=UTF-8 -Duser.country=US -Duser.language=en -Duser.variant 
java_command: org.gradle.launcher.daemon.bootstrap.GradleDaemon 7.4
java_class_path (initial): C:\Users\Royyan\.gradle\wrapper\dists\gradle-7.4-bin\c0gwcg53nkjbqw7r0h0umtfvt\gradle-7.4\lib\gradle-launcher-7.4.jar
Launcher Type: SUN_STANDARD

[Global flags]
     intx CICompilerCount                          = 3                                         {product} {ergonomic}
     uint ConcGCThreads                            = 1                                         {product} {ergonomic}
     uint G1ConcRefinementThreads                  = 4                                         {product} {ergonomic}
   size_t G1HeapRegionSize                         = 1048576                                   {product} {ergonomic}
    uintx GCDrainStackTargetSize                   = 64                                        {product} {ergonomic}
   size_t InitialHeapSize                          = 201326592                                 {product} {ergonomic}
   size_t MarkStackSize                            = 4194304                                   {product} {ergonomic}
   size_t MaxHeapSize                              = 2147483648                                {product} {command line}
   size_t MaxNewSize                               = 1287651328                                {product} {ergonomic}
   size_t MinHeapDeltaBytes                        = 1048576                                   {product} {ergonomic}
    uintx NonNMethodCodeHeapSize                   = 5830732                                {pd product} {ergonomic}
    uintx NonProfiledCodeHeapSize                  = 122913754                              {pd product} {ergonomic}
    uintx ProfiledCodeHeapSize                     = 122913754                              {pd product} {ergonomic}
    uintx ReservedCodeCacheSize                    = 251658240                              {pd product} {ergonomic}
     bool SegmentedCodeCache                       = true                                      {product} {ergonomic}
     bool UseCompressedClassPointers               = true                                 {lp64_product} {ergonomic}
     bool UseCompressedOops                        = true                                 {lp64_product} {ergonomic}
     bool UseG1GC                                  = true                                      {product} {ergonomic}
     bool UseLargePagesIndividualAllocation        = false                                  {pd product} {ergonomic}

Logging:
Log output configuration:
 #0: stdout all=warning uptime,level,tags
 #1: stderr all=off uptime,level,tags

Environment Variables:
PATH=C:\Program Files (x86)\Common Files\Oracle\Java\javapath;C:\Windows\system32;C:\Windows;C:\Windows\System32\Wbem;C:\Windows\System32\WindowsPowerShell\v1.0\;C:\Windows\System32\OpenSSH\;C:\Program Files (x86)\Microsoft SQL Server\150\DTS\Binn\;C:\Program Files\Azure Data Studio\bin;C:\xampp\php;C:\ProgramData\ComposerSetup\bin;C:\Program Files\Microsoft SQL Server\Client SDK\ODBC\130\Tools\Binn\;C:\Program Files (x86)\Microsoft SQL Server\130\Tools\Binn\;C:\Program Files\Microsoft SQL Server\130\Tools\Binn\;C:\Program Files\Microsoft SQL Server\130\DTS\Binn\;C:\Program Files\Microsoft SQL Server\120\Tools\Binn\;C:\Program Files\Microsoft SQL Server Migration Assistant for MySQL\bin\;C:\Program Files\PuTTY\;C:\Program Files\nodejs\;C:\Program Files\TortoiseSVN\bin;C:\Windows\system32\config\systemprofile\.dnx\bin;C:\Program Files\Microsoft DNX\Dnvm\;C:\Program Files\Git\cmd;C:\Users\Royyan\AppData\Local\Programs\Python\Python38\Scripts\;C:\Users\Royyan\AppData\Local\Programs\Python\Python38\;C:\Users\Royyan\AppData\Local\Microsoft\WindowsApps;C:\Users\Royyan\AppData\Local\Programs\Microsoft VS Code\bin;C:\Program Files\Azure Data Studio\bin;C:\Users\Royyan\AppData\Roaming\Composer\vendor\bin;C:\Users\Royyan\AppData\Local\GitHubDesktop\bin;C:\Users\Royyan\AppData\Roaming\npm
USERNAME=Royyan
OS=Windows_NT
PROCESSOR_IDENTIFIER=Intel64 Family 6 Model 61 Stepping 4, GenuineIntel



---------------  S Y S T E M  ---------------

OS: Windows 10 , 64 bit Build 19041 (10.0.19041.3031)
OS uptime: 1 days 4:13 hours

CPU:total 4 (initial active 4) (2 cores per cpu, 2 threads per core) family 6 model 61 stepping 4 microcode 0x2d, cmov, cx8, fxsr, mmx, sse, sse2, sse3, ssse3, sse4.1, sse4.2, popcnt, avx, avx2, aes, clmul, erms, 3dnowpref, lzcnt, ht, tsc, tscinvbit, bmi1, bmi2, adx, fma

Memory: 4k page, system-wide physical 12207M (2079M free)
TotalPageFile size 17836M (AvailPageFile size 3111M)
current process WorkingSet (physical memory assigned to process): 649M, peak: 672M
current process commit charge ("private bytes"): 680M, peak: 702M

vm_info: OpenJDK 64-Bit Server VM (11.0.13+0-b1751.21-8125866) for windows-amd64 JRE (11.0.13+0-b1751.21-8125866), built on Feb  2 2022 03:00:22 by "builder" with MS VC++ 14.0 (VS2015)

END.
